<html>
<head>
<title>TestNG:  All Functionalities</title>
<link href="../testng.css" rel="stylesheet" type="text/css" />
<link href="../my-testng.css" rel="stylesheet" type="text/css" />

<style type="text/css">
.log { display: none;} 
.stack-trace { display: none;} 
</style>
<script type="text/javascript">
<!--
function flip(e) {
  current = e.style.display;
  if (current == 'block') {
    e.style.display = 'none';
    return 0;
  }
  else {
    e.style.display = 'block';
    return 1;
  }
}

function toggleBox(szDivId, elem, msg1, msg2)
{
  var res = -1;  if (document.getElementById) {
    res = flip(document.getElementById(szDivId));
  }
  else if (document.all) {
    // this is the way old msie versions work
    res = flip(document.all[szDivId]);
  }
  if(elem) {
    if(res == 0) elem.innerHTML = msg1; else elem.innerHTML = msg2;
  }

}

function toggleAllBoxes() {
  if (document.getElementsByTagName) {
    d = document.getElementsByTagName('div');
    for (i = 0; i < d.length; i++) {
      if (d[i].className == 'log') {
        flip(d[i]);
      }
    }
  }
}

// -->
</script>

</head>
<body>
<h2 align='center'>All Functionalities</h2><table border='1' align="center">
<tr>
<td>Tests passed/Failed/Skipped:</td><td>60/3/1</td>
</tr><tr>
<td>Started on:</td><td>Mon Jun 12 16:48:17 MDT 2023</td>
</tr>
<tr><td>Total time:</td><td>1101 seconds (1101585 ms)</td>
</tr><tr>
<td>Included groups:</td><td></td>
</tr><tr>
<td>Excluded groups:</td><td></td>
</tr>
</table><p/>
<small><i>(Hover the method name to see the test class name)</i></small><p/>
<table width='100%' border='1' class='invocation-failed'>
<tr><td colspan='4' align='center'><b>FAILED CONFIGURATIONS</b></td></tr>
<tr><td><b>Test method</b></td>
<td width="30%"><b>Exception</b></td>
<td width="10%"><b>Time (seconds)</b></td>
<td><b>Instance</b></td>
</tr>
<tr>
<td title='scripts._01_ProjectTest.setUp()'><b>setUp</b><br>Test class: scripts._01_ProjectTest</td>
<td><div><pre>org.openqa.selenium.SessionNotCreatedException: session not created
from no such execution context: uniqueContextId not found
  (Session info: chrome=114.0.5735.110)
Build info: version: &apos;3.141.59&apos;, revision: &apos;e82be7d358&apos;, time: &apos;2018-11-14T08:17:03&apos;
System info: host: &apos;LAPTOP-CF98PN2R&apos;, ip: &apos;192.168.1.70&apos;, os.name: &apos;Windows 11&apos;, os.arch: &apos;amd64&apos;, os.version: &apos;10.0&apos;, java.version: &apos;1.8.0_361&apos;
Driver info: driver.version: Driver
remote stacktrace: Backtrace:
	GetHandleVerifier [0x006EA813+48355]
	(No symbol) [0x0067C4B1]
	(No symbol) [0x00585358]
	(No symbol) [0x005789B0]
	(No symbol) [0x00577138]
	(No symbol) [0x005777AA]
	(No symbol) [0x00588417]
	(No symbol) [0x005899E1]
	(No symbol) [0x00589A80]
	(No symbol) [0x005D1F1B]
	(No symbol) [0x005D093C]
	(No symbol) [0x005CA536]
	(No symbol) [0x005A82DC]
	(No symbol) [0x005A93DD]
	GetHandleVerifier [0x0094AABD+2539405]
	GetHandleVerifier [0x0098A78F+2800735]
	GetHandleVerifier [0x0098456C+2775612]
	GetHandleVerifier [0x007751E0+616112]
	(No symbol) [0x00685F8C]
	(No symbol) [0x00682328]
	(No symbol) [0x0068240B]
	(No symbol) [0x00674FF7]
	BaseThreadInitThunk [0x77337D59+25]
	RtlInitializeExceptionChain [0x77D2B74B+107]
	RtlClearBits [0x77D2B6CF+191]

	at sun.reflect.NativeConstructorAccessorImpl.newInstance0(Native Method)
	at sun.reflect.NativeConstructorAccessorImpl.newInstance(NativeConstructorAccessorImpl.java:62)
	at sun.reflect.DelegatingConstructorAccessorImpl.newInstance(DelegatingConstructorAccessorImpl.java:45)
	at java.lang.reflect.Constructor.newInstance(Constructor.java:423)
	at org.openqa.selenium.remote.W3CHandshakeResponse.lambda$errorHandler$0(W3CHandshakeResponse.java:62)
	at org.openqa.selenium.remote.HandshakeResponse.lambda$getResponseFunction$0(HandshakeResponse.java:30)
	at org.openqa.selenium.remote.ProtocolHandshake.lambda$createSession$0(ProtocolHandshake.java:126)
	at java.util.stream.ReferencePipeline$3$1.accept(ReferencePipeline.java:193)
	at java.util.Spliterators$ArraySpliterator.tryAdvance(Spliterators.java:958)
	at java.util.stream.ReferencePipeline.forEachWithCancel(ReferencePipeline.java:126)
	at java.util.stream.AbstractPipeline.copyIntoWithCancel(AbstractPipeline.java:499)
	at java.util.stream.AbstractPipeline.copyInto(AbstractPipeline.java:486)
	at java.util.stream.AbstractPipeline.wrapAndCopyInto(AbstractPipeline.java:472)
	at java.util.stream.FindOps$FindOp.evaluateSequential(FindOps.java:152)
	at java.util.stream.AbstractPipeline.evaluate(AbstractPipeline.java:234)
	at java.util.stream.ReferencePipeline.findFirst(ReferencePipeline.java:464)
	at org.openqa.selenium.remote.ProtocolHandshake.createSession(ProtocolHandshake.java:128)
	at org.openqa.selenium.remote.ProtocolHandshake.createSession(ProtocolHandshake.java:74)
	at org.openqa.selenium.remote.HttpCommandExecutor.execute(HttpCommandExecutor.java:136)
	at org.openqa.selenium.remote.service.DriverCommandExecutor.execute(DriverCommandExecutor.java:83)
	at org.openqa.selenium.remote.RemoteWebDriver.execute(RemoteWebDriver.java:552)
	at org.openqa.selenium.remote.RemoteWebDriver.startSession(RemoteWebDriver.java:213)
	at org.openqa.selenium.remote.RemoteWebDriver.&lt;init&gt;(RemoteWebDriver.java:131)
	at org.openqa.selenium.chrome.ChromeDriver.&lt;init&gt;(ChromeDriver.java:181)
	at org.openqa.selenium.chrome.ChromeDriver.&lt;init&gt;(ChromeDriver.java:168)
	at org.openqa.selenium.chrome.ChromeDriver.&lt;init&gt;(ChromeDriver.java:123)
	at utils.Driver.getDriver(Driver.java:24)
	at scripts.Base.setUp(Base.java:23)
	at sun.reflect.GeneratedMethodAccessor1.invoke(Unknown Source)
	at sun.reflect.DelegatingMethodAccessorImpl.invoke(DelegatingMethodAccessorImpl.java:43)
	at java.lang.reflect.Method.invoke(Method.java:498)
	at org.testng.internal.MethodInvocationHelper.invokeMethod(MethodInvocationHelper.java:134)
	at org.testng.internal.MethodInvocationHelper.invokeMethodConsideringTimeout(MethodInvocationHelper.java:63)
	at org.testng.internal.ConfigInvoker.invokeConfigurationMethod(ConfigInvoker.java:348)
	at org.testng.internal.ConfigInvoker.invokeConfigurations(ConfigInvoker.java:302)
	at org.testng.internal.TestInvoker.runConfigMethods(TestInvoker.java:695)
	at org.testng.internal.TestInvoker.invokeMethod(TestInvoker.java:523)
	at org.testng.internal.TestInvoker.invokeTestMethod(TestInvoker.java:173)
	at org.testng.internal.MethodRunner.runInSequence(MethodRunner.java:46)
	at org.testng.internal.TestInvoker$MethodInvocationAgent.invoke(TestInvoker.java:816)
	at org.testng.internal.TestInvoker.invokeTestMethods(TestInvoker.java:146)
	at org.testng.internal.TestMethodWorker.invokeTestMethods(TestMethodWorker.java:146)
	at org.testng.internal.TestMethodWorker.run(TestMethodWorker.java:128)
	at java.util.ArrayList.forEach(ArrayList.java:1259)
	at org.testng.TestRunner.privateRun(TestRunner.java:766)
	at org.testng.TestRunner.run(TestRunner.java:587)
	at org.testng.SuiteRunner.runTest(SuiteRunner.java:384)
	at org.testng.SuiteRunner.runSequentially(SuiteRunner.java:378)
	at org.testng.SuiteRunner.privateRun(SuiteRunner.java:337)
	at org.testng.SuiteRunner.run(SuiteRunner.java:286)
	at org.testng.SuiteRunnerWorker.runSuite(SuiteRunnerWorker.java:53)
	at org.testng.SuiteRunnerWorker.run(SuiteRunnerWorker.java:96)
	at org.testng.TestNG.runSuitesSequentially(TestNG.java:1187)
	at org.testng.TestNG.runSuitesLocally(TestNG.java:1109)
	at org.testng.TestNG.runSuites(TestNG.java:1039)
	at org.testng.TestNG.run(TestNG.java:1007)
	at org.apache.maven.surefire.testng.TestNGExecutor.run(TestNGExecutor.java:281)
	at org.apache.maven.surefire.testng.TestNGXmlTestSuite.execute(TestNGXmlTestSuite.java:75)
	at org.apache.maven.surefire.testng.TestNGProvider.invoke(TestNGProvider.java:121)
	at org.apache.maven.surefire.booter.ForkedBooter.invokeProviderInSameClassLoader(ForkedBooter.java:290)
	at org.apache.maven.surefire.booter.ForkedBooter.runSuitesInProcess(ForkedBooter.java:242)
	at org.apache.maven.surefire.booter.ForkedBooter.main(ForkedBooter.java:121)
</pre></div><a href='#' onClick='toggleBox("stack-trace215911532", this, "Click to show all stack frames", "Click to hide stack frames")'>Click to show all stack frames</a>
<div class='stack-trace' id='stack-trace215911532'><pre>org.openqa.selenium.SessionNotCreatedException: session not created
from no such execution context: uniqueContextId not found
  (Session info: chrome=114.0.5735.110)
Build info: version: &apos;3.141.59&apos;, revision: &apos;e82be7d358&apos;, time: &apos;2018-11-14T08:17:03&apos;
System info: host: &apos;LAPTOP-CF98PN2R&apos;, ip: &apos;192.168.1.70&apos;, os.name: &apos;Windows 11&apos;, os.arch: &apos;amd64&apos;, os.version: &apos;10.0&apos;, java.version: &apos;1.8.0_361&apos;
Driver info: driver.version: Driver
remote stacktrace: Backtrace:
	GetHandleVerifier [0x006EA813+48355]
	(No symbol) [0x0067C4B1]
	(No symbol) [0x00585358]
	(No symbol) [0x005789B0]
	(No symbol) [0x00577138]
	(No symbol) [0x005777AA]
	(No symbol) [0x00588417]
	(No symbol) [0x005899E1]
	(No symbol) [0x00589A80]
	(No symbol) [0x005D1F1B]
	(No symbol) [0x005D093C]
	(No symbol) [0x005CA536]
	(No symbol) [0x005A82DC]
	(No symbol) [0x005A93DD]
	GetHandleVerifier [0x0094AABD+2539405]
	GetHandleVerifier [0x0098A78F+2800735]
	GetHandleVerifier [0x0098456C+2775612]
	GetHandleVerifier [0x007751E0+616112]
	(No symbol) [0x00685F8C]
	(No symbol) [0x00682328]
	(No symbol) [0x0068240B]
	(No symbol) [0x00674FF7]
	BaseThreadInitThunk [0x77337D59+25]
	RtlInitializeExceptionChain [0x77D2B74B+107]
	RtlClearBits [0x77D2B6CF+191]

	at sun.reflect.NativeConstructorAccessorImpl.newInstance0(Native Method)
	at sun.reflect.NativeConstructorAccessorImpl.newInstance(NativeConstructorAccessorImpl.java:62)
	at sun.reflect.DelegatingConstructorAccessorImpl.newInstance(DelegatingConstructorAccessorImpl.java:45)
	at java.lang.reflect.Constructor.newInstance(Constructor.java:423)
	at org.openqa.selenium.remote.W3CHandshakeResponse.lambda$errorHandler$0(W3CHandshakeResponse.java:62)
	at org.openqa.selenium.remote.HandshakeResponse.lambda$getResponseFunction$0(HandshakeResponse.java:30)
	at org.openqa.selenium.remote.ProtocolHandshake.lambda$createSession$0(ProtocolHandshake.java:126)
	at java.util.stream.ReferencePipeline$3$1.accept(ReferencePipeline.java:193)
	at java.util.Spliterators$ArraySpliterator.tryAdvance(Spliterators.java:958)
	at java.util.stream.ReferencePipeline.forEachWithCancel(ReferencePipeline.java:126)
	at java.util.stream.AbstractPipeline.copyIntoWithCancel(AbstractPipeline.java:499)
	at java.util.stream.AbstractPipeline.copyInto(AbstractPipeline.java:486)
	at java.util.stream.AbstractPipeline.wrapAndCopyInto(AbstractPipeline.java:472)
	at java.util.stream.FindOps$FindOp.evaluateSequential(FindOps.java:152)
	at java.util.stream.AbstractPipeline.evaluate(AbstractPipeline.java:234)
	at java.util.stream.ReferencePipeline.findFirst(ReferencePipeline.java:464)
	at org.openqa.selenium.remote.ProtocolHandshake.createSession(ProtocolHandshake.java:128)
	at org.openqa.selenium.remote.ProtocolHandshake.createSession(ProtocolHandshake.java:74)
	at org.openqa.selenium.remote.HttpCommandExecutor.execute(HttpCommandExecutor.java:136)
	at org.openqa.selenium.remote.service.DriverCommandExecutor.execute(DriverCommandExecutor.java:83)
	at org.openqa.selenium.remote.RemoteWebDriver.execute(RemoteWebDriver.java:552)
	at org.openqa.selenium.remote.RemoteWebDriver.startSession(RemoteWebDriver.java:213)
	at org.openqa.selenium.remote.RemoteWebDriver.&lt;init&gt;(RemoteWebDriver.java:131)
	at org.openqa.selenium.chrome.ChromeDriver.&lt;init&gt;(ChromeDriver.java:181)
	at org.openqa.selenium.chrome.ChromeDriver.&lt;init&gt;(ChromeDriver.java:168)
	at org.openqa.selenium.chrome.ChromeDriver.&lt;init&gt;(ChromeDriver.java:123)
	at utils.Driver.getDriver(Driver.java:24)
	at scripts.Base.setUp(Base.java:23)
	at sun.reflect.GeneratedMethodAccessor1.invoke(Unknown Source)
	at sun.reflect.DelegatingMethodAccessorImpl.invoke(DelegatingMethodAccessorImpl.java:43)
	at java.lang.reflect.Method.invoke(Method.java:498)
	at org.testng.internal.MethodInvocationHelper.invokeMethod(MethodInvocationHelper.java:134)
	at org.testng.internal.MethodInvocationHelper.invokeMethodConsideringTimeout(MethodInvocationHelper.java:63)
	at org.testng.internal.ConfigInvoker.invokeConfigurationMethod(ConfigInvoker.java:348)
	at org.testng.internal.ConfigInvoker.invokeConfigurations(ConfigInvoker.java:302)
	at org.testng.internal.TestInvoker.runConfigMethods(TestInvoker.java:695)
	at org.testng.internal.TestInvoker.invokeMethod(TestInvoker.java:523)
	at org.testng.internal.TestInvoker.invokeTestMethod(TestInvoker.java:173)
	at org.testng.internal.MethodRunner.runInSequence(MethodRunner.java:46)
	at org.testng.internal.TestInvoker$MethodInvocationAgent.invoke(TestInvoker.java:816)
	at org.testng.internal.TestInvoker.invokeTestMethods(TestInvoker.java:146)
	at org.testng.internal.TestMethodWorker.invokeTestMethods(TestMethodWorker.java:146)
	at org.testng.internal.TestMethodWorker.run(TestMethodWorker.java:128)
	at java.util.ArrayList.forEach(ArrayList.java:1259)
	at org.testng.TestRunner.privateRun(TestRunner.java:766)
	at org.testng.TestRunner.run(TestRunner.java:587)
	at org.testng.SuiteRunner.runTest(SuiteRunner.java:384)
	at org.testng.SuiteRunner.runSequentially(SuiteRunner.java:378)
	at org.testng.SuiteRunner.privateRun(SuiteRunner.java:337)
	at org.testng.SuiteRunner.run(SuiteRunner.java:286)
	at org.testng.SuiteRunnerWorker.runSuite(SuiteRunnerWorker.java:53)
	at org.testng.SuiteRunnerWorker.run(SuiteRunnerWorker.java:96)
	at org.testng.TestNG.runSuitesSequentially(TestNG.java:1187)
	at org.testng.TestNG.runSuitesLocally(TestNG.java:1109)
	at org.testng.TestNG.runSuites(TestNG.java:1039)
	at org.testng.TestNG.run(TestNG.java:1007)
	at org.apache.maven.surefire.testng.TestNGExecutor.run(TestNGExecutor.java:281)
	at org.apache.maven.surefire.testng.TestNGXmlTestSuite.execute(TestNGXmlTestSuite.java:75)
	at org.apache.maven.surefire.testng.TestNGProvider.invoke(TestNGProvider.java:121)
	at org.apache.maven.surefire.booter.ForkedBooter.invokeProviderInSameClassLoader(ForkedBooter.java:290)
	at org.apache.maven.surefire.booter.ForkedBooter.runSuitesInProcess(ForkedBooter.java:242)
	at org.apache.maven.surefire.booter.ForkedBooter.main(ForkedBooter.java:121)
</pre></div></td>
<td>1</td>
<td>scripts._01_ProjectTest@3327bd23</td></tr>
</table><p>
<table width='100%' border='1' class='invocation-skipped'>
<tr><td colspan='4' align='center'><b>SKIPPED CONFIGURATIONS</b></td></tr>
<tr><td><b>Test method</b></td>
<td width="30%"><b>Exception</b></td>
<td width="10%"><b>Time (seconds)</b></td>
<td><b>Instance</b></td>
</tr>
<tr>
<td title='scripts._01_ProjectTest.setPage()'><b>setPage</b><br>Test class: scripts._01_ProjectTest</td>
<td></td>
<td>-1686610892</td>
<td>scripts._01_ProjectTest@3327bd23</td></tr>
<tr>
<td title='scripts._01_ProjectTest.tearDown()'><b>tearDown</b><br>Test class: scripts._01_ProjectTest</td>
<td></td>
<td>-1686610892</td>
<td>scripts._01_ProjectTest@3327bd23</td></tr>
</table><p>
<table width='100%' border='1' class='invocation-failed'>
<tr><td colspan='4' align='center'><b>FAILED TESTS</b></td></tr>
<tr><td><b>Test method</b></td>
<td width="30%"><b>Exception</b></td>
<td width="10%"><b>Time (seconds)</b></td>
<td><b>Instance</b></td>
</tr>
<tr>
<td title='scripts._15_TGFileUpload.basicFileUpload()'><b>basicFileUpload</b><br>Test class: scripts._15_TGFileUpload</td>
<td><div><pre>org.openqa.selenium.InvalidArgumentException: invalid argument: File not found : /Users/buraksimsek/IdeaProjects/ui_automation_6/hello.txt
  (Session info: chrome=114.0.5735.110)
Build info: version: &apos;3.141.59&apos;, revision: &apos;e82be7d358&apos;, time: &apos;2018-11-14T08:17:03&apos;
System info: host: &apos;LAPTOP-CF98PN2R&apos;, ip: &apos;192.168.1.70&apos;, os.name: &apos;Windows 11&apos;, os.arch: &apos;amd64&apos;, os.version: &apos;10.0&apos;, java.version: &apos;1.8.0_361&apos;
Driver info: org.openqa.selenium.chrome.ChromeDriver
Capabilities {acceptInsecureCerts: false, browserName: chrome, browserVersion: 114.0.5735.110, chrome: {chromedriverVersion: 114.0.5735.90 (386bc09e8f4f..., userDataDir: C:\Users\CIHANA~1\AppData\L...}, goog:chromeOptions: {debuggerAddress: localhost:58155}, javascriptEnabled: true, networkConnectionEnabled: false, pageLoadStrategy: normal, platform: WINDOWS, platformName: WINDOWS, proxy: Proxy(), setWindowRect: true, strictFileInteractability: false, timeouts: {implicit: 0, pageLoad: 300000, script: 30000}, unhandledPromptBehavior: dismiss and notify, webauthn:extension:credBlob: true, webauthn:extension:largeBlob: true, webauthn:extension:minPinLength: true, webauthn:extension:prf: true, webauthn:virtualAuthenticators: true}
Session ID: 22b8ad24d1f638f8cea7d13c34e2b165
	at sun.reflect.NativeConstructorAccessorImpl.newInstance0(Native Method)
	at sun.reflect.NativeConstructorAccessorImpl.newInstance(NativeConstructorAccessorImpl.java:62)
	at sun.reflect.DelegatingConstructorAccessorImpl.newInstance(DelegatingConstructorAccessorImpl.java:45)
	at java.lang.reflect.Constructor.newInstance(Constructor.java:423)
	at org.openqa.selenium.remote.http.W3CHttpResponseCodec.createException(W3CHttpResponseCodec.java:187)
	at org.openqa.selenium.remote.http.W3CHttpResponseCodec.decode(W3CHttpResponseCodec.java:122)
	at org.openqa.selenium.remote.http.W3CHttpResponseCodec.decode(W3CHttpResponseCodec.java:49)
	at org.openqa.selenium.remote.HttpCommandExecutor.execute(HttpCommandExecutor.java:158)
	at org.openqa.selenium.remote.service.DriverCommandExecutor.execute(DriverCommandExecutor.java:83)
	at org.openqa.selenium.remote.RemoteWebDriver.execute(RemoteWebDriver.java:552)
	at org.openqa.selenium.remote.RemoteWebElement.execute(RemoteWebElement.java:285)
	at org.openqa.selenium.remote.RemoteWebElement.sendKeys(RemoteWebElement.java:106)
	at scripts._15_TGFileUpload.basicFileUpload(_15_TGFileUpload.java:36)
	at sun.reflect.NativeMethodAccessorImpl.invoke0(Native Method)
	at sun.reflect.NativeMethodAccessorImpl.invoke(NativeMethodAccessorImpl.java:62)
	at sun.reflect.DelegatingMethodAccessorImpl.invoke(DelegatingMethodAccessorImpl.java:43)
	at java.lang.reflect.Method.invoke(Method.java:498)
	at org.testng.internal.MethodInvocationHelper.invokeMethod(MethodInvocationHelper.java:134)
	at org.testng.internal.TestInvoker.invokeMethod(TestInvoker.java:597)
	at org.testng.internal.TestInvoker.invokeTestMethod(TestInvoker.java:173)
	at org.testng.internal.MethodRunner.runInSequence(MethodRunner.java:46)
	at org.testng.internal.TestInvoker$MethodInvocationAgent.invoke(TestInvoker.java:816)
	at org.testng.internal.TestInvoker.invokeTestMethods(TestInvoker.java:146)
	at org.testng.internal.TestMethodWorker.invokeTestMethods(TestMethodWorker.java:146)
	at org.testng.internal.TestMethodWorker.run(TestMethodWorker.java:128)
	at java.util.ArrayList.forEach(ArrayList.java:1259)
	at org.testng.TestRunner.privateRun(TestRunner.java:766)
	at org.testng.TestRunner.run(TestRunner.java:587)
	at org.testng.SuiteRunner.runTest(SuiteRunner.java:384)
	at org.testng.SuiteRunner.runSequentially(SuiteRunner.java:378)
	at org.testng.SuiteRunner.privateRun(SuiteRunner.java:337)
	at org.testng.SuiteRunner.run(SuiteRunner.java:286)
	at org.testng.SuiteRunnerWorker.runSuite(SuiteRunnerWorker.java:53)
	at org.testng.SuiteRunnerWorker.run(SuiteRunnerWorker.java:96)
	at org.testng.TestNG.runSuitesSequentially(TestNG.java:1187)
	at org.testng.TestNG.runSuitesLocally(TestNG.java:1109)
	at org.testng.TestNG.runSuites(TestNG.java:1039)
	at org.testng.TestNG.run(TestNG.java:1007)
	at org.apache.maven.surefire.testng.TestNGExecutor.run(TestNGExecutor.java:281)
	at org.apache.maven.surefire.testng.TestNGXmlTestSuite.execute(TestNGXmlTestSuite.java:75)
	at org.apache.maven.surefire.testng.TestNGProvider.invoke(TestNGProvider.java:121)
	at org.apache.maven.surefire.booter.ForkedBooter.invokeProviderInSameClassLoader(ForkedBooter.java:290)
	at org.apache.maven.surefire.booter.ForkedBooter.runSuitesInProcess(ForkedBooter.java:242)
	at org.apache.maven.surefire.booter.ForkedBooter.main(ForkedBooter.java:121)
</pre></div><a href='#' onClick='toggleBox("stack-trace208821754", this, "Click to show all stack frames", "Click to hide stack frames")'>Click to show all stack frames</a>
<div class='stack-trace' id='stack-trace208821754'><pre>org.openqa.selenium.InvalidArgumentException: invalid argument: File not found : /Users/buraksimsek/IdeaProjects/ui_automation_6/hello.txt
  (Session info: chrome=114.0.5735.110)
Build info: version: &apos;3.141.59&apos;, revision: &apos;e82be7d358&apos;, time: &apos;2018-11-14T08:17:03&apos;
System info: host: &apos;LAPTOP-CF98PN2R&apos;, ip: &apos;192.168.1.70&apos;, os.name: &apos;Windows 11&apos;, os.arch: &apos;amd64&apos;, os.version: &apos;10.0&apos;, java.version: &apos;1.8.0_361&apos;
Driver info: org.openqa.selenium.chrome.ChromeDriver
Capabilities {acceptInsecureCerts: false, browserName: chrome, browserVersion: 114.0.5735.110, chrome: {chromedriverVersion: 114.0.5735.90 (386bc09e8f4f..., userDataDir: C:\Users\CIHANA~1\AppData\L...}, goog:chromeOptions: {debuggerAddress: localhost:58155}, javascriptEnabled: true, networkConnectionEnabled: false, pageLoadStrategy: normal, platform: WINDOWS, platformName: WINDOWS, proxy: Proxy(), setWindowRect: true, strictFileInteractability: false, timeouts: {implicit: 0, pageLoad: 300000, script: 30000}, unhandledPromptBehavior: dismiss and notify, webauthn:extension:credBlob: true, webauthn:extension:largeBlob: true, webauthn:extension:minPinLength: true, webauthn:extension:prf: true, webauthn:virtualAuthenticators: true}
Session ID: 22b8ad24d1f638f8cea7d13c34e2b165
	at sun.reflect.NativeConstructorAccessorImpl.newInstance0(Native Method)
	at sun.reflect.NativeConstructorAccessorImpl.newInstance(NativeConstructorAccessorImpl.java:62)
	at sun.reflect.DelegatingConstructorAccessorImpl.newInstance(DelegatingConstructorAccessorImpl.java:45)
	at java.lang.reflect.Constructor.newInstance(Constructor.java:423)
	at org.openqa.selenium.remote.http.W3CHttpResponseCodec.createException(W3CHttpResponseCodec.java:187)
	at org.openqa.selenium.remote.http.W3CHttpResponseCodec.decode(W3CHttpResponseCodec.java:122)
	at org.openqa.selenium.remote.http.W3CHttpResponseCodec.decode(W3CHttpResponseCodec.java:49)
	at org.openqa.selenium.remote.HttpCommandExecutor.execute(HttpCommandExecutor.java:158)
	at org.openqa.selenium.remote.service.DriverCommandExecutor.execute(DriverCommandExecutor.java:83)
	at org.openqa.selenium.remote.RemoteWebDriver.execute(RemoteWebDriver.java:552)
	at org.openqa.selenium.remote.RemoteWebElement.execute(RemoteWebElement.java:285)
	at org.openqa.selenium.remote.RemoteWebElement.sendKeys(RemoteWebElement.java:106)
	at scripts._15_TGFileUpload.basicFileUpload(_15_TGFileUpload.java:36)
	at sun.reflect.NativeMethodAccessorImpl.invoke0(Native Method)
	at sun.reflect.NativeMethodAccessorImpl.invoke(NativeMethodAccessorImpl.java:62)
	at sun.reflect.DelegatingMethodAccessorImpl.invoke(DelegatingMethodAccessorImpl.java:43)
	at java.lang.reflect.Method.invoke(Method.java:498)
	at org.testng.internal.MethodInvocationHelper.invokeMethod(MethodInvocationHelper.java:134)
	at org.testng.internal.TestInvoker.invokeMethod(TestInvoker.java:597)
	at org.testng.internal.TestInvoker.invokeTestMethod(TestInvoker.java:173)
	at org.testng.internal.MethodRunner.runInSequence(MethodRunner.java:46)
	at org.testng.internal.TestInvoker$MethodInvocationAgent.invoke(TestInvoker.java:816)
	at org.testng.internal.TestInvoker.invokeTestMethods(TestInvoker.java:146)
	at org.testng.internal.TestMethodWorker.invokeTestMethods(TestMethodWorker.java:146)
	at org.testng.internal.TestMethodWorker.run(TestMethodWorker.java:128)
	at java.util.ArrayList.forEach(ArrayList.java:1259)
	at org.testng.TestRunner.privateRun(TestRunner.java:766)
	at org.testng.TestRunner.run(TestRunner.java:587)
	at org.testng.SuiteRunner.runTest(SuiteRunner.java:384)
	at org.testng.SuiteRunner.runSequentially(SuiteRunner.java:378)
	at org.testng.SuiteRunner.privateRun(SuiteRunner.java:337)
	at org.testng.SuiteRunner.run(SuiteRunner.java:286)
	at org.testng.SuiteRunnerWorker.runSuite(SuiteRunnerWorker.java:53)
	at org.testng.SuiteRunnerWorker.run(SuiteRunnerWorker.java:96)
	at org.testng.TestNG.runSuitesSequentially(TestNG.java:1187)
	at org.testng.TestNG.runSuitesLocally(TestNG.java:1109)
	at org.testng.TestNG.runSuites(TestNG.java:1039)
	at org.testng.TestNG.run(TestNG.java:1007)
	at org.apache.maven.surefire.testng.TestNGExecutor.run(TestNGExecutor.java:281)
	at org.apache.maven.surefire.testng.TestNGXmlTestSuite.execute(TestNGXmlTestSuite.java:75)
	at org.apache.maven.surefire.testng.TestNGProvider.invoke(TestNGProvider.java:121)
	at org.apache.maven.surefire.booter.ForkedBooter.invokeProviderInSameClassLoader(ForkedBooter.java:290)
	at org.apache.maven.surefire.booter.ForkedBooter.runSuitesInProcess(ForkedBooter.java:242)
	at org.apache.maven.surefire.booter.ForkedBooter.main(ForkedBooter.java:121)
</pre></div></td>
<td>0</td>
<td>scripts._15_TGFileUpload@5abca1e0</td></tr>
<tr>
<td title='scripts._01_ProjectTest.validateContactUsInfo()'><b>validateContactUsInfo</b><br>Test class: scripts._01_ProjectTest</td>
<td><div><pre>java.lang.AssertionError: expected [2860 S River Rd Suite 480, Des Plaines IL 60018] but found [2860 S River Rd Suite 480, Des Plaines, IL 60018]
	at org.testng.Assert.fail(Assert.java:97)
	at org.testng.Assert.assertEqualsImpl(Assert.java:136)
	at org.testng.Assert.assertEquals(Assert.java:118)
	at org.testng.Assert.assertEquals(Assert.java:575)
	at org.testng.Assert.assertEquals(Assert.java:585)
	at scripts._01_ProjectTest.validateContactUsInfo(_01_ProjectTest.java:37)
	at sun.reflect.NativeMethodAccessorImpl.invoke0(Native Method)
	at sun.reflect.NativeMethodAccessorImpl.invoke(NativeMethodAccessorImpl.java:62)
	at sun.reflect.DelegatingMethodAccessorImpl.invoke(DelegatingMethodAccessorImpl.java:43)
	at java.lang.reflect.Method.invoke(Method.java:498)
	at org.testng.internal.MethodInvocationHelper.invokeMethod(MethodInvocationHelper.java:134)
	at org.testng.internal.TestInvoker.invokeMethod(TestInvoker.java:597)
	at org.testng.internal.TestInvoker.invokeTestMethod(TestInvoker.java:173)
	at org.testng.internal.MethodRunner.runInSequence(MethodRunner.java:46)
	at org.testng.internal.TestInvoker$MethodInvocationAgent.invoke(TestInvoker.java:816)
	at org.testng.internal.TestInvoker.invokeTestMethods(TestInvoker.java:146)
	at org.testng.internal.TestMethodWorker.invokeTestMethods(TestMethodWorker.java:146)
	at org.testng.internal.TestMethodWorker.run(TestMethodWorker.java:128)
	at java.util.ArrayList.forEach(ArrayList.java:1259)
	at org.testng.TestRunner.privateRun(TestRunner.java:766)
	at org.testng.TestRunner.run(TestRunner.java:587)
	at org.testng.SuiteRunner.runTest(SuiteRunner.java:384)
	at org.testng.SuiteRunner.runSequentially(SuiteRunner.java:378)
	at org.testng.SuiteRunner.privateRun(SuiteRunner.java:337)
	at org.testng.SuiteRunner.run(SuiteRunner.java:286)
	at org.testng.SuiteRunnerWorker.runSuite(SuiteRunnerWorker.java:53)
	at org.testng.SuiteRunnerWorker.run(SuiteRunnerWorker.java:96)
	at org.testng.TestNG.runSuitesSequentially(TestNG.java:1187)
	at org.testng.TestNG.runSuitesLocally(TestNG.java:1109)
	at org.testng.TestNG.runSuites(TestNG.java:1039)
	at org.testng.TestNG.run(TestNG.java:1007)
	at org.apache.maven.surefire.testng.TestNGExecutor.run(TestNGExecutor.java:281)
	at org.apache.maven.surefire.testng.TestNGXmlTestSuite.execute(TestNGXmlTestSuite.java:75)
	at org.apache.maven.surefire.testng.TestNGProvider.invoke(TestNGProvider.java:121)
	at org.apache.maven.surefire.booter.ForkedBooter.invokeProviderInSameClassLoader(ForkedBooter.java:290)
	at org.apache.maven.surefire.booter.ForkedBooter.runSuitesInProcess(ForkedBooter.java:242)
	at org.apache.maven.surefire.booter.ForkedBooter.main(ForkedBooter.java:121)
</pre></div><a href='#' onClick='toggleBox("stack-trace1385966234", this, "Click to show all stack frames", "Click to hide stack frames")'>Click to show all stack frames</a>
<div class='stack-trace' id='stack-trace1385966234'><pre>java.lang.AssertionError: expected [2860 S River Rd Suite 480, Des Plaines IL 60018] but found [2860 S River Rd Suite 480, Des Plaines, IL 60018]
	at org.testng.Assert.fail(Assert.java:97)
	at org.testng.Assert.assertEqualsImpl(Assert.java:136)
	at org.testng.Assert.assertEquals(Assert.java:118)
	at org.testng.Assert.assertEquals(Assert.java:575)
	at org.testng.Assert.assertEquals(Assert.java:585)
	at scripts._01_ProjectTest.validateContactUsInfo(_01_ProjectTest.java:37)
	at sun.reflect.NativeMethodAccessorImpl.invoke0(Native Method)
	at sun.reflect.NativeMethodAccessorImpl.invoke(NativeMethodAccessorImpl.java:62)
	at sun.reflect.DelegatingMethodAccessorImpl.invoke(DelegatingMethodAccessorImpl.java:43)
	at java.lang.reflect.Method.invoke(Method.java:498)
	at org.testng.internal.MethodInvocationHelper.invokeMethod(MethodInvocationHelper.java:134)
	at org.testng.internal.TestInvoker.invokeMethod(TestInvoker.java:597)
	at org.testng.internal.TestInvoker.invokeTestMethod(TestInvoker.java:173)
	at org.testng.internal.MethodRunner.runInSequence(MethodRunner.java:46)
	at org.testng.internal.TestInvoker$MethodInvocationAgent.invoke(TestInvoker.java:816)
	at org.testng.internal.TestInvoker.invokeTestMethods(TestInvoker.java:146)
	at org.testng.internal.TestMethodWorker.invokeTestMethods(TestMethodWorker.java:146)
	at org.testng.internal.TestMethodWorker.run(TestMethodWorker.java:128)
	at java.util.ArrayList.forEach(ArrayList.java:1259)
	at org.testng.TestRunner.privateRun(TestRunner.java:766)
	at org.testng.TestRunner.run(TestRunner.java:587)
	at org.testng.SuiteRunner.runTest(SuiteRunner.java:384)
	at org.testng.SuiteRunner.runSequentially(SuiteRunner.java:378)
	at org.testng.SuiteRunner.privateRun(SuiteRunner.java:337)
	at org.testng.SuiteRunner.run(SuiteRunner.java:286)
	at org.testng.SuiteRunnerWorker.runSuite(SuiteRunnerWorker.java:53)
	at org.testng.SuiteRunnerWorker.run(SuiteRunnerWorker.java:96)
	at org.testng.TestNG.runSuitesSequentially(TestNG.java:1187)
	at org.testng.TestNG.runSuitesLocally(TestNG.java:1109)
	at org.testng.TestNG.runSuites(TestNG.java:1039)
	at org.testng.TestNG.run(TestNG.java:1007)
	at org.apache.maven.surefire.testng.TestNGExecutor.run(TestNGExecutor.java:281)
	at org.apache.maven.surefire.testng.TestNGXmlTestSuite.execute(TestNGXmlTestSuite.java:75)
	at org.apache.maven.surefire.testng.TestNGProvider.invoke(TestNGProvider.java:121)
	at org.apache.maven.surefire.booter.ForkedBooter.invokeProviderInSameClassLoader(ForkedBooter.java:290)
	at org.apache.maven.surefire.booter.ForkedBooter.runSuitesInProcess(ForkedBooter.java:242)
	at org.apache.maven.surefire.booter.ForkedBooter.main(ForkedBooter.java:121)
</pre></div></td>
<td>0</td>
<td>scripts._01_ProjectTest@3327bd23</td></tr>
<tr>
<td title='scripts._08_TGWaitsTest.waitForBlueBox()'><b>waitForBlueBox</b><br>Test class: scripts._08_TGWaitsTest</td>
<td><div><pre>org.openqa.selenium.NoSuchElementException: no such element: Unable to locate element: {&quot;method&quot;:&quot;css selector&quot;,&quot;selector&quot;:&quot;button[class*=&apos;blue_box&apos;]&quot;}
  (Session info: chrome=114.0.5735.110)
For documentation on this error, please visit: https://www.seleniumhq.org/exceptions/no_such_element.html
Build info: version: &apos;3.141.59&apos;, revision: &apos;e82be7d358&apos;, time: &apos;2018-11-14T08:17:03&apos;
System info: host: &apos;LAPTOP-CF98PN2R&apos;, ip: &apos;192.168.1.70&apos;, os.name: &apos;Windows 11&apos;, os.arch: &apos;amd64&apos;, os.version: &apos;10.0&apos;, java.version: &apos;1.8.0_361&apos;
Driver info: org.openqa.selenium.chrome.ChromeDriver
Capabilities {acceptInsecureCerts: false, browserName: chrome, browserVersion: 114.0.5735.110, chrome: {chromedriverVersion: 114.0.5735.90 (386bc09e8f4f..., userDataDir: C:\Users\CIHANA~1\AppData\L...}, goog:chromeOptions: {debuggerAddress: localhost:57016}, javascriptEnabled: true, networkConnectionEnabled: false, pageLoadStrategy: normal, platform: WINDOWS, platformName: WINDOWS, proxy: Proxy(), setWindowRect: true, strictFileInteractability: false, timeouts: {implicit: 0, pageLoad: 300000, script: 30000}, unhandledPromptBehavior: dismiss and notify, webauthn:extension:credBlob: true, webauthn:extension:largeBlob: true, webauthn:extension:minPinLength: true, webauthn:extension:prf: true, webauthn:virtualAuthenticators: true}
Session ID: 803d7b9a6293752c348c7b48360af0f6
*** Element info: {Using=css selector, value=button[class*=&apos;blue_box&apos;]}
	at sun.reflect.NativeConstructorAccessorImpl.newInstance0(Native Method)
	at sun.reflect.NativeConstructorAccessorImpl.newInstance(NativeConstructorAccessorImpl.java:62)
	at sun.reflect.DelegatingConstructorAccessorImpl.newInstance(DelegatingConstructorAccessorImpl.java:45)
	at java.lang.reflect.Constructor.newInstance(Constructor.java:423)
	at org.openqa.selenium.remote.http.W3CHttpResponseCodec.createException(W3CHttpResponseCodec.java:187)
	at org.openqa.selenium.remote.http.W3CHttpResponseCodec.decode(W3CHttpResponseCodec.java:122)
	at org.openqa.selenium.remote.http.W3CHttpResponseCodec.decode(W3CHttpResponseCodec.java:49)
	at org.openqa.selenium.remote.HttpCommandExecutor.execute(HttpCommandExecutor.java:158)
	at org.openqa.selenium.remote.service.DriverCommandExecutor.execute(DriverCommandExecutor.java:83)
	at org.openqa.selenium.remote.RemoteWebDriver.execute(RemoteWebDriver.java:552)
	at org.openqa.selenium.remote.RemoteWebDriver.findElement(RemoteWebDriver.java:323)
	at org.openqa.selenium.remote.RemoteWebDriver.findElementByCssSelector(RemoteWebDriver.java:420)
	at org.openqa.selenium.By$ByCssSelector.findElement(By.java:431)
	at org.openqa.selenium.remote.RemoteWebDriver.findElement(RemoteWebDriver.java:315)
	at scripts._08_TGWaitsTest.waitForBlueBox(_08_TGWaitsTest.java:43)
	at sun.reflect.NativeMethodAccessorImpl.invoke0(Native Method)
	at sun.reflect.NativeMethodAccessorImpl.invoke(NativeMethodAccessorImpl.java:62)
	at sun.reflect.DelegatingMethodAccessorImpl.invoke(DelegatingMethodAccessorImpl.java:43)
	at java.lang.reflect.Method.invoke(Method.java:498)
	at org.testng.internal.MethodInvocationHelper.invokeMethod(MethodInvocationHelper.java:134)
	at org.testng.internal.TestInvoker.invokeMethod(TestInvoker.java:597)
	at org.testng.internal.TestInvoker.invokeTestMethod(TestInvoker.java:173)
	at org.testng.internal.MethodRunner.runInSequence(MethodRunner.java:46)
	at org.testng.internal.TestInvoker$MethodInvocationAgent.invoke(TestInvoker.java:816)
	at org.testng.internal.TestInvoker.invokeTestMethods(TestInvoker.java:146)
	at org.testng.internal.TestMethodWorker.invokeTestMethods(TestMethodWorker.java:146)
	at org.testng.internal.TestMethodWorker.run(TestMethodWorker.java:128)
	at java.util.ArrayList.forEach(ArrayList.java:1259)
	at org.testng.TestRunner.privateRun(TestRunner.java:766)
	at org.testng.TestRunner.run(TestRunner.java:587)
	at org.testng.SuiteRunner.runTest(SuiteRunner.java:384)
	at org.testng.SuiteRunner.runSequentially(SuiteRunner.java:378)
	at org.testng.SuiteRunner.privateRun(SuiteRunner.java:337)
	at org.testng.SuiteRunner.run(SuiteRunner.java:286)
	at org.testng.SuiteRunnerWorker.runSuite(SuiteRunnerWorker.java:53)
	at org.testng.SuiteRunnerWorker.run(SuiteRunnerWorker.java:96)
	at org.testng.TestNG.runSuitesSequentially(TestNG.java:1187)
	at org.testng.TestNG.runSuitesLocally(TestNG.java:1109)
	at org.testng.TestNG.runSuites(TestNG.java:1039)
	at org.testng.TestNG.run(TestNG.java:1007)
	at org.apache.maven.surefire.testng.TestNGExecutor.run(TestNGExecutor.java:281)
	at org.apache.maven.surefire.testng.TestNGXmlTestSuite.execute(TestNGXmlTestSuite.java:75)
	at org.apache.maven.surefire.testng.TestNGProvider.invoke(TestNGProvider.java:121)
	at org.apache.maven.surefire.booter.ForkedBooter.invokeProviderInSameClassLoader(ForkedBooter.java:290)
	at org.apache.maven.surefire.booter.ForkedBooter.runSuitesInProcess(ForkedBooter.java:242)
	at org.apache.maven.surefire.booter.ForkedBooter.main(ForkedBooter.java:121)
</pre></div><a href='#' onClick='toggleBox("stack-trace513907863", this, "Click to show all stack frames", "Click to hide stack frames")'>Click to show all stack frames</a>
<div class='stack-trace' id='stack-trace513907863'><pre>org.openqa.selenium.NoSuchElementException: no such element: Unable to locate element: {&quot;method&quot;:&quot;css selector&quot;,&quot;selector&quot;:&quot;button[class*=&apos;blue_box&apos;]&quot;}
  (Session info: chrome=114.0.5735.110)
For documentation on this error, please visit: https://www.seleniumhq.org/exceptions/no_such_element.html
Build info: version: &apos;3.141.59&apos;, revision: &apos;e82be7d358&apos;, time: &apos;2018-11-14T08:17:03&apos;
System info: host: &apos;LAPTOP-CF98PN2R&apos;, ip: &apos;192.168.1.70&apos;, os.name: &apos;Windows 11&apos;, os.arch: &apos;amd64&apos;, os.version: &apos;10.0&apos;, java.version: &apos;1.8.0_361&apos;
Driver info: org.openqa.selenium.chrome.ChromeDriver
Capabilities {acceptInsecureCerts: false, browserName: chrome, browserVersion: 114.0.5735.110, chrome: {chromedriverVersion: 114.0.5735.90 (386bc09e8f4f..., userDataDir: C:\Users\CIHANA~1\AppData\L...}, goog:chromeOptions: {debuggerAddress: localhost:57016}, javascriptEnabled: true, networkConnectionEnabled: false, pageLoadStrategy: normal, platform: WINDOWS, platformName: WINDOWS, proxy: Proxy(), setWindowRect: true, strictFileInteractability: false, timeouts: {implicit: 0, pageLoad: 300000, script: 30000}, unhandledPromptBehavior: dismiss and notify, webauthn:extension:credBlob: true, webauthn:extension:largeBlob: true, webauthn:extension:minPinLength: true, webauthn:extension:prf: true, webauthn:virtualAuthenticators: true}
Session ID: 803d7b9a6293752c348c7b48360af0f6
*** Element info: {Using=css selector, value=button[class*=&apos;blue_box&apos;]}
	at sun.reflect.NativeConstructorAccessorImpl.newInstance0(Native Method)
	at sun.reflect.NativeConstructorAccessorImpl.newInstance(NativeConstructorAccessorImpl.java:62)
	at sun.reflect.DelegatingConstructorAccessorImpl.newInstance(DelegatingConstructorAccessorImpl.java:45)
	at java.lang.reflect.Constructor.newInstance(Constructor.java:423)
	at org.openqa.selenium.remote.http.W3CHttpResponseCodec.createException(W3CHttpResponseCodec.java:187)
	at org.openqa.selenium.remote.http.W3CHttpResponseCodec.decode(W3CHttpResponseCodec.java:122)
	at org.openqa.selenium.remote.http.W3CHttpResponseCodec.decode(W3CHttpResponseCodec.java:49)
	at org.openqa.selenium.remote.HttpCommandExecutor.execute(HttpCommandExecutor.java:158)
	at org.openqa.selenium.remote.service.DriverCommandExecutor.execute(DriverCommandExecutor.java:83)
	at org.openqa.selenium.remote.RemoteWebDriver.execute(RemoteWebDriver.java:552)
	at org.openqa.selenium.remote.RemoteWebDriver.findElement(RemoteWebDriver.java:323)
	at org.openqa.selenium.remote.RemoteWebDriver.findElementByCssSelector(RemoteWebDriver.java:420)
	at org.openqa.selenium.By$ByCssSelector.findElement(By.java:431)
	at org.openqa.selenium.remote.RemoteWebDriver.findElement(RemoteWebDriver.java:315)
	at scripts._08_TGWaitsTest.waitForBlueBox(_08_TGWaitsTest.java:43)
	at sun.reflect.NativeMethodAccessorImpl.invoke0(Native Method)
	at sun.reflect.NativeMethodAccessorImpl.invoke(NativeMethodAccessorImpl.java:62)
	at sun.reflect.DelegatingMethodAccessorImpl.invoke(DelegatingMethodAccessorImpl.java:43)
	at java.lang.reflect.Method.invoke(Method.java:498)
	at org.testng.internal.MethodInvocationHelper.invokeMethod(MethodInvocationHelper.java:134)
	at org.testng.internal.TestInvoker.invokeMethod(TestInvoker.java:597)
	at org.testng.internal.TestInvoker.invokeTestMethod(TestInvoker.java:173)
	at org.testng.internal.MethodRunner.runInSequence(MethodRunner.java:46)
	at org.testng.internal.TestInvoker$MethodInvocationAgent.invoke(TestInvoker.java:816)
	at org.testng.internal.TestInvoker.invokeTestMethods(TestInvoker.java:146)
	at org.testng.internal.TestMethodWorker.invokeTestMethods(TestMethodWorker.java:146)
	at org.testng.internal.TestMethodWorker.run(TestMethodWorker.java:128)
	at java.util.ArrayList.forEach(ArrayList.java:1259)
	at org.testng.TestRunner.privateRun(TestRunner.java:766)
	at org.testng.TestRunner.run(TestRunner.java:587)
	at org.testng.SuiteRunner.runTest(SuiteRunner.java:384)
	at org.testng.SuiteRunner.runSequentially(SuiteRunner.java:378)
	at org.testng.SuiteRunner.privateRun(SuiteRunner.java:337)
	at org.testng.SuiteRunner.run(SuiteRunner.java:286)
	at org.testng.SuiteRunnerWorker.runSuite(SuiteRunnerWorker.java:53)
	at org.testng.SuiteRunnerWorker.run(SuiteRunnerWorker.java:96)
	at org.testng.TestNG.runSuitesSequentially(TestNG.java:1187)
	at org.testng.TestNG.runSuitesLocally(TestNG.java:1109)
	at org.testng.TestNG.runSuites(TestNG.java:1039)
	at org.testng.TestNG.run(TestNG.java:1007)
	at org.apache.maven.surefire.testng.TestNGExecutor.run(TestNGExecutor.java:281)
	at org.apache.maven.surefire.testng.TestNGXmlTestSuite.execute(TestNGXmlTestSuite.java:75)
	at org.apache.maven.surefire.testng.TestNGProvider.invoke(TestNGProvider.java:121)
	at org.apache.maven.surefire.booter.ForkedBooter.invokeProviderInSameClassLoader(ForkedBooter.java:290)
	at org.apache.maven.surefire.booter.ForkedBooter.runSuitesInProcess(ForkedBooter.java:242)
	at org.apache.maven.surefire.booter.ForkedBooter.main(ForkedBooter.java:121)
</pre></div></td>
<td>30</td>
<td>scripts._08_TGWaitsTest@5383967b</td></tr>
</table><p>
<table width='100%' border='1' class='invocation-passed'>
<tr><td colspan='4' align='center'><b>PASSED TESTS</b></td></tr>
<tr><td><b>Test method</b></td>
<td width="30%"><b>Exception</b></td>
<td width="10%"><b>Time (seconds)</b></td>
<td><b>Instance</b></td>
</tr>
<tr>
<td title='scripts._19_TGActionsTest.DragAndDrop()'><b>DragAndDrop</b><br>Test class: scripts._19_TGActionsTest</td>
<td></td>
<td>656</td>
<td>scripts._19_TGActionsTest@6d7b4f4c</td></tr>
<tr>
<td title='scripts._09_TGCheckboxTest.checkboxTest()'><b>checkboxTest</b><br>Test class: scripts._09_TGCheckboxTest</td>
<td></td>
<td>0</td>
<td>scripts._09_TGCheckboxTest@2ac273d3</td></tr>
<tr>
<td title='scripts._09_TGCheckboxTest.checkboxTest2()'><b>checkboxTest2</b><br>Test class: scripts._09_TGCheckboxTest</td>
<td></td>
<td>0</td>
<td>scripts._09_TGCheckboxTest@2ac273d3</td></tr>
<tr>
<td title='scripts._12_TGAlertsTest.confirmationAlert()'><b>confirmationAlert</b><br>Test class: scripts._12_TGAlertsTest</td>
<td></td>
<td>0</td>
<td>scripts._12_TGAlertsTest@6fc6f14e</td></tr>
<tr>
<td title='scripts._11_TGDropdownsTest.dropdownTestCase()'><b>dropdownTestCase</b><br>Test class: scripts._11_TGDropdownsTest</td>
<td></td>
<td>0</td>
<td>scripts._11_TGDropdownsTest@20398b7c</td></tr>
<tr>
<td title='scripts._19_TGActionsTest.keyboardActions()'><b>keyboardActions</b><br>Test class: scripts._19_TGActionsTest</td>
<td></td>
<td>4</td>
<td>scripts._19_TGActionsTest@6d7b4f4c</td></tr>
<tr>
<td title='scripts._19_TGActionsTest.mouseActions()'><b>mouseActions</b><br>Test class: scripts._19_TGActionsTest</td>
<td></td>
<td>0</td>
<td>scripts._19_TGActionsTest@6d7b4f4c</td></tr>
<tr>
<td title='scripts._11_TGDropdownsTest.productColorTest()'><b>productColorTest</b><br>Test class: scripts._11_TGDropdownsTest</td>
<td></td>
<td>0</td>
<td>scripts._11_TGDropdownsTest@20398b7c</td></tr>
<tr>
<td title='scripts._11_TGDropdownsTest.productDeliveryTest()'><b>productDeliveryTest</b><br>Test class: scripts._11_TGDropdownsTest</td>
<td></td>
<td>30</td>
<td>scripts._11_TGDropdownsTest@20398b7c</td></tr>
<tr>
<td title='scripts._11_TGDropdownsTest.productDropdownTest()'><b>productDropdownTest</b><br>Test class: scripts._11_TGDropdownsTest</td>
<td></td>
<td>0</td>
<td>scripts._11_TGDropdownsTest@20398b7c</td></tr>
<tr>
<td title='scripts._10_TGRadioButtonsTest.radioButtonsTest()'><b>radioButtonsTest</b><br>Test class: scripts._10_TGRadioButtonsTest</td>
<td></td>
<td>0</td>
<td>scripts._10_TGRadioButtonsTest@71423665</td></tr>
<tr>
<td title='scripts._19_TGActionsTest.validate()'><b>validate</b><br>Test class: scripts._19_TGActionsTest</td>
<td></td>
<td>0</td>
<td>scripts._19_TGActionsTest@6d7b4f4c</td></tr>
<tr>
<td title='scripts._01_ProjectTest.validateAddress()'><b>validateAddress</b><br>Test class: scripts._01_ProjectTest</td>
<td></td>
<td>0</td>
<td>scripts._01_ProjectTest@3327bd23</td></tr>
<tr>
<td title='scripts._03_TGLocatorsTest.validateAllLinks()'><b>validateAllLinks</b><br>Test class: scripts._03_TGLocatorsTest</td>
<td></td>
<td>0</td>
<td>scripts._03_TGLocatorsTest@52a86356</td></tr>
<tr>
<td title='scripts._04_TGLocatorsTest.validateAutomationTools()'><b>validateAutomationTools</b><br>Test class: scripts._04_TGLocatorsTest</td>
<td></td>
<td>0</td>
<td>scripts._04_TGLocatorsTest@5ce81285</td></tr>
<tr>
<td title='scripts._01_ProjectTest.validateConsentCheckBox()'><b>validateConsentCheckBox</b><br>Test class: scripts._01_ProjectTest</td>
<td></td>
<td>0</td>
<td>scripts._01_ProjectTest@3327bd23</td></tr>
<tr>
<td title='scripts._07_TGDynamicElementsTest.validateDynamicElementBox1()'><b>validateDynamicElementBox1</b><br>Test class: scripts._07_TGDynamicElementsTest</td>
<td></td>
<td>0</td>
<td>scripts._07_TGDynamicElementsTest@4fe3c938</td></tr>
<tr>
<td title='scripts._07_TGDynamicElementsTest.validateDynamicElementBox2()'><b>validateDynamicElementBox2</b><br>Test class: scripts._07_TGDynamicElementsTest</td>
<td></td>
<td>0</td>
<td>scripts._07_TGDynamicElementsTest@4fe3c938</td></tr>
<tr>
<td title='scripts._17_TGStaticTableTest.validateEachCell()'><b>validateEachCell</b><br>Test class: scripts._17_TGStaticTableTest</td>
<td></td>
<td>0</td>
<td>scripts._17_TGStaticTableTest@2286778</td></tr>
<tr>
<td title='scripts._01_ProjectTest.validateEmail()'><b>validateEmail</b><br>Test class: scripts._01_ProjectTest</td>
<td></td>
<td>0</td>
<td>scripts._01_ProjectTest@3327bd23</td></tr>
<tr>
<td title='scripts._05_FacebookTest.validateFacebookInvalidLoginAttempt()'><b>validateFacebookInvalidLoginAttempt</b><br>Test class: scripts._05_FacebookTest</td>
<td></td>
<td>0</td>
<td>scripts._05_FacebookTest@78c03f1f</td></tr>
<tr>
<td title='scripts._17_TGStaticTableTest.validateFirstRow()'><b>validateFirstRow</b><br>Test class: scripts._17_TGStaticTableTest</td>
<td></td>
<td>0</td>
<td>scripts._17_TGStaticTableTest@2286778</td></tr>
<tr>
<td title='scripts._01_ProjectTest.validateFullNameInputBox()'><b>validateFullNameInputBox</b><br>Test class: scripts._01_ProjectTest</td>
<td></td>
<td>0</td>
<td>scripts._01_ProjectTest@3327bd23</td></tr>
<tr>
<td title='scripts._01_ProjectTest.validateGenderRadioButton()'><b>validateGenderRadioButton</b><br>Test class: scripts._01_ProjectTest</td>
<td></td>
<td>8</td>
<td>scripts._01_ProjectTest@3327bd23</td></tr>
<tr>
<td title='scripts._03_TGLocatorsTest.validateGrapesParagraph()'><b>validateGrapesParagraph</b><br>Test class: scripts._03_TGLocatorsTest</td>
<td></td>
<td>0</td>
<td>scripts._03_TGLocatorsTest@52a86356</td></tr>
<tr>
<td title='scripts._03_TGLocatorsTest.validateKiwiParagraph()'><b>validateKiwiParagraph</b><br>Test class: scripts._03_TGLocatorsTest</td>
<td></td>
<td>0</td>
<td>scripts._03_TGLocatorsTest@52a86356</td></tr>
<tr>
<td title='scripts._04_TGLocatorsTest.validateLanguages()'><b>validateLanguages</b><br>Test class: scripts._04_TGLocatorsTest</td>
<td></td>
<td>0</td>
<td>scripts._04_TGLocatorsTest@5ce81285</td></tr>
<tr>
<td title='scripts._17_TGStaticTableTest.validateLastColumn()'><b>validateLastColumn</b><br>Test class: scripts._17_TGStaticTableTest</td>
<td></td>
<td>0</td>
<td>scripts._17_TGStaticTableTest@2286778</td></tr>
<tr>
<td title='scripts._04_TGLocatorsTest.validateListHeaders()'><b>validateListHeaders</b><br>Test class: scripts._04_TGLocatorsTest</td>
<td></td>
<td>0</td>
<td>scripts._04_TGLocatorsTest@5ce81285</td></tr>
<tr>
<td title='scripts._01_ProjectTest.validateMessage()'><b>validateMessage</b><br>Test class: scripts._01_ProjectTest</td>
<td></td>
<td>0</td>
<td>scripts._01_ProjectTest@3327bd23</td></tr>
<tr>
<td title='scripts._01_GoogleTest.validateNavigation()'><b>validateNavigation</b><br>Test class: scripts._01_GoogleTest</td>
<td></td>
<td>10</td>
<td>scripts._01_GoogleTest@a67c67e</td></tr>
<tr>
<td title='scripts._03_TGLocatorsTest.validateOrangeParagraph()'><b>validateOrangeParagraph</b><br>Test class: scripts._03_TGLocatorsTest</td>
<td></td>
<td>0</td>
<td>scripts._03_TGLocatorsTest@52a86356</td></tr>
<tr>
<td title='scripts._01_ProjectTest.validatePhone()'><b>validatePhone</b><br>Test class: scripts._01_ProjectTest</td>
<td></td>
<td>0</td>
<td>scripts._01_ProjectTest@3327bd23</td></tr>
<tr>
<td title='scripts._10_TGRadioButtonsTest.validatePracticeMore()'><b>validatePracticeMore</b><br>Test class: scripts._10_TGRadioButtonsTest</td>
<td></td>
<td>0</td>
<td>scripts._10_TGRadioButtonsTest@71423665</td></tr>
<tr>
<td title='scripts._03_TGLocatorsTest.validateRedAppleLink()'><b>validateRedAppleLink</b><br>Test class: scripts._03_TGLocatorsTest</td>
<td></td>
<td>0</td>
<td>scripts._03_TGLocatorsTest@52a86356</td></tr>
<tr>
<td title='scripts._01_GoogleTest.validateSearchButton()'><b>validateSearchButton</b><br>Test class: scripts._01_GoogleTest</td>
<td></td>
<td>0</td>
<td>scripts._01_GoogleTest@a67c67e</td></tr>
<tr>
<td title='scripts._18_TGSortableTableTest.validateSortAscByQuantity()'><b>validateSortAscByQuantity</b><br>Test class: scripts._18_TGSortableTableTest</td>
<td></td>
<td>2</td>
<td>scripts._18_TGSortableTableTest@4e9ba398</td></tr>
<tr>
<td title='scripts._17_TGStaticTableTest.validateTableHeader()'><b>validateTableHeader</b><br>Test class: scripts._17_TGStaticTableTest</td>
<td></td>
<td>0</td>
<td>scripts._17_TGStaticTableTest@2286778</td></tr>
<tr>
<td title='scripts._14_MultipleWindowsTest.validateTheAppleNavigation()'><b>validateTheAppleNavigation</b><br>Test class: scripts._14_MultipleWindowsTest<br>Test method: TC123: Validate the IFrame Page content paragraph</td>
<td></td>
<td>2</td>
<td>scripts._14_MultipleWindowsTest@3632be31</td></tr>
<tr>
<td title='scripts._02_ProjectTest.validateTheForgotPasswordLinkAndResetPasswordModal()'><b>validateTheForgotPasswordLinkAndResetPasswordModal</b><br>Test class: scripts._02_ProjectTest<br>Test method: Test Case 04 - Validate the Forgot Password? Link and Reset Password modal</td>
<td></td>
<td>0</td>
<td>scripts._02_ProjectTest@4e1d422d</td></tr>
<tr>
<td title='scripts._13_IFrameTest.validateTheFormSubmission()'><b>validateTheFormSubmission</b><br>Test class: scripts._13_IFrameTest<br>Test method: TC345 Validate the form submission</td>
<td></td>
<td>0</td>
<td>scripts._13_IFrameTest@56235b8e</td></tr>
<tr>
<td title='scripts._04_TGLocatorsTest.validateTheHeader()'><b>validateTheHeader</b><br>Test class: scripts._04_TGLocatorsTest</td>
<td></td>
<td>0</td>
<td>scripts._04_TGLocatorsTest@5ce81285</td></tr>
<tr>
<td title='scripts._02_ProjectTest.validateTheInvalidLoginWithEmptyCredentials()'><b>validateTheInvalidLoginWithEmptyCredentials</b><br>Test class: scripts._02_ProjectTest<br>Test method: Test Case 07 - Validate the invalid login with the empty credentials</td>
<td></td>
<td>0</td>
<td>scripts._02_ProjectTest@4e1d422d</td></tr>
<tr>
<td title='scripts._02_ProjectTest.validateTheInvalidLoginWithTheWrongPassword()'><b>validateTheInvalidLoginWithTheWrongPassword</b><br>Test class: scripts._02_ProjectTest<br>Test method: Test Case 09 - Validate the invalid login with the wrong password</td>
<td></td>
<td>0</td>
<td>scripts._02_ProjectTest@4e1d422d</td></tr>
<tr>
<td title='scripts._02_ProjectTest.validateTheInvalidLoginWithTheWrongUsername()'><b>validateTheInvalidLoginWithTheWrongUsername</b><br>Test class: scripts._02_ProjectTest<br>Test method: Test Case 08 - Validate the invalid login with the wrong username</td>
<td></td>
<td>1</td>
<td>scripts._02_ProjectTest@4e1d422d</td></tr>
<tr>
<td title='scripts._02_ProjectTest.validateTheInvalidLoginWithTheWrongUsernameAndPassword()'><b>validateTheInvalidLoginWithTheWrongUsernameAndPassword</b><br>Test class: scripts._02_ProjectTest<br>Test method: Test Case 10 - Validate the invalid login with the wrong username and password</td>
<td></td>
<td>0</td>
<td>scripts._02_ProjectTest@4e1d422d</td></tr>
<tr>
<td title='scripts._14_MultipleWindowsTest.validateTheLinkURLs()'><b>validateTheLinkURLs</b><br>Test class: scripts._14_MultipleWindowsTest<br>Test method: Validate link URLs</td>
<td></td>
<td>17</td>
<td>scripts._14_MultipleWindowsTest@3632be31</td></tr>
<tr>
<td title='scripts._02_ProjectTest.validateTheLogOut()'><b>validateTheLogOut</b><br>Test class: scripts._02_ProjectTest<br>Test method: Test Case 03 - Validate the logout</td>
<td></td>
<td>0</td>
<td>scripts._02_ProjectTest@4e1d422d</td></tr>
<tr>
<td title='scripts._02_ProjectTest.validateTheLoginForm()'><b>validateTheLoginForm</b><br>Test class: scripts._02_ProjectTest<br>Test method: Test Case 01 - Validate the login form</td>
<td></td>
<td>0</td>
<td>scripts._02_ProjectTest@4e1d422d</td></tr>
<tr>
<td title='scripts._14_MultipleWindowsTest.validateTheMicrosoftNavigation()'><b>validateTheMicrosoftNavigation</b><br>Test class: scripts._14_MultipleWindowsTest<br>Test method: TC345 Validate the form submission</td>
<td></td>
<td>1</td>
<td>scripts._14_MultipleWindowsTest@3632be31</td></tr>
<tr>
<td title='scripts._13_IFrameTest.validateTheParagraph()'><b>validateTheParagraph</b><br>Test class: scripts._13_IFrameTest<br>Test method: TC123: Validate the IFrame Page content paragraph</td>
<td></td>
<td>0</td>
<td>scripts._13_IFrameTest@56235b8e</td></tr>
<tr>
<td title='scripts._02_ProjectTest.validateTheResetPasswordFormSubmission()'><b>validateTheResetPasswordFormSubmission</b><br>Test class: scripts._02_ProjectTest<br>Test method: Test Case 06 - Validate the Reset Password form submission</td>
<td></td>
<td>0</td>
<td>scripts._02_ProjectTest@4e1d422d</td></tr>
<tr>
<td title='scripts._02_ProjectTest.validateTheResetPasswordModalCloseButton()'><b>validateTheResetPasswordModalCloseButton</b><br>Test class: scripts._02_ProjectTest<br>Test method: Test Case 05 - Validate the Reset Password modal close button</td>
<td></td>
<td>30</td>
<td>scripts._02_ProjectTest@4e1d422d</td></tr>
<tr>
<td title='scripts._14_MultipleWindowsTest.validateTheTeslaNavigation()'><b>validateTheTeslaNavigation</b><br>Test class: scripts._14_MultipleWindowsTest<br>Test method: TC323 Validate the Tesla navigation</td>
<td></td>
<td>1</td>
<td>scripts._14_MultipleWindowsTest@3632be31</td></tr>
<tr>
<td title='scripts._02_ProjectTest.validateTheValidLogin()'><b>validateTheValidLogin</b><br>Test class: scripts._02_ProjectTest<br>Test method: Test Case 02 - Validate the valid login</td>
<td></td>
<td>0</td>
<td>scripts._02_ProjectTest@4e1d422d</td></tr>
<tr>
<td title='scripts._01_GoogleTest.validateTitleAndURL()'><b>validateTitleAndURL</b><br>Test class: scripts._01_GoogleTest</td>
<td></td>
<td>0</td>
<td>scripts._01_GoogleTest@a67c67e</td></tr>
<tr>
<td title='scripts._02_AppleTest.validateTitleAndURL()'><b>validateTitleAndURL</b><br>Test class: scripts._02_AppleTest</td>
<td></td>
<td>0</td>
<td>scripts._02_AppleTest@66480dd7</td></tr>
<tr>
<td title='scripts._06_WikiTest.validateWikiSearch2()'><b>validateWikiSearch2</b><br>Test class: scripts._06_WikiTest</td>
<td></td>
<td>3</td>
<td>scripts._06_WikiTest@5ec0a365</td></tr>
<tr>
<td title='scripts._01_ProjectTest.validatesubmission()'><b>validatesubmission</b><br>Test class: scripts._01_ProjectTest</td>
<td></td>
<td>0</td>
<td>scripts._01_ProjectTest@3327bd23</td></tr>
<tr>
<td title='scripts._12_TGAlertsTest.warningAlert()'><b>warningAlert</b><br>Test class: scripts._12_TGAlertsTest</td>
<td></td>
<td>0</td>
<td>scripts._12_TGAlertsTest@6fc6f14e</td></tr>
</table><p>
<table width='100%' border='1' class='invocation-skipped'>
<tr><td colspan='4' align='center'><b>SKIPPED TESTS</b></td></tr>
<tr><td><b>Test method</b></td>
<td width="30%"><b>Exception</b></td>
<td width="10%"><b>Time (seconds)</b></td>
<td><b>Instance</b></td>
</tr>
<tr>
<td title='scripts._01_ProjectTest.validateTheFormSubmission()'><b>validateTheFormSubmission</b><br>Test class: scripts._01_ProjectTest<br>Test method: Test Case 10 - Validate the form submission</td>
<td><div><pre>org.openqa.selenium.SessionNotCreatedException: session not created
from no such execution context: uniqueContextId not found
  (Session info: chrome=114.0.5735.110)
Build info: version: &apos;3.141.59&apos;, revision: &apos;e82be7d358&apos;, time: &apos;2018-11-14T08:17:03&apos;
System info: host: &apos;LAPTOP-CF98PN2R&apos;, ip: &apos;192.168.1.70&apos;, os.name: &apos;Windows 11&apos;, os.arch: &apos;amd64&apos;, os.version: &apos;10.0&apos;, java.version: &apos;1.8.0_361&apos;
Driver info: driver.version: Driver
remote stacktrace: Backtrace:
	GetHandleVerifier [0x006EA813+48355]
	(No symbol) [0x0067C4B1]
	(No symbol) [0x00585358]
	(No symbol) [0x005789B0]
	(No symbol) [0x00577138]
	(No symbol) [0x005777AA]
	(No symbol) [0x00588417]
	(No symbol) [0x005899E1]
	(No symbol) [0x00589A80]
	(No symbol) [0x005D1F1B]
	(No symbol) [0x005D093C]
	(No symbol) [0x005CA536]
	(No symbol) [0x005A82DC]
	(No symbol) [0x005A93DD]
	GetHandleVerifier [0x0094AABD+2539405]
	GetHandleVerifier [0x0098A78F+2800735]
	GetHandleVerifier [0x0098456C+2775612]
	GetHandleVerifier [0x007751E0+616112]
	(No symbol) [0x00685F8C]
	(No symbol) [0x00682328]
	(No symbol) [0x0068240B]
	(No symbol) [0x00674FF7]
	BaseThreadInitThunk [0x77337D59+25]
	RtlInitializeExceptionChain [0x77D2B74B+107]
	RtlClearBits [0x77D2B6CF+191]

	at sun.reflect.NativeConstructorAccessorImpl.newInstance0(Native Method)
	at sun.reflect.NativeConstructorAccessorImpl.newInstance(NativeConstructorAccessorImpl.java:62)
	at sun.reflect.DelegatingConstructorAccessorImpl.newInstance(DelegatingConstructorAccessorImpl.java:45)
	at java.lang.reflect.Constructor.newInstance(Constructor.java:423)
	at org.openqa.selenium.remote.W3CHandshakeResponse.lambda$errorHandler$0(W3CHandshakeResponse.java:62)
	at org.openqa.selenium.remote.HandshakeResponse.lambda$getResponseFunction$0(HandshakeResponse.java:30)
	at org.openqa.selenium.remote.ProtocolHandshake.lambda$createSession$0(ProtocolHandshake.java:126)
	at java.util.stream.ReferencePipeline$3$1.accept(ReferencePipeline.java:193)
	at java.util.Spliterators$ArraySpliterator.tryAdvance(Spliterators.java:958)
	at java.util.stream.ReferencePipeline.forEachWithCancel(ReferencePipeline.java:126)
	at java.util.stream.AbstractPipeline.copyIntoWithCancel(AbstractPipeline.java:499)
	at java.util.stream.AbstractPipeline.copyInto(AbstractPipeline.java:486)
	at java.util.stream.AbstractPipeline.wrapAndCopyInto(AbstractPipeline.java:472)
	at java.util.stream.FindOps$FindOp.evaluateSequential(FindOps.java:152)
	at java.util.stream.AbstractPipeline.evaluate(AbstractPipeline.java:234)
	at java.util.stream.ReferencePipeline.findFirst(ReferencePipeline.java:464)
	at org.openqa.selenium.remote.ProtocolHandshake.createSession(ProtocolHandshake.java:128)
	at org.openqa.selenium.remote.ProtocolHandshake.createSession(ProtocolHandshake.java:74)
	at org.openqa.selenium.remote.HttpCommandExecutor.execute(HttpCommandExecutor.java:136)
	at org.openqa.selenium.remote.service.DriverCommandExecutor.execute(DriverCommandExecutor.java:83)
	at org.openqa.selenium.remote.RemoteWebDriver.execute(RemoteWebDriver.java:552)
	at org.openqa.selenium.remote.RemoteWebDriver.startSession(RemoteWebDriver.java:213)
	at org.openqa.selenium.remote.RemoteWebDriver.&lt;init&gt;(RemoteWebDriver.java:131)
	at org.openqa.selenium.chrome.ChromeDriver.&lt;init&gt;(ChromeDriver.java:181)
	at org.openqa.selenium.chrome.ChromeDriver.&lt;init&gt;(ChromeDriver.java:168)
	at org.openqa.selenium.chrome.ChromeDriver.&lt;init&gt;(ChromeDriver.java:123)
	at utils.Driver.getDriver(Driver.java:24)
	at scripts.Base.setUp(Base.java:23)
	at sun.reflect.GeneratedMethodAccessor1.invoke(Unknown Source)
	at sun.reflect.DelegatingMethodAccessorImpl.invoke(DelegatingMethodAccessorImpl.java:43)
	at java.lang.reflect.Method.invoke(Method.java:498)
	at org.testng.internal.MethodInvocationHelper.invokeMethod(MethodInvocationHelper.java:134)
	at org.testng.internal.MethodInvocationHelper.invokeMethodConsideringTimeout(MethodInvocationHelper.java:63)
	at org.testng.internal.ConfigInvoker.invokeConfigurationMethod(ConfigInvoker.java:348)
	at org.testng.internal.ConfigInvoker.invokeConfigurations(ConfigInvoker.java:302)
	at org.testng.internal.TestInvoker.runConfigMethods(TestInvoker.java:695)
	at org.testng.internal.TestInvoker.invokeMethod(TestInvoker.java:523)
	at org.testng.internal.TestInvoker.invokeTestMethod(TestInvoker.java:173)
	at org.testng.internal.MethodRunner.runInSequence(MethodRunner.java:46)
	at org.testng.internal.TestInvoker$MethodInvocationAgent.invoke(TestInvoker.java:816)
	at org.testng.internal.TestInvoker.invokeTestMethods(TestInvoker.java:146)
	at org.testng.internal.TestMethodWorker.invokeTestMethods(TestMethodWorker.java:146)
	at org.testng.internal.TestMethodWorker.run(TestMethodWorker.java:128)
	at java.util.ArrayList.forEach(ArrayList.java:1259)
	at org.testng.TestRunner.privateRun(TestRunner.java:766)
	at org.testng.TestRunner.run(TestRunner.java:587)
	at org.testng.SuiteRunner.runTest(SuiteRunner.java:384)
	at org.testng.SuiteRunner.runSequentially(SuiteRunner.java:378)
	at org.testng.SuiteRunner.privateRun(SuiteRunner.java:337)
	at org.testng.SuiteRunner.run(SuiteRunner.java:286)
	at org.testng.SuiteRunnerWorker.runSuite(SuiteRunnerWorker.java:53)
	at org.testng.SuiteRunnerWorker.run(SuiteRunnerWorker.java:96)
	at org.testng.TestNG.runSuitesSequentially(TestNG.java:1187)
	at org.testng.TestNG.runSuitesLocally(TestNG.java:1109)
	at org.testng.TestNG.runSuites(TestNG.java:1039)
	at org.testng.TestNG.run(TestNG.java:1007)
	at org.apache.maven.surefire.testng.TestNGExecutor.run(TestNGExecutor.java:281)
	at org.apache.maven.surefire.testng.TestNGXmlTestSuite.execute(TestNGXmlTestSuite.java:75)
	at org.apache.maven.surefire.testng.TestNGProvider.invoke(TestNGProvider.java:121)
	at org.apache.maven.surefire.booter.ForkedBooter.invokeProviderInSameClassLoader(ForkedBooter.java:290)
	at org.apache.maven.surefire.booter.ForkedBooter.runSuitesInProcess(ForkedBooter.java:242)
	at org.apache.maven.surefire.booter.ForkedBooter.main(ForkedBooter.java:121)
</pre></div><a href='#' onClick='toggleBox("stack-trace1686921139", this, "Click to show all stack frames", "Click to hide stack frames")'>Click to show all stack frames</a>
<div class='stack-trace' id='stack-trace1686921139'><pre>org.openqa.selenium.SessionNotCreatedException: session not created
from no such execution context: uniqueContextId not found
  (Session info: chrome=114.0.5735.110)
Build info: version: &apos;3.141.59&apos;, revision: &apos;e82be7d358&apos;, time: &apos;2018-11-14T08:17:03&apos;
System info: host: &apos;LAPTOP-CF98PN2R&apos;, ip: &apos;192.168.1.70&apos;, os.name: &apos;Windows 11&apos;, os.arch: &apos;amd64&apos;, os.version: &apos;10.0&apos;, java.version: &apos;1.8.0_361&apos;
Driver info: driver.version: Driver
remote stacktrace: Backtrace:
	GetHandleVerifier [0x006EA813+48355]
	(No symbol) [0x0067C4B1]
	(No symbol) [0x00585358]
	(No symbol) [0x005789B0]
	(No symbol) [0x00577138]
	(No symbol) [0x005777AA]
	(No symbol) [0x00588417]
	(No symbol) [0x005899E1]
	(No symbol) [0x00589A80]
	(No symbol) [0x005D1F1B]
	(No symbol) [0x005D093C]
	(No symbol) [0x005CA536]
	(No symbol) [0x005A82DC]
	(No symbol) [0x005A93DD]
	GetHandleVerifier [0x0094AABD+2539405]
	GetHandleVerifier [0x0098A78F+2800735]
	GetHandleVerifier [0x0098456C+2775612]
	GetHandleVerifier [0x007751E0+616112]
	(No symbol) [0x00685F8C]
	(No symbol) [0x00682328]
	(No symbol) [0x0068240B]
	(No symbol) [0x00674FF7]
	BaseThreadInitThunk [0x77337D59+25]
	RtlInitializeExceptionChain [0x77D2B74B+107]
	RtlClearBits [0x77D2B6CF+191]

	at sun.reflect.NativeConstructorAccessorImpl.newInstance0(Native Method)
	at sun.reflect.NativeConstructorAccessorImpl.newInstance(NativeConstructorAccessorImpl.java:62)
	at sun.reflect.DelegatingConstructorAccessorImpl.newInstance(DelegatingConstructorAccessorImpl.java:45)
	at java.lang.reflect.Constructor.newInstance(Constructor.java:423)
	at org.openqa.selenium.remote.W3CHandshakeResponse.lambda$errorHandler$0(W3CHandshakeResponse.java:62)
	at org.openqa.selenium.remote.HandshakeResponse.lambda$getResponseFunction$0(HandshakeResponse.java:30)
	at org.openqa.selenium.remote.ProtocolHandshake.lambda$createSession$0(ProtocolHandshake.java:126)
	at java.util.stream.ReferencePipeline$3$1.accept(ReferencePipeline.java:193)
	at java.util.Spliterators$ArraySpliterator.tryAdvance(Spliterators.java:958)
	at java.util.stream.ReferencePipeline.forEachWithCancel(ReferencePipeline.java:126)
	at java.util.stream.AbstractPipeline.copyIntoWithCancel(AbstractPipeline.java:499)
	at java.util.stream.AbstractPipeline.copyInto(AbstractPipeline.java:486)
	at java.util.stream.AbstractPipeline.wrapAndCopyInto(AbstractPipeline.java:472)
	at java.util.stream.FindOps$FindOp.evaluateSequential(FindOps.java:152)
	at java.util.stream.AbstractPipeline.evaluate(AbstractPipeline.java:234)
	at java.util.stream.ReferencePipeline.findFirst(ReferencePipeline.java:464)
	at org.openqa.selenium.remote.ProtocolHandshake.createSession(ProtocolHandshake.java:128)
	at org.openqa.selenium.remote.ProtocolHandshake.createSession(ProtocolHandshake.java:74)
	at org.openqa.selenium.remote.HttpCommandExecutor.execute(HttpCommandExecutor.java:136)
	at org.openqa.selenium.remote.service.DriverCommandExecutor.execute(DriverCommandExecutor.java:83)
	at org.openqa.selenium.remote.RemoteWebDriver.execute(RemoteWebDriver.java:552)
	at org.openqa.selenium.remote.RemoteWebDriver.startSession(RemoteWebDriver.java:213)
	at org.openqa.selenium.remote.RemoteWebDriver.&lt;init&gt;(RemoteWebDriver.java:131)
	at org.openqa.selenium.chrome.ChromeDriver.&lt;init&gt;(ChromeDriver.java:181)
	at org.openqa.selenium.chrome.ChromeDriver.&lt;init&gt;(ChromeDriver.java:168)
	at org.openqa.selenium.chrome.ChromeDriver.&lt;init&gt;(ChromeDriver.java:123)
	at utils.Driver.getDriver(Driver.java:24)
	at scripts.Base.setUp(Base.java:23)
	at sun.reflect.GeneratedMethodAccessor1.invoke(Unknown Source)
	at sun.reflect.DelegatingMethodAccessorImpl.invoke(DelegatingMethodAccessorImpl.java:43)
	at java.lang.reflect.Method.invoke(Method.java:498)
	at org.testng.internal.MethodInvocationHelper.invokeMethod(MethodInvocationHelper.java:134)
	at org.testng.internal.MethodInvocationHelper.invokeMethodConsideringTimeout(MethodInvocationHelper.java:63)
	at org.testng.internal.ConfigInvoker.invokeConfigurationMethod(ConfigInvoker.java:348)
	at org.testng.internal.ConfigInvoker.invokeConfigurations(ConfigInvoker.java:302)
	at org.testng.internal.TestInvoker.runConfigMethods(TestInvoker.java:695)
	at org.testng.internal.TestInvoker.invokeMethod(TestInvoker.java:523)
	at org.testng.internal.TestInvoker.invokeTestMethod(TestInvoker.java:173)
	at org.testng.internal.MethodRunner.runInSequence(MethodRunner.java:46)
	at org.testng.internal.TestInvoker$MethodInvocationAgent.invoke(TestInvoker.java:816)
	at org.testng.internal.TestInvoker.invokeTestMethods(TestInvoker.java:146)
	at org.testng.internal.TestMethodWorker.invokeTestMethods(TestMethodWorker.java:146)
	at org.testng.internal.TestMethodWorker.run(TestMethodWorker.java:128)
	at java.util.ArrayList.forEach(ArrayList.java:1259)
	at org.testng.TestRunner.privateRun(TestRunner.java:766)
	at org.testng.TestRunner.run(TestRunner.java:587)
	at org.testng.SuiteRunner.runTest(SuiteRunner.java:384)
	at org.testng.SuiteRunner.runSequentially(SuiteRunner.java:378)
	at org.testng.SuiteRunner.privateRun(SuiteRunner.java:337)
	at org.testng.SuiteRunner.run(SuiteRunner.java:286)
	at org.testng.SuiteRunnerWorker.runSuite(SuiteRunnerWorker.java:53)
	at org.testng.SuiteRunnerWorker.run(SuiteRunnerWorker.java:96)
	at org.testng.TestNG.runSuitesSequentially(TestNG.java:1187)
	at org.testng.TestNG.runSuitesLocally(TestNG.java:1109)
	at org.testng.TestNG.runSuites(TestNG.java:1039)
	at org.testng.TestNG.run(TestNG.java:1007)
	at org.apache.maven.surefire.testng.TestNGExecutor.run(TestNGExecutor.java:281)
	at org.apache.maven.surefire.testng.TestNGXmlTestSuite.execute(TestNGXmlTestSuite.java:75)
	at org.apache.maven.surefire.testng.TestNGProvider.invoke(TestNGProvider.java:121)
	at org.apache.maven.surefire.booter.ForkedBooter.invokeProviderInSameClassLoader(ForkedBooter.java:290)
	at org.apache.maven.surefire.booter.ForkedBooter.runSuitesInProcess(ForkedBooter.java:242)
	at org.apache.maven.surefire.booter.ForkedBooter.main(ForkedBooter.java:121)
</pre></div></td>
<td>0</td>
<td>scripts._01_ProjectTest@3327bd23</td></tr>
</table><p>
</body>
</html>