<?xml version="1.0" encoding="UTF-8"?>
<!-- Generated by org.testng.reporters.JUnitXMLReporter -->
<testsuite hostname="LAPTOP-CF98PN2R" ignored="10" name="All Functionalities" tests="64" failures="3" timestamp="2023-06-12T17:06:38 MDT" time="1101.585" errors="0">
  <testcase name="@BeforeMethod setUp" time="1.61" classname="scripts.Base">
    <failure type="org.openqa.selenium.SessionNotCreatedException" message="session not created
from no such execution context: uniqueContextId not found
  (Session info: chrome=114.0.5735.110)
Build info: version: &amp;apos;3.141.59&amp;apos;, revision: &amp;apos;e82be7d358&amp;apos;, time: &amp;apos;2018-11-14T08:17:03&amp;apos;
System info: host: &amp;apos;LAPTOP-CF98PN2R&amp;apos;, ip: &amp;apos;192.168.1.70&amp;apos;, os.name: &amp;apos;Windows 11&amp;apos;, os.arch: &amp;apos;amd64&amp;apos;, os.version: &amp;apos;10.0&amp;apos;, java.version: &amp;apos;1.8.0_361&amp;apos;
Driver info: driver.version: Driver
remote stacktrace: Backtrace:
	GetHandleVerifier [0x006EA813+48355]
	(No symbol) [0x0067C4B1]
	(No symbol) [0x00585358]
	(No symbol) [0x005789B0]
	(No symbol) [0x00577138]
	(No symbol) [0x005777AA]
	(No symbol) [0x00588417]
	(No symbol) [0x005899E1]
	(No symbol) [0x00589A80]
	(No symbol) [0x005D1F1B]
	(No symbol) [0x005D093C]
	(No symbol) [0x005CA536]
	(No symbol) [0x005A82DC]
	(No symbol) [0x005A93DD]
	GetHandleVerifier [0x0094AABD+2539405]
	GetHandleVerifier [0x0098A78F+2800735]
	GetHandleVerifier [0x0098456C+2775612]
	GetHandleVerifier [0x007751E0+616112]
	(No symbol) [0x00685F8C]
	(No symbol) [0x00682328]
	(No symbol) [0x0068240B]
	(No symbol) [0x00674FF7]
	BaseThreadInitThunk [0x77337D59+25]
	RtlInitializeExceptionChain [0x77D2B74B+107]
	RtlClearBits [0x77D2B6CF+191]
">
      <![CDATA[org.openqa.selenium.SessionNotCreatedException: session not created
from no such execution context: uniqueContextId not found
  (Session info: chrome=114.0.5735.110)
Build info: version: '3.141.59', revision: 'e82be7d358', time: '2018-11-14T08:17:03'
System info: host: 'LAPTOP-CF98PN2R', ip: '192.168.1.70', os.name: 'Windows 11', os.arch: 'amd64', os.version: '10.0', java.version: '1.8.0_361'
Driver info: driver.version: Driver
remote stacktrace: Backtrace:
GetHandleVerifier [0x006EA813+48355]
(No symbol) [0x0067C4B1]
(No symbol) [0x00585358]
(No symbol) [0x005789B0]
(No symbol) [0x00577138]
(No symbol) [0x005777AA]
(No symbol) [0x00588417]
(No symbol) [0x005899E1]
(No symbol) [0x00589A80]
(No symbol) [0x005D1F1B]
(No symbol) [0x005D093C]
(No symbol) [0x005CA536]
(No symbol) [0x005A82DC]
(No symbol) [0x005A93DD]
GetHandleVerifier [0x0094AABD+2539405]
GetHandleVerifier [0x0098A78F+2800735]
GetHandleVerifier [0x0098456C+2775612]
GetHandleVerifier [0x007751E0+616112]
(No symbol) [0x00685F8C]
(No symbol) [0x00682328]
(No symbol) [0x0068240B]
(No symbol) [0x00674FF7]
BaseThreadInitThunk [0x77337D59+25]
RtlInitializeExceptionChain [0x77D2B74B+107]
RtlClearBits [0x77D2B6CF+191]

at sun.reflect.NativeConstructorAccessorImpl.newInstance0(Native Method)
at sun.reflect.NativeConstructorAccessorImpl.newInstance(NativeConstructorAccessorImpl.java:62)
at sun.reflect.DelegatingConstructorAccessorImpl.newInstance(DelegatingConstructorAccessorImpl.java:45)
at java.lang.reflect.Constructor.newInstance(Constructor.java:423)
at org.openqa.selenium.remote.W3CHandshakeResponse.lambda$errorHandler$0(W3CHandshakeResponse.java:62)
at org.openqa.selenium.remote.HandshakeResponse.lambda$getResponseFunction$0(HandshakeResponse.java:30)
at org.openqa.selenium.remote.ProtocolHandshake.lambda$createSession$0(ProtocolHandshake.java:126)
at java.util.stream.ReferencePipeline$3$1.accept(ReferencePipeline.java:193)
at java.util.Spliterators$ArraySpliterator.tryAdvance(Spliterators.java:958)
at java.util.stream.ReferencePipeline.forEachWithCancel(ReferencePipeline.java:126)
at java.util.stream.AbstractPipeline.copyIntoWithCancel(AbstractPipeline.java:499)
at java.util.stream.AbstractPipeline.copyInto(AbstractPipeline.java:486)
at java.util.stream.AbstractPipeline.wrapAndCopyInto(AbstractPipeline.java:472)
at java.util.stream.FindOps$FindOp.evaluateSequential(FindOps.java:152)
at java.util.stream.AbstractPipeline.evaluate(AbstractPipeline.java:234)
at java.util.stream.ReferencePipeline.findFirst(ReferencePipeline.java:464)
at org.openqa.selenium.remote.ProtocolHandshake.createSession(ProtocolHandshake.java:128)
at org.openqa.selenium.remote.ProtocolHandshake.createSession(ProtocolHandshake.java:74)
at org.openqa.selenium.remote.HttpCommandExecutor.execute(HttpCommandExecutor.java:136)
at org.openqa.selenium.remote.service.DriverCommandExecutor.execute(DriverCommandExecutor.java:83)
at org.openqa.selenium.remote.RemoteWebDriver.execute(RemoteWebDriver.java:552)
at org.openqa.selenium.remote.RemoteWebDriver.startSession(RemoteWebDriver.java:213)
at org.openqa.selenium.remote.RemoteWebDriver.<init>(RemoteWebDriver.java:131)
at org.openqa.selenium.chrome.ChromeDriver.<init>(ChromeDriver.java:181)
at org.openqa.selenium.chrome.ChromeDriver.<init>(ChromeDriver.java:168)
at org.openqa.selenium.chrome.ChromeDriver.<init>(ChromeDriver.java:123)
at utils.Driver.getDriver(Driver.java:24)
at scripts.Base.setUp(Base.java:23)
at sun.reflect.GeneratedMethodAccessor1.invoke(Unknown Source)
at sun.reflect.DelegatingMethodAccessorImpl.invoke(DelegatingMethodAccessorImpl.java:43)
at java.lang.reflect.Method.invoke(Method.java:498)
at org.testng.internal.MethodInvocationHelper.invokeMethod(MethodInvocationHelper.java:134)
at org.testng.internal.MethodInvocationHelper.invokeMethodConsideringTimeout(MethodInvocationHelper.java:63)
at org.testng.internal.ConfigInvoker.invokeConfigurationMethod(ConfigInvoker.java:348)
at org.testng.internal.ConfigInvoker.invokeConfigurations(ConfigInvoker.java:302)
at org.testng.internal.TestInvoker.runConfigMethods(TestInvoker.java:695)
at org.testng.internal.TestInvoker.invokeMethod(TestInvoker.java:523)
at org.testng.internal.TestInvoker.invokeTestMethod(TestInvoker.java:173)
at org.testng.internal.MethodRunner.runInSequence(MethodRunner.java:46)
at org.testng.internal.TestInvoker$MethodInvocationAgent.invoke(TestInvoker.java:816)
at org.testng.internal.TestInvoker.invokeTestMethods(TestInvoker.java:146)
at org.testng.internal.TestMethodWorker.invokeTestMethods(TestMethodWorker.java:146)
at org.testng.internal.TestMethodWorker.run(TestMethodWorker.java:128)
at java.util.ArrayList.forEach(ArrayList.java:1259)
at org.testng.TestRunner.privateRun(TestRunner.java:766)
at org.testng.TestRunner.run(TestRunner.java:587)
at org.testng.SuiteRunner.runTest(SuiteRunner.java:384)
at org.testng.SuiteRunner.runSequentially(SuiteRunner.java:378)
at org.testng.SuiteRunner.privateRun(SuiteRunner.java:337)
at org.testng.SuiteRunner.run(SuiteRunner.java:286)
at org.testng.SuiteRunnerWorker.runSuite(SuiteRunnerWorker.java:53)
at org.testng.SuiteRunnerWorker.run(SuiteRunnerWorker.java:96)
at org.testng.TestNG.runSuitesSequentially(TestNG.java:1187)
at org.testng.TestNG.runSuitesLocally(TestNG.java:1109)
at org.testng.TestNG.runSuites(TestNG.java:1039)
at org.testng.TestNG.run(TestNG.java:1007)
at org.apache.maven.surefire.testng.TestNGExecutor.run(TestNGExecutor.java:281)
at org.apache.maven.surefire.testng.TestNGXmlTestSuite.execute(TestNGXmlTestSuite.java:75)
at org.apache.maven.surefire.testng.TestNGProvider.invoke(TestNGProvider.java:121)
at org.apache.maven.surefire.booter.ForkedBooter.invokeProviderInSameClassLoader(ForkedBooter.java:290)
at org.apache.maven.surefire.booter.ForkedBooter.runSuitesInProcess(ForkedBooter.java:242)
at org.apache.maven.surefire.booter.ForkedBooter.main(ForkedBooter.java:121)
]]>
    </failure>
  </testcase> <!-- @BeforeMethod setUp -->
  <testcase name="@BeforeMethod setPage" time="-1.686610892801E9" classname="scripts._01_ProjectTest">
    <skipped/>
  </testcase> <!-- @BeforeMethod setPage -->
  <testcase name="@AfterMethod tearDown" time="-1.686610892803E9" classname="scripts.Base">
    <skipped/>
  </testcase> <!-- @AfterMethod tearDown -->
  <testcase name="validateEachCell" time="0.293" classname="scripts._17_TGStaticTableTest"/>
  <testcase name="validateFirstRow" time="0.067" classname="scripts._17_TGStaticTableTest"/>
  <testcase name="validateLastColumn" time="0.055" classname="scripts._17_TGStaticTableTest"/>
  <testcase name="validateNavigation" time="10.536" classname="scripts._01_GoogleTest"/>
  <testcase name="validateSearchButton" time="0.224" classname="scripts._01_GoogleTest"/>
  <testcase name="validateTableHeader" time="0.043" classname="scripts._17_TGStaticTableTest"/>
  <testcase name="validateSortAscByQuantity" time="2.147" classname="scripts._18_TGSortableTableTest"/>
  <testcase name="DragAndDrop" time="656.193" classname="scripts._19_TGActionsTest"/>
  <testcase name="keyboardActions" time="4.337" classname="scripts._19_TGActionsTest"/>
  <testcase name="mouseActions" time="0.589" classname="scripts._19_TGActionsTest"/>
  <testcase name="validate" time="0.313" classname="scripts._19_TGActionsTest"/>
  <testcase name="validateTitleAndURL" time="0.027" classname="scripts._01_GoogleTest"/>
  <testcase name="validateAddress" time="0.25" classname="scripts._01_ProjectTest"/>
  <testcase name="validateConsentCheckBox" time="0.4" classname="scripts._01_ProjectTest"/>
  <testcase name="validateContactUsInfo" time="0.187" classname="scripts._01_ProjectTest">
    <failure type="java.lang.AssertionError" message="expected [2860 S River Rd Suite 480, Des Plaines IL 60018] but found [2860 S River Rd Suite 480, Des Plaines, IL 60018]">
      <![CDATA[java.lang.AssertionError: expected [2860 S River Rd Suite 480, Des Plaines IL 60018] but found [2860 S River Rd Suite 480, Des Plaines, IL 60018]
at org.testng.Assert.fail(Assert.java:97)
at org.testng.Assert.assertEqualsImpl(Assert.java:136)
at org.testng.Assert.assertEquals(Assert.java:118)
at org.testng.Assert.assertEquals(Assert.java:575)
at org.testng.Assert.assertEquals(Assert.java:585)
at scripts._01_ProjectTest.validateContactUsInfo(_01_ProjectTest.java:37)
at sun.reflect.NativeMethodAccessorImpl.invoke0(Native Method)
at sun.reflect.NativeMethodAccessorImpl.invoke(NativeMethodAccessorImpl.java:62)
at sun.reflect.DelegatingMethodAccessorImpl.invoke(DelegatingMethodAccessorImpl.java:43)
at java.lang.reflect.Method.invoke(Method.java:498)
at org.testng.internal.MethodInvocationHelper.invokeMethod(MethodInvocationHelper.java:134)
at org.testng.internal.TestInvoker.invokeMethod(TestInvoker.java:597)
at org.testng.internal.TestInvoker.invokeTestMethod(TestInvoker.java:173)
at org.testng.internal.MethodRunner.runInSequence(MethodRunner.java:46)
at org.testng.internal.TestInvoker$MethodInvocationAgent.invoke(TestInvoker.java:816)
at org.testng.internal.TestInvoker.invokeTestMethods(TestInvoker.java:146)
at org.testng.internal.TestMethodWorker.invokeTestMethods(TestMethodWorker.java:146)
at org.testng.internal.TestMethodWorker.run(TestMethodWorker.java:128)
at java.util.ArrayList.forEach(ArrayList.java:1259)
at org.testng.TestRunner.privateRun(TestRunner.java:766)
at org.testng.TestRunner.run(TestRunner.java:587)
at org.testng.SuiteRunner.runTest(SuiteRunner.java:384)
at org.testng.SuiteRunner.runSequentially(SuiteRunner.java:378)
at org.testng.SuiteRunner.privateRun(SuiteRunner.java:337)
at org.testng.SuiteRunner.run(SuiteRunner.java:286)
at org.testng.SuiteRunnerWorker.runSuite(SuiteRunnerWorker.java:53)
at org.testng.SuiteRunnerWorker.run(SuiteRunnerWorker.java:96)
at org.testng.TestNG.runSuitesSequentially(TestNG.java:1187)
at org.testng.TestNG.runSuitesLocally(TestNG.java:1109)
at org.testng.TestNG.runSuites(TestNG.java:1039)
at org.testng.TestNG.run(TestNG.java:1007)
at org.apache.maven.surefire.testng.TestNGExecutor.run(TestNGExecutor.java:281)
at org.apache.maven.surefire.testng.TestNGXmlTestSuite.execute(TestNGXmlTestSuite.java:75)
at org.apache.maven.surefire.testng.TestNGProvider.invoke(TestNGProvider.java:121)
at org.apache.maven.surefire.booter.ForkedBooter.invokeProviderInSameClassLoader(ForkedBooter.java:290)
at org.apache.maven.surefire.booter.ForkedBooter.runSuitesInProcess(ForkedBooter.java:242)
at org.apache.maven.surefire.booter.ForkedBooter.main(ForkedBooter.java:121)
]]>
    </failure>
  </testcase> <!-- validateContactUsInfo -->
  <testcase name="validateEmail" time="0.271" classname="scripts._01_ProjectTest"/>
  <testcase name="validateFullNameInputBox" time="0.245" classname="scripts._01_ProjectTest"/>
  <testcase name="validateGenderRadioButton" time="8.276" classname="scripts._01_ProjectTest"/>
  <testcase name="validateMessage" time="0.149" classname="scripts._01_ProjectTest"/>
  <testcase name="validatePhone" time="0.201" classname="scripts._01_ProjectTest"/>
  <testcase name="validatesubmission" time="0.093" classname="scripts._01_ProjectTest"/>
  <testcase name="validateTheFormSubmission" time="0.0" classname="scripts._01_ProjectTest">
    <skipped/>
  </testcase> <!-- validateTheFormSubmission -->
  <testcase name="validateTheLoginForm" time="0.519" classname="scripts._02_ProjectTest"/>
  <testcase name="validateTheValidLogin" time="0.389" classname="scripts._02_ProjectTest"/>
  <testcase name="validateTheLogOut" time="0.386" classname="scripts._02_ProjectTest"/>
  <testcase name="validateTheForgotPasswordLinkAndResetPasswordModal" time="0.559" classname="scripts._02_ProjectTest"/>
  <testcase name="validateTheResetPasswordModalCloseButton" time="30.329" classname="scripts._02_ProjectTest"/>
  <testcase name="validateTheResetPasswordFormSubmission" time="0.432" classname="scripts._02_ProjectTest"/>
  <testcase name="validateTheInvalidLoginWithEmptyCredentials" time="0.258" classname="scripts._02_ProjectTest"/>
  <testcase name="validateTheInvalidLoginWithTheWrongUsername" time="1.017" classname="scripts._02_ProjectTest"/>
  <testcase name="validateTheInvalidLoginWithTheWrongPassword" time="0.843" classname="scripts._02_ProjectTest"/>
  <testcase name="validateTheInvalidLoginWithTheWrongUsernameAndPassword" time="0.403" classname="scripts._02_ProjectTest"/>
  <testcase name="validateTitleAndURL" time="0.018" classname="scripts._02_AppleTest"/>
  <testcase name="validateKiwiParagraph" time="0.082" classname="scripts._03_TGLocatorsTest"/>
  <testcase name="validateOrangeParagraph" time="0.169" classname="scripts._03_TGLocatorsTest"/>
  <testcase name="validateGrapesParagraph" time="0.064" classname="scripts._03_TGLocatorsTest"/>
  <testcase name="validateRedAppleLink" time="0.073" classname="scripts._03_TGLocatorsTest"/>
  <testcase name="validateAllLinks" time="0.211" classname="scripts._03_TGLocatorsTest"/>
  <testcase name="validateAutomationTools" time="0.137" classname="scripts._04_TGLocatorsTest"/>
  <testcase name="validateLanguages" time="0.129" classname="scripts._04_TGLocatorsTest"/>
  <testcase name="validateListHeaders" time="0.127" classname="scripts._04_TGLocatorsTest"/>
  <testcase name="validateTheHeader" time="0.062" classname="scripts._04_TGLocatorsTest"/>
  <testcase name="validateFacebookInvalidLoginAttempt" time="0.977" classname="scripts._05_FacebookTest"/>
  <testcase name="validateWikiSearch2" time="3.341" classname="scripts._06_WikiTest"/>
  <testcase name="validateDynamicElementBox1" time="0.103" classname="scripts._07_TGDynamicElementsTest"/>
  <testcase name="validateDynamicElementBox2" time="0.083" classname="scripts._07_TGDynamicElementsTest"/>
  <testcase name="waitForBlueBox" time="30.132" classname="scripts._08_TGWaitsTest">
    <failure type="org.openqa.selenium.NoSuchElementException" message="no such element: Unable to locate element: {&amp;quot;method&amp;quot;:&amp;quot;css selector&amp;quot;,&amp;quot;selector&amp;quot;:&amp;quot;button[class*=&amp;apos;blue_box&amp;apos;]&amp;quot;}
  (Session info: chrome=114.0.5735.110)
For documentation on this error, please visit: https://www.seleniumhq.org/exceptions/no_such_element.html
Build info: version: &amp;apos;3.141.59&amp;apos;, revision: &amp;apos;e82be7d358&amp;apos;, time: &amp;apos;2018-11-14T08:17:03&amp;apos;
System info: host: &amp;apos;LAPTOP-CF98PN2R&amp;apos;, ip: &amp;apos;192.168.1.70&amp;apos;, os.name: &amp;apos;Windows 11&amp;apos;, os.arch: &amp;apos;amd64&amp;apos;, os.version: &amp;apos;10.0&amp;apos;, java.version: &amp;apos;1.8.0_361&amp;apos;
Driver info: org.openqa.selenium.chrome.ChromeDriver
Capabilities {acceptInsecureCerts: false, browserName: chrome, browserVersion: 114.0.5735.110, chrome: {chromedriverVersion: 114.0.5735.90 (386bc09e8f4f..., userDataDir: C:\Users\CIHANA~1\AppData\L...}, goog:chromeOptions: {debuggerAddress: localhost:57016}, javascriptEnabled: true, networkConnectionEnabled: false, pageLoadStrategy: normal, platform: WINDOWS, platformName: WINDOWS, proxy: Proxy(), setWindowRect: true, strictFileInteractability: false, timeouts: {implicit: 0, pageLoad: 300000, script: 30000}, unhandledPromptBehavior: dismiss and notify, webauthn:extension:credBlob: true, webauthn:extension:largeBlob: true, webauthn:extension:minPinLength: true, webauthn:extension:prf: true, webauthn:virtualAuthenticators: true}
Session ID: 803d7b9a6293752c348c7b48360af0f6
*** Element info: {Using=css selector, value=button[class*=&amp;apos;blue_box&amp;apos;]}">
      <![CDATA[org.openqa.selenium.NoSuchElementException: no such element: Unable to locate element: {"method":"css selector","selector":"button[class*='blue_box']"}
  (Session info: chrome=114.0.5735.110)
For documentation on this error, please visit: https://www.seleniumhq.org/exceptions/no_such_element.html
Build info: version: '3.141.59', revision: 'e82be7d358', time: '2018-11-14T08:17:03'
System info: host: 'LAPTOP-CF98PN2R', ip: '192.168.1.70', os.name: 'Windows 11', os.arch: 'amd64', os.version: '10.0', java.version: '1.8.0_361'
Driver info: org.openqa.selenium.chrome.ChromeDriver
Capabilities {acceptInsecureCerts: false, browserName: chrome, browserVersion: 114.0.5735.110, chrome: {chromedriverVersion: 114.0.5735.90 (386bc09e8f4f..., userDataDir: C:\Users\CIHANA~1\AppData\L...}, goog:chromeOptions: {debuggerAddress: localhost:57016}, javascriptEnabled: true, networkConnectionEnabled: false, pageLoadStrategy: normal, platform: WINDOWS, platformName: WINDOWS, proxy: Proxy(), setWindowRect: true, strictFileInteractability: false, timeouts: {implicit: 0, pageLoad: 300000, script: 30000}, unhandledPromptBehavior: dismiss and notify, webauthn:extension:credBlob: true, webauthn:extension:largeBlob: true, webauthn:extension:minPinLength: true, webauthn:extension:prf: true, webauthn:virtualAuthenticators: true}
Session ID: 803d7b9a6293752c348c7b48360af0f6
*** Element info: {Using=css selector, value=button[class*='blue_box']}
at sun.reflect.NativeConstructorAccessorImpl.newInstance0(Native Method)
at sun.reflect.NativeConstructorAccessorImpl.newInstance(NativeConstructorAccessorImpl.java:62)
at sun.reflect.DelegatingConstructorAccessorImpl.newInstance(DelegatingConstructorAccessorImpl.java:45)
at java.lang.reflect.Constructor.newInstance(Constructor.java:423)
at org.openqa.selenium.remote.http.W3CHttpResponseCodec.createException(W3CHttpResponseCodec.java:187)
at org.openqa.selenium.remote.http.W3CHttpResponseCodec.decode(W3CHttpResponseCodec.java:122)
at org.openqa.selenium.remote.http.W3CHttpResponseCodec.decode(W3CHttpResponseCodec.java:49)
at org.openqa.selenium.remote.HttpCommandExecutor.execute(HttpCommandExecutor.java:158)
at org.openqa.selenium.remote.service.DriverCommandExecutor.execute(DriverCommandExecutor.java:83)
at org.openqa.selenium.remote.RemoteWebDriver.execute(RemoteWebDriver.java:552)
at org.openqa.selenium.remote.RemoteWebDriver.findElement(RemoteWebDriver.java:323)
at org.openqa.selenium.remote.RemoteWebDriver.findElementByCssSelector(RemoteWebDriver.java:420)
at org.openqa.selenium.By$ByCssSelector.findElement(By.java:431)
at org.openqa.selenium.remote.RemoteWebDriver.findElement(RemoteWebDriver.java:315)
at scripts._08_TGWaitsTest.waitForBlueBox(_08_TGWaitsTest.java:43)
at sun.reflect.NativeMethodAccessorImpl.invoke0(Native Method)
at sun.reflect.NativeMethodAccessorImpl.invoke(NativeMethodAccessorImpl.java:62)
at sun.reflect.DelegatingMethodAccessorImpl.invoke(DelegatingMethodAccessorImpl.java:43)
at java.lang.reflect.Method.invoke(Method.java:498)
at org.testng.internal.MethodInvocationHelper.invokeMethod(MethodInvocationHelper.java:134)
at org.testng.internal.TestInvoker.invokeMethod(TestInvoker.java:597)
at org.testng.internal.TestInvoker.invokeTestMethod(TestInvoker.java:173)
at org.testng.internal.MethodRunner.runInSequence(MethodRunner.java:46)
at org.testng.internal.TestInvoker$MethodInvocationAgent.invoke(TestInvoker.java:816)
at org.testng.internal.TestInvoker.invokeTestMethods(TestInvoker.java:146)
at org.testng.internal.TestMethodWorker.invokeTestMethods(TestMethodWorker.java:146)
at org.testng.internal.TestMethodWorker.run(TestMethodWorker.java:128)
at java.util.ArrayList.forEach(ArrayList.java:1259)
at org.testng.TestRunner.privateRun(TestRunner.java:766)
at org.testng.TestRunner.run(TestRunner.java:587)
at org.testng.SuiteRunner.runTest(SuiteRunner.java:384)
at org.testng.SuiteRunner.runSequentially(SuiteRunner.java:378)
at org.testng.SuiteRunner.privateRun(SuiteRunner.java:337)
at org.testng.SuiteRunner.run(SuiteRunner.java:286)
at org.testng.SuiteRunnerWorker.runSuite(SuiteRunnerWorker.java:53)
at org.testng.SuiteRunnerWorker.run(SuiteRunnerWorker.java:96)
at org.testng.TestNG.runSuitesSequentially(TestNG.java:1187)
at org.testng.TestNG.runSuitesLocally(TestNG.java:1109)
at org.testng.TestNG.runSuites(TestNG.java:1039)
at org.testng.TestNG.run(TestNG.java:1007)
at org.apache.maven.surefire.testng.TestNGExecutor.run(TestNGExecutor.java:281)
at org.apache.maven.surefire.testng.TestNGXmlTestSuite.execute(TestNGXmlTestSuite.java:75)
at org.apache.maven.surefire.testng.TestNGProvider.invoke(TestNGProvider.java:121)
at org.apache.maven.surefire.booter.ForkedBooter.invokeProviderInSameClassLoader(ForkedBooter.java:290)
at org.apache.maven.surefire.booter.ForkedBooter.runSuitesInProcess(ForkedBooter.java:242)
at org.apache.maven.surefire.booter.ForkedBooter.main(ForkedBooter.java:121)
]]>
    </failure>
  </testcase> <!-- waitForBlueBox -->
  <testcase name="checkboxTest" time="0.234" classname="scripts._09_TGCheckboxTest"/>
  <testcase name="checkboxTest2" time="0.258" classname="scripts._09_TGCheckboxTest"/>
  <testcase name="radioButtonsTest" time="0.214" classname="scripts._10_TGRadioButtonsTest"/>
  <testcase name="validatePracticeMore" time="0.325" classname="scripts._10_TGRadioButtonsTest"/>
  <testcase name="dropdownTestCase" time="0.394" classname="scripts._11_TGDropdownsTest"/>
  <testcase name="productColorTest" time="0.178" classname="scripts._11_TGDropdownsTest"/>
  <testcase name="productDeliveryTest" time="30.105" classname="scripts._11_TGDropdownsTest"/>
  <testcase name="productDropdownTest" time="0.128" classname="scripts._11_TGDropdownsTest"/>
  <testcase name="confirmationAlert" time="0.219" classname="scripts._12_TGAlertsTest"/>
  <testcase name="warningAlert" time="0.111" classname="scripts._12_TGAlertsTest"/>
  <testcase name="validateTheParagraph" time="0.18" classname="scripts._13_IFrameTest"/>
  <testcase name="validateTheFormSubmission" time="0.404" classname="scripts._13_IFrameTest"/>
  <testcase name="validateTheAppleNavigation" time="2.673" classname="scripts._14_MultipleWindowsTest"/>
  <testcase name="validateTheMicrosoftNavigation" time="1.97" classname="scripts._14_MultipleWindowsTest"/>
  <testcase name="validateTheTeslaNavigation" time="1.955" classname="scripts._14_MultipleWindowsTest"/>
  <testcase name="validateTheLinkURLs" time="17.34" classname="scripts._14_MultipleWindowsTest"/>
  <testcase name="basicFileUpload" time="0.065" classname="scripts._15_TGFileUpload">
    <failure type="org.openqa.selenium.InvalidArgumentException" message="invalid argument: File not found : /Users/buraksimsek/IdeaProjects/ui_automation_6/hello.txt
  (Session info: chrome=114.0.5735.110)
Build info: version: &amp;apos;3.141.59&amp;apos;, revision: &amp;apos;e82be7d358&amp;apos;, time: &amp;apos;2018-11-14T08:17:03&amp;apos;
System info: host: &amp;apos;LAPTOP-CF98PN2R&amp;apos;, ip: &amp;apos;192.168.1.70&amp;apos;, os.name: &amp;apos;Windows 11&amp;apos;, os.arch: &amp;apos;amd64&amp;apos;, os.version: &amp;apos;10.0&amp;apos;, java.version: &amp;apos;1.8.0_361&amp;apos;
Driver info: org.openqa.selenium.chrome.ChromeDriver
Capabilities {acceptInsecureCerts: false, browserName: chrome, browserVersion: 114.0.5735.110, chrome: {chromedriverVersion: 114.0.5735.90 (386bc09e8f4f..., userDataDir: C:\Users\CIHANA~1\AppData\L...}, goog:chromeOptions: {debuggerAddress: localhost:58155}, javascriptEnabled: true, networkConnectionEnabled: false, pageLoadStrategy: normal, platform: WINDOWS, platformName: WINDOWS, proxy: Proxy(), setWindowRect: true, strictFileInteractability: false, timeouts: {implicit: 0, pageLoad: 300000, script: 30000}, unhandledPromptBehavior: dismiss and notify, webauthn:extension:credBlob: true, webauthn:extension:largeBlob: true, webauthn:extension:minPinLength: true, webauthn:extension:prf: true, webauthn:virtualAuthenticators: true}
Session ID: 22b8ad24d1f638f8cea7d13c34e2b165">
      <![CDATA[org.openqa.selenium.InvalidArgumentException: invalid argument: File not found : /Users/buraksimsek/IdeaProjects/ui_automation_6/hello.txt
  (Session info: chrome=114.0.5735.110)
Build info: version: '3.141.59', revision: 'e82be7d358', time: '2018-11-14T08:17:03'
System info: host: 'LAPTOP-CF98PN2R', ip: '192.168.1.70', os.name: 'Windows 11', os.arch: 'amd64', os.version: '10.0', java.version: '1.8.0_361'
Driver info: org.openqa.selenium.chrome.ChromeDriver
Capabilities {acceptInsecureCerts: false, browserName: chrome, browserVersion: 114.0.5735.110, chrome: {chromedriverVersion: 114.0.5735.90 (386bc09e8f4f..., userDataDir: C:\Users\CIHANA~1\AppData\L...}, goog:chromeOptions: {debuggerAddress: localhost:58155}, javascriptEnabled: true, networkConnectionEnabled: false, pageLoadStrategy: normal, platform: WINDOWS, platformName: WINDOWS, proxy: Proxy(), setWindowRect: true, strictFileInteractability: false, timeouts: {implicit: 0, pageLoad: 300000, script: 30000}, unhandledPromptBehavior: dismiss and notify, webauthn:extension:credBlob: true, webauthn:extension:largeBlob: true, webauthn:extension:minPinLength: true, webauthn:extension:prf: true, webauthn:virtualAuthenticators: true}
Session ID: 22b8ad24d1f638f8cea7d13c34e2b165
at sun.reflect.NativeConstructorAccessorImpl.newInstance0(Native Method)
at sun.reflect.NativeConstructorAccessorImpl.newInstance(NativeConstructorAccessorImpl.java:62)
at sun.reflect.DelegatingConstructorAccessorImpl.newInstance(DelegatingConstructorAccessorImpl.java:45)
at java.lang.reflect.Constructor.newInstance(Constructor.java:423)
at org.openqa.selenium.remote.http.W3CHttpResponseCodec.createException(W3CHttpResponseCodec.java:187)
at org.openqa.selenium.remote.http.W3CHttpResponseCodec.decode(W3CHttpResponseCodec.java:122)
at org.openqa.selenium.remote.http.W3CHttpResponseCodec.decode(W3CHttpResponseCodec.java:49)
at org.openqa.selenium.remote.HttpCommandExecutor.execute(HttpCommandExecutor.java:158)
at org.openqa.selenium.remote.service.DriverCommandExecutor.execute(DriverCommandExecutor.java:83)
at org.openqa.selenium.remote.RemoteWebDriver.execute(RemoteWebDriver.java:552)
at org.openqa.selenium.remote.RemoteWebElement.execute(RemoteWebElement.java:285)
at org.openqa.selenium.remote.RemoteWebElement.sendKeys(RemoteWebElement.java:106)
at scripts._15_TGFileUpload.basicFileUpload(_15_TGFileUpload.java:36)
at sun.reflect.NativeMethodAccessorImpl.invoke0(Native Method)
at sun.reflect.NativeMethodAccessorImpl.invoke(NativeMethodAccessorImpl.java:62)
at sun.reflect.DelegatingMethodAccessorImpl.invoke(DelegatingMethodAccessorImpl.java:43)
at java.lang.reflect.Method.invoke(Method.java:498)
at org.testng.internal.MethodInvocationHelper.invokeMethod(MethodInvocationHelper.java:134)
at org.testng.internal.TestInvoker.invokeMethod(TestInvoker.java:597)
at org.testng.internal.TestInvoker.invokeTestMethod(TestInvoker.java:173)
at org.testng.internal.MethodRunner.runInSequence(MethodRunner.java:46)
at org.testng.internal.TestInvoker$MethodInvocationAgent.invoke(TestInvoker.java:816)
at org.testng.internal.TestInvoker.invokeTestMethods(TestInvoker.java:146)
at org.testng.internal.TestMethodWorker.invokeTestMethods(TestMethodWorker.java:146)
at org.testng.internal.TestMethodWorker.run(TestMethodWorker.java:128)
at java.util.ArrayList.forEach(ArrayList.java:1259)
at org.testng.TestRunner.privateRun(TestRunner.java:766)
at org.testng.TestRunner.run(TestRunner.java:587)
at org.testng.SuiteRunner.runTest(SuiteRunner.java:384)
at org.testng.SuiteRunner.runSequentially(SuiteRunner.java:378)
at org.testng.SuiteRunner.privateRun(SuiteRunner.java:337)
at org.testng.SuiteRunner.run(SuiteRunner.java:286)
at org.testng.SuiteRunnerWorker.runSuite(SuiteRunnerWorker.java:53)
at org.testng.SuiteRunnerWorker.run(SuiteRunnerWorker.java:96)
at org.testng.TestNG.runSuitesSequentially(TestNG.java:1187)
at org.testng.TestNG.runSuitesLocally(TestNG.java:1109)
at org.testng.TestNG.runSuites(TestNG.java:1039)
at org.testng.TestNG.run(TestNG.java:1007)
at org.apache.maven.surefire.testng.TestNGExecutor.run(TestNGExecutor.java:281)
at org.apache.maven.surefire.testng.TestNGXmlTestSuite.execute(TestNGXmlTestSuite.java:75)
at org.apache.maven.surefire.testng.TestNGProvider.invoke(TestNGProvider.java:121)
at org.apache.maven.surefire.booter.ForkedBooter.invokeProviderInSameClassLoader(ForkedBooter.java:290)
at org.apache.maven.surefire.booter.ForkedBooter.runSuitesInProcess(ForkedBooter.java:242)
at org.apache.maven.surefire.booter.ForkedBooter.main(ForkedBooter.java:121)
]]>
    </failure>
  </testcase> <!-- basicFileUpload -->
  <testcase name="validateDynamicElementBothBoxes" time="0.0" classname="scripts._07_TGDynamicElementsTest">
    <ignored/>
  </testcase> <!-- validateDynamicElementBothBoxes -->
  <testcase name="validateFacebookLoginForm" time="0.0" classname="scripts._05_FacebookTest">
    <ignored/>
  </testcase> <!-- validateFacebookLoginForm -->
  <testcase name="basicFileDownload" time="0.0" classname="scripts._16_TGFileDownload">
    <ignored/>
  </testcase> <!-- basicFileDownload -->
  <testcase name="validateDescByPrice" time="0.0" classname="scripts._18_TGSortableTableTest">
    <ignored/>
  </testcase> <!-- validateDescByPrice -->
  <testcase name="validateWikiSearch1" time="0.0" classname="scripts._06_WikiTest">
    <ignored/>
  </testcase> <!-- validateWikiSearch1 -->
  <testcase name="validateSortDescByQuantity" time="0.0" classname="scripts._18_TGSortableTableTest">
    <ignored/>
  </testcase> <!-- validateSortDescByQuantity -->
  <testcase name="validateAscByPrice" time="0.0" classname="scripts._18_TGSortableTableTest">
    <ignored/>
  </testcase> <!-- validateAscByPrice -->
  <testcase name="validateSearchBar" time="0.0" classname="scripts._01_GoogleTest">
    <ignored/>
  </testcase> <!-- validateSearchBar -->
  <testcase name="validateRedBox" time="0.0" classname="scripts._08_TGWaitsTest">
    <ignored/>
  </testcase> <!-- validateRedBox -->
  <testcase name="validateAllParagraphs" time="0.0" classname="scripts._03_TGLocatorsTest">
    <ignored/>
  </testcase> <!-- validateAllParagraphs -->
</testsuite> <!-- All Functionalities -->
