<?xml version="1.0" encoding="UTF-8"?>
<!-- Generated by org.testng.reporters.JUnitXMLReporter -->
<testsuite hostname="LAPTOP-CF98PN2R" ignored="0" name="Command line test" tests="57" failures="3" timestamp="2023-06-04T13:10:43 MDT" time="409.219" errors="0">
  <testcase name="validateNavigation" time="11.086" classname="scripts._01_GoogleTest"/>
  <testcase name="validateSearchButton" time="0.208" classname="scripts._01_GoogleTest"/>
  <testcase name="validateTitleAndURL" time="0.047" classname="scripts._01_GoogleTest"/>
  <testcase name="validateSearchBar" time="0.066" classname="scripts._01_GoogleTest"/>
  <testcase name="validateAddress" time="0.256" classname="scripts._01_ProjectTest"/>
  <testcase name="validateConsentCheckBox" time="0.364" classname="scripts._01_ProjectTest"/>
  <testcase name="validateContactUsInfo" time="0.297" classname="scripts._01_ProjectTest"/>
  <testcase name="validateEmail" time="0.21" classname="scripts._01_ProjectTest"/>
  <testcase name="validateFullNameInputBox" time="0.248" classname="scripts._01_ProjectTest"/>
  <testcase name="validateGenderRadioButton" time="8.519" classname="scripts._01_ProjectTest"/>
  <testcase name="validateMessage" time="0.217" classname="scripts._01_ProjectTest"/>
  <testcase name="validatePhone" time="0.228" classname="scripts._01_ProjectTest"/>
  <testcase name="validatesubmission" time="0.183" classname="scripts._01_ProjectTest"/>
  <testcase name="validateTheFormSubmission" time="31.51" classname="scripts._01_ProjectTest"/>
  <testcase name="validateTitleAndURL" time="0.077" classname="scripts._02_AppleTest"/>
  <testcase name="validateKiwiParagraph" time="0.072" classname="scripts._03_TGLocatorsTest"/>
  <testcase name="validateOrangeParagraph" time="0.298" classname="scripts._03_TGLocatorsTest"/>
  <testcase name="validateGrapesParagraph" time="0.266" classname="scripts._03_TGLocatorsTest"/>
  <testcase name="validateAllParagraphs" time="0.25" classname="scripts._03_TGLocatorsTest"/>
  <testcase name="validateRedAppleLink" time="0.408" classname="scripts._03_TGLocatorsTest"/>
  <testcase name="validateAllLinks" time="0.54" classname="scripts._03_TGLocatorsTest"/>
  <testcase name="validateAutomationTools" time="0.426" classname="scripts._04_TGLocatorsTest"/>
  <testcase name="validateLanguages" time="0.795" classname="scripts._04_TGLocatorsTest"/>
  <testcase name="validateListHeaders" time="0.199" classname="scripts._04_TGLocatorsTest"/>
  <testcase name="validateTheHeader" time="0.074" classname="scripts._04_TGLocatorsTest"/>
  <testcase name="validateFacebookInvalidLoginAttempt" time="1.121" classname="scripts._05_FacebookTest">
    <failure type="java.lang.AssertionError" message="expected [The email you entered isn&amp;apos;t connected to an account. Find your account and log in.] but found [The email you entered isn’t connected to an account. Find your account and log in.]">
      <![CDATA[java.lang.AssertionError: expected [The email you entered isn't connected to an account. Find your account and log in.] but found [The email you entered isn’t connected to an account. Find your account and log in.]
at scripts._05_FacebookTest.validateFacebookInvalidLoginAttempt(_05_FacebookTest.java:93)
at java.util.ArrayList.forEach(ArrayList.java:1259)
... Removed 42 stack frames]]>
    </failure>
  </testcase> <!-- validateFacebookInvalidLoginAttempt -->
  <testcase name="validateFacebookLoginForm" time="0.427" classname="scripts._05_FacebookTest"/>
  <testcase name="validateWikiSearch1" time="1.682" classname="scripts._06_WikiTest"/>
  <testcase name="validateWikiSearch2" time="1.221" classname="scripts._06_WikiTest"/>
  <testcase name="validateDynamicElementBothBoxes" time="0.154" classname="scripts._07_TGDynamicElementsTest"/>
  <testcase name="validateDynamicElementBox1" time="0.085" classname="scripts._07_TGDynamicElementsTest"/>
  <testcase name="validateDynamicElementBox2" time="0.074" classname="scripts._07_TGDynamicElementsTest"/>
  <testcase name="validateRedBox" time="10.101" classname="scripts._08_TGWaitsTest"/>
  <testcase name="waitForBlueBox" time="30.08" classname="scripts._08_TGWaitsTest">
    <failure type="org.openqa.selenium.NoSuchElementException" message="no such element: Unable to locate element: {&amp;quot;method&amp;quot;:&amp;quot;css selector&amp;quot;,&amp;quot;selector&amp;quot;:&amp;quot;button[class*=&amp;apos;blue_box&amp;apos;]&amp;quot;}
  (Session info: chrome=114.0.5735.90)
For documentation on this error, please visit: https://www.seleniumhq.org/exceptions/no_such_element.html
Build info: version: &amp;apos;3.141.59&amp;apos;, revision: &amp;apos;e82be7d358&amp;apos;, time: &amp;apos;2018-11-14T08:17:03&amp;apos;
System info: host: &amp;apos;LAPTOP-CF98PN2R&amp;apos;, ip: &amp;apos;192.168.1.70&amp;apos;, os.name: &amp;apos;Windows 11&amp;apos;, os.arch: &amp;apos;amd64&amp;apos;, os.version: &amp;apos;10.0&amp;apos;, java.version: &amp;apos;1.8.0_361&amp;apos;
Driver info: org.openqa.selenium.chrome.ChromeDriver
Capabilities {acceptInsecureCerts: false, browserName: chrome, browserVersion: 114.0.5735.90, chrome: {chromedriverVersion: 114.0.5735.90 (386bc09e8f4f..., userDataDir: C:\Users\CIHANA~1\AppData\L...}, goog:chromeOptions: {debuggerAddress: localhost:50102}, javascriptEnabled: true, networkConnectionEnabled: false, pageLoadStrategy: normal, platform: WINDOWS, platformName: WINDOWS, proxy: Proxy(), setWindowRect: true, strictFileInteractability: false, timeouts: {implicit: 0, pageLoad: 300000, script: 30000}, unhandledPromptBehavior: dismiss and notify, webauthn:extension:credBlob: true, webauthn:extension:largeBlob: true, webauthn:extension:minPinLength: true, webauthn:extension:prf: true, webauthn:virtualAuthenticators: true}
Session ID: 7b52d8e65587b6563bd377860022efc2
*** Element info: {Using=css selector, value=button[class*=&amp;apos;blue_box&amp;apos;]}">
      <![CDATA[org.openqa.selenium.NoSuchElementException: no such element: Unable to locate element: {"method":"css selector","selector":"button[class*='blue_box']"}
  (Session info: chrome=114.0.5735.90)
For documentation on this error, please visit: https://www.seleniumhq.org/exceptions/no_such_element.html
Build info: version: '3.141.59', revision: 'e82be7d358', time: '2018-11-14T08:17:03'
System info: host: 'LAPTOP-CF98PN2R', ip: '192.168.1.70', os.name: 'Windows 11', os.arch: 'amd64', os.version: '10.0', java.version: '1.8.0_361'
Driver info: org.openqa.selenium.chrome.ChromeDriver
Capabilities {acceptInsecureCerts: false, browserName: chrome, browserVersion: 114.0.5735.90, chrome: {chromedriverVersion: 114.0.5735.90 (386bc09e8f4f..., userDataDir: C:\Users\CIHANA~1\AppData\L...}, goog:chromeOptions: {debuggerAddress: localhost:50102}, javascriptEnabled: true, networkConnectionEnabled: false, pageLoadStrategy: normal, platform: WINDOWS, platformName: WINDOWS, proxy: Proxy(), setWindowRect: true, strictFileInteractability: false, timeouts: {implicit: 0, pageLoad: 300000, script: 30000}, unhandledPromptBehavior: dismiss and notify, webauthn:extension:credBlob: true, webauthn:extension:largeBlob: true, webauthn:extension:minPinLength: true, webauthn:extension:prf: true, webauthn:virtualAuthenticators: true}
Session ID: 7b52d8e65587b6563bd377860022efc2
*** Element info: {Using=css selector, value=button[class*='blue_box']}
at org.openqa.selenium.remote.http.W3CHttpResponseCodec.createException(W3CHttpResponseCodec.java:187)
at org.openqa.selenium.remote.http.W3CHttpResponseCodec.decode(W3CHttpResponseCodec.java:122)
at org.openqa.selenium.remote.http.W3CHttpResponseCodec.decode(W3CHttpResponseCodec.java:49)
at org.openqa.selenium.remote.HttpCommandExecutor.execute(HttpCommandExecutor.java:158)
at org.openqa.selenium.remote.service.DriverCommandExecutor.execute(DriverCommandExecutor.java:83)
at org.openqa.selenium.remote.RemoteWebDriver.execute(RemoteWebDriver.java:552)
at org.openqa.selenium.remote.RemoteWebDriver.findElement(RemoteWebDriver.java:323)
at org.openqa.selenium.remote.RemoteWebDriver.findElementByCssSelector(RemoteWebDriver.java:420)
at org.openqa.selenium.By$ByCssSelector.findElement(By.java:431)
at org.openqa.selenium.remote.RemoteWebDriver.findElement(RemoteWebDriver.java:315)
at scripts._08_TGWaitsTest.waitForBlueBox(_08_TGWaitsTest.java:43)
at java.util.ArrayList.forEach(ArrayList.java:1259)
... Removed 41 stack frames]]>
    </failure>
  </testcase> <!-- waitForBlueBox -->
  <testcase name="checkboxTest" time="0.273" classname="scripts._09_TGCheckboxTest"/>
  <testcase name="checkboxTest2" time="0.254" classname="scripts._09_TGCheckboxTest"/>
  <testcase name="radioButtonsTest" time="0.232" classname="scripts._10_TGRadioButtonsTest"/>
  <testcase name="validatePracticeMore" time="0.327" classname="scripts._10_TGRadioButtonsTest"/>
  <testcase name="dropdownTestCase" time="0.414" classname="scripts._11_TGDropdownsTest"/>
  <testcase name="productColorTest" time="0.11" classname="scripts._11_TGDropdownsTest"/>
  <testcase name="productDeliveryTest" time="30.136" classname="scripts._11_TGDropdownsTest"/>
  <testcase name="productDropdownTest" time="0.256" classname="scripts._11_TGDropdownsTest"/>
  <testcase name="confirmationAlert" time="0.188" classname="scripts._12_TGAlertsTest"/>
  <testcase name="warningAlert" time="0.231" classname="scripts._12_TGAlertsTest"/>
  <testcase name="validateTheParagraph" time="0.262" classname="scripts._13_IFrameTest"/>
  <testcase name="validateTheFormSubmission" time="1.28" classname="scripts._13_IFrameTest"/>
  <testcase name="validateTheAppleNavigation" time="2.581" classname="scripts._14_MultipleWindowsTest"/>
  <testcase name="validateTheMicrosoftNavigation" time="2.194" classname="scripts._14_MultipleWindowsTest"/>
  <testcase name="validateTheTeslaNavigation" time="2.84" classname="scripts._14_MultipleWindowsTest"/>
  <testcase name="validateTheLinkURLs" time="12.131" classname="scripts._14_MultipleWindowsTest"/>
  <testcase name="validateEachCell" time="0.231" classname="scripts._17_TGStaticTableTest"/>
  <testcase name="validateFirstRow" time="0.098" classname="scripts._17_TGStaticTableTest"/>
  <testcase name="validateLastColumn" time="0.097" classname="scripts._17_TGStaticTableTest"/>
  <testcase name="validateTableHeader" time="0.067" classname="scripts._17_TGStaticTableTest"/>
  <testcase name="validateAscByPrice" time="2.142" classname="scripts._18_TGSortableTableTest">
    <failure type="java.lang.AssertionError" message="expected [true] but found [false]">
      <![CDATA[java.lang.AssertionError: expected [true] but found [false]
at scripts._18_TGSortableTableTest.validateAscByPrice(_18_TGSortableTableTest.java:97)
at java.util.ArrayList.forEach(ArrayList.java:1259)
... Removed 41 stack frames]]>
    </failure>
  </testcase> <!-- validateAscByPrice -->
  <testcase name="validateSortAscByQuantity" time="2.113" classname="scripts._18_TGSortableTableTest"/>
  <testcase name="validateSortDescByQuantity" time="2.127" classname="scripts._18_TGSortableTableTest"/>
</testsuite> <!-- Command line test -->
