<?xml version="1.0" encoding="UTF-8"?>
<testng-results skipped="1" failed="3" ignored="10" total="74" passed="60">
  <reporter-output>
  </reporter-output>
  <suite name="Regression Suite" duration-ms="1101585" started-at="2023-06-12T16:48:17 MDT" finished-at="2023-06-12T17:06:38 MDT">
    <groups>
    </groups>
    <test name="All Functionalities" duration-ms="1101585" started-at="2023-06-12T16:48:17 MDT" finished-at="2023-06-12T17:06:38 MDT">
      <class name="scripts._07_TGDynamicElementsTest">
        <test-method status="PASS" signature="setUp()[pri:0, instance:scripts._07_TGDynamicElementsTest@4fe3c938]" name="setUp" is-config="true" duration-ms="1569" started-at="2023-06-12T17:03:52 MDT" finished-at="2023-06-12T17:03:54 MDT">
          <reporter-output>
          </reporter-output>
        </test-method> <!-- setUp -->
        <test-method status="PASS" signature="setPage()[pri:0, instance:scripts._07_TGDynamicElementsTest@4fe3c938]" name="setPage" is-config="true" duration-ms="1618" started-at="2023-06-12T17:03:54 MDT" finished-at="2023-06-12T17:03:55 MDT">
          <reporter-output>
          </reporter-output>
        </test-method> <!-- setPage -->
        <test-method status="PASS" signature="validateDynamicElementBox1()[pri:0, instance:scripts._07_TGDynamicElementsTest@4fe3c938]" name="validateDynamicElementBox1" duration-ms="103" started-at="2023-06-12T17:03:55 MDT" finished-at="2023-06-12T17:03:55 MDT">
          <reporter-output>
          </reporter-output>
        </test-method> <!-- validateDynamicElementBox1 -->
        <test-method status="PASS" signature="tearDown()[pri:0, instance:scripts._07_TGDynamicElementsTest@4fe3c938]" name="tearDown" is-config="true" duration-ms="862" started-at="2023-06-12T17:03:55 MDT" finished-at="2023-06-12T17:03:56 MDT">
          <reporter-output>
          </reporter-output>
        </test-method> <!-- tearDown -->
        <test-method status="PASS" signature="setUp()[pri:0, instance:scripts._07_TGDynamicElementsTest@4fe3c938]" name="setUp" is-config="true" duration-ms="1537" started-at="2023-06-12T17:03:56 MDT" finished-at="2023-06-12T17:03:58 MDT">
          <reporter-output>
          </reporter-output>
        </test-method> <!-- setUp -->
        <test-method status="PASS" signature="setPage()[pri:0, instance:scripts._07_TGDynamicElementsTest@4fe3c938]" name="setPage" is-config="true" duration-ms="2166" started-at="2023-06-12T17:03:58 MDT" finished-at="2023-06-12T17:04:00 MDT">
          <reporter-output>
          </reporter-output>
        </test-method> <!-- setPage -->
        <test-method status="PASS" signature="validateDynamicElementBox2()[pri:0, instance:scripts._07_TGDynamicElementsTest@4fe3c938]" name="validateDynamicElementBox2" duration-ms="83" started-at="2023-06-12T17:04:00 MDT" finished-at="2023-06-12T17:04:00 MDT">
          <reporter-output>
          </reporter-output>
        </test-method> <!-- validateDynamicElementBox2 -->
        <test-method status="PASS" signature="tearDown()[pri:0, instance:scripts._07_TGDynamicElementsTest@4fe3c938]" name="tearDown" is-config="true" duration-ms="768" started-at="2023-06-12T17:04:00 MDT" finished-at="2023-06-12T17:04:01 MDT">
          <reporter-output>
          </reporter-output>
        </test-method> <!-- tearDown -->
      </class> <!-- scripts._07_TGDynamicElementsTest -->
      <class name="scripts._19_TGActionsTest">
        <test-method status="PASS" signature="setUp()[pri:0, instance:scripts._19_TGActionsTest@6d7b4f4c]" name="setUp" is-config="true" duration-ms="1474" started-at="2023-06-12T16:49:03 MDT" finished-at="2023-06-12T16:49:05 MDT">
          <reporter-output>
          </reporter-output>
        </test-method> <!-- setUp -->
        <test-method status="PASS" signature="setPage()[pri:0, instance:scripts._19_TGActionsTest@6d7b4f4c]" name="setPage" is-config="true" duration-ms="1628" started-at="2023-06-12T16:49:05 MDT" finished-at="2023-06-12T16:49:07 MDT">
          <reporter-output>
          </reporter-output>
        </test-method> <!-- setPage -->
        <test-method status="PASS" signature="DragAndDrop()[pri:0, instance:scripts._19_TGActionsTest@6d7b4f4c]" name="DragAndDrop" duration-ms="656193" started-at="2023-06-12T16:49:07 MDT" finished-at="2023-06-12T17:00:03 MDT">
          <reporter-output>
          </reporter-output>
        </test-method> <!-- DragAndDrop -->
        <test-method status="PASS" signature="tearDown()[pri:0, instance:scripts._19_TGActionsTest@6d7b4f4c]" name="tearDown" is-config="true" duration-ms="3559" started-at="2023-06-12T17:00:03 MDT" finished-at="2023-06-12T17:00:06 MDT">
          <reporter-output>
          </reporter-output>
        </test-method> <!-- tearDown -->
        <test-method status="PASS" signature="setUp()[pri:0, instance:scripts._19_TGActionsTest@6d7b4f4c]" name="setUp" is-config="true" duration-ms="1965" started-at="2023-06-12T17:00:06 MDT" finished-at="2023-06-12T17:00:08 MDT">
          <reporter-output>
          </reporter-output>
        </test-method> <!-- setUp -->
        <test-method status="PASS" signature="setPage()[pri:0, instance:scripts._19_TGActionsTest@6d7b4f4c]" name="setPage" is-config="true" duration-ms="4032" started-at="2023-06-12T17:00:08 MDT" finished-at="2023-06-12T17:00:12 MDT">
          <reporter-output>
          </reporter-output>
        </test-method> <!-- setPage -->
        <test-method status="PASS" signature="keyboardActions()[pri:0, instance:scripts._19_TGActionsTest@6d7b4f4c]" name="keyboardActions" duration-ms="4337" started-at="2023-06-12T17:00:12 MDT" finished-at="2023-06-12T17:00:17 MDT">
          <reporter-output>
          </reporter-output>
        </test-method> <!-- keyboardActions -->
        <test-method status="PASS" signature="tearDown()[pri:0, instance:scripts._19_TGActionsTest@6d7b4f4c]" name="tearDown" is-config="true" duration-ms="753" started-at="2023-06-12T17:00:17 MDT" finished-at="2023-06-12T17:00:17 MDT">
          <reporter-output>
          </reporter-output>
        </test-method> <!-- tearDown -->
        <test-method status="PASS" signature="setUp()[pri:0, instance:scripts._19_TGActionsTest@6d7b4f4c]" name="setUp" is-config="true" duration-ms="2133" started-at="2023-06-12T17:00:17 MDT" finished-at="2023-06-12T17:00:20 MDT">
          <reporter-output>
          </reporter-output>
        </test-method> <!-- setUp -->
        <test-method status="PASS" signature="setPage()[pri:0, instance:scripts._19_TGActionsTest@6d7b4f4c]" name="setPage" is-config="true" duration-ms="2097" started-at="2023-06-12T17:00:20 MDT" finished-at="2023-06-12T17:00:22 MDT">
          <reporter-output>
          </reporter-output>
        </test-method> <!-- setPage -->
        <test-method status="PASS" signature="mouseActions()[pri:0, instance:scripts._19_TGActionsTest@6d7b4f4c]" name="mouseActions" duration-ms="589" started-at="2023-06-12T17:00:22 MDT" finished-at="2023-06-12T17:00:22 MDT">
          <reporter-output>
          </reporter-output>
        </test-method> <!-- mouseActions -->
        <test-method status="PASS" signature="tearDown()[pri:0, instance:scripts._19_TGActionsTest@6d7b4f4c]" name="tearDown" is-config="true" duration-ms="736" started-at="2023-06-12T17:00:22 MDT" finished-at="2023-06-12T17:00:23 MDT">
          <reporter-output>
          </reporter-output>
        </test-method> <!-- tearDown -->
        <test-method status="PASS" signature="setUp()[pri:0, instance:scripts._19_TGActionsTest@6d7b4f4c]" name="setUp" is-config="true" duration-ms="1964" started-at="2023-06-12T17:00:23 MDT" finished-at="2023-06-12T17:00:25 MDT">
          <reporter-output>
          </reporter-output>
        </test-method> <!-- setUp -->
        <test-method status="PASS" signature="setPage()[pri:0, instance:scripts._19_TGActionsTest@6d7b4f4c]" name="setPage" is-config="true" duration-ms="3658" started-at="2023-06-12T17:00:25 MDT" finished-at="2023-06-12T17:00:29 MDT">
          <reporter-output>
          </reporter-output>
        </test-method> <!-- setPage -->
        <test-method status="PASS" signature="validate()[pri:0, instance:scripts._19_TGActionsTest@6d7b4f4c]" name="validate" duration-ms="313" started-at="2023-06-12T17:00:29 MDT" finished-at="2023-06-12T17:00:29 MDT">
          <reporter-output>
          </reporter-output>
        </test-method> <!-- validate -->
        <test-method status="PASS" signature="tearDown()[pri:0, instance:scripts._19_TGActionsTest@6d7b4f4c]" name="tearDown" is-config="true" duration-ms="827" started-at="2023-06-12T17:00:29 MDT" finished-at="2023-06-12T17:00:30 MDT">
          <reporter-output>
          </reporter-output>
        </test-method> <!-- tearDown -->
      </class> <!-- scripts._19_TGActionsTest -->
      <class name="scripts._08_TGWaitsTest">
        <test-method status="PASS" signature="setUp()[pri:0, instance:scripts._08_TGWaitsTest@5383967b]" name="setUp" is-config="true" duration-ms="1520" started-at="2023-06-12T17:04:01 MDT" finished-at="2023-06-12T17:04:02 MDT">
          <reporter-output>
          </reporter-output>
        </test-method> <!-- setUp -->
        <test-method status="PASS" signature="setPage()[pri:0, instance:scripts._08_TGWaitsTest@5383967b]" name="setPage" is-config="true" duration-ms="2029" started-at="2023-06-12T17:04:02 MDT" finished-at="2023-06-12T17:04:04 MDT">
          <reporter-output>
          </reporter-output>
        </test-method> <!-- setPage -->
        <test-method status="FAIL" signature="waitForBlueBox()[pri:0, instance:scripts._08_TGWaitsTest@5383967b]" name="waitForBlueBox" duration-ms="30132" started-at="2023-06-12T17:04:04 MDT" finished-at="2023-06-12T17:04:34 MDT">
          <exception class="org.openqa.selenium.NoSuchElementException">
            <message>
              <![CDATA[no such element: Unable to locate element: {"method":"css selector","selector":"button[class*='blue_box']"}
  (Session info: chrome=114.0.5735.110)
For documentation on this error, please visit: https://www.seleniumhq.org/exceptions/no_such_element.html
Build info: version: '3.141.59', revision: 'e82be7d358', time: '2018-11-14T08:17:03'
System info: host: 'LAPTOP-CF98PN2R', ip: '192.168.1.70', os.name: 'Windows 11', os.arch: 'amd64', os.version: '10.0', java.version: '1.8.0_361'
Driver info: org.openqa.selenium.chrome.ChromeDriver
Capabilities {acceptInsecureCerts: false, browserName: chrome, browserVersion: 114.0.5735.110, chrome: {chromedriverVersion: 114.0.5735.90 (386bc09e8f4f..., userDataDir: C:\Users\CIHANA~1\AppData\L...}, goog:chromeOptions: {debuggerAddress: localhost:57016}, javascriptEnabled: true, networkConnectionEnabled: false, pageLoadStrategy: normal, platform: WINDOWS, platformName: WINDOWS, proxy: Proxy(), setWindowRect: true, strictFileInteractability: false, timeouts: {implicit: 0, pageLoad: 300000, script: 30000}, unhandledPromptBehavior: dismiss and notify, webauthn:extension:credBlob: true, webauthn:extension:largeBlob: true, webauthn:extension:minPinLength: true, webauthn:extension:prf: true, webauthn:virtualAuthenticators: true}
Session ID: 803d7b9a6293752c348c7b48360af0f6
*** Element info: {Using=css selector, value=button[class*='blue_box']}]]>
            </message>
            <full-stacktrace>
              <![CDATA[org.openqa.selenium.NoSuchElementException: no such element: Unable to locate element: {"method":"css selector","selector":"button[class*='blue_box']"}
  (Session info: chrome=114.0.5735.110)
For documentation on this error, please visit: https://www.seleniumhq.org/exceptions/no_such_element.html
Build info: version: '3.141.59', revision: 'e82be7d358', time: '2018-11-14T08:17:03'
System info: host: 'LAPTOP-CF98PN2R', ip: '192.168.1.70', os.name: 'Windows 11', os.arch: 'amd64', os.version: '10.0', java.version: '1.8.0_361'
Driver info: org.openqa.selenium.chrome.ChromeDriver
Capabilities {acceptInsecureCerts: false, browserName: chrome, browserVersion: 114.0.5735.110, chrome: {chromedriverVersion: 114.0.5735.90 (386bc09e8f4f..., userDataDir: C:\Users\CIHANA~1\AppData\L...}, goog:chromeOptions: {debuggerAddress: localhost:57016}, javascriptEnabled: true, networkConnectionEnabled: false, pageLoadStrategy: normal, platform: WINDOWS, platformName: WINDOWS, proxy: Proxy(), setWindowRect: true, strictFileInteractability: false, timeouts: {implicit: 0, pageLoad: 300000, script: 30000}, unhandledPromptBehavior: dismiss and notify, webauthn:extension:credBlob: true, webauthn:extension:largeBlob: true, webauthn:extension:minPinLength: true, webauthn:extension:prf: true, webauthn:virtualAuthenticators: true}
Session ID: 803d7b9a6293752c348c7b48360af0f6
*** Element info: {Using=css selector, value=button[class*='blue_box']}
at sun.reflect.NativeConstructorAccessorImpl.newInstance0(Native Method)
at sun.reflect.NativeConstructorAccessorImpl.newInstance(NativeConstructorAccessorImpl.java:62)
at sun.reflect.DelegatingConstructorAccessorImpl.newInstance(DelegatingConstructorAccessorImpl.java:45)
at java.lang.reflect.Constructor.newInstance(Constructor.java:423)
at org.openqa.selenium.remote.http.W3CHttpResponseCodec.createException(W3CHttpResponseCodec.java:187)
at org.openqa.selenium.remote.http.W3CHttpResponseCodec.decode(W3CHttpResponseCodec.java:122)
at org.openqa.selenium.remote.http.W3CHttpResponseCodec.decode(W3CHttpResponseCodec.java:49)
at org.openqa.selenium.remote.HttpCommandExecutor.execute(HttpCommandExecutor.java:158)
at org.openqa.selenium.remote.service.DriverCommandExecutor.execute(DriverCommandExecutor.java:83)
at org.openqa.selenium.remote.RemoteWebDriver.execute(RemoteWebDriver.java:552)
at org.openqa.selenium.remote.RemoteWebDriver.findElement(RemoteWebDriver.java:323)
at org.openqa.selenium.remote.RemoteWebDriver.findElementByCssSelector(RemoteWebDriver.java:420)
at org.openqa.selenium.By$ByCssSelector.findElement(By.java:431)
at org.openqa.selenium.remote.RemoteWebDriver.findElement(RemoteWebDriver.java:315)
at scripts._08_TGWaitsTest.waitForBlueBox(_08_TGWaitsTest.java:43)
at sun.reflect.NativeMethodAccessorImpl.invoke0(Native Method)
at sun.reflect.NativeMethodAccessorImpl.invoke(NativeMethodAccessorImpl.java:62)
at sun.reflect.DelegatingMethodAccessorImpl.invoke(DelegatingMethodAccessorImpl.java:43)
at java.lang.reflect.Method.invoke(Method.java:498)
at org.testng.internal.MethodInvocationHelper.invokeMethod(MethodInvocationHelper.java:134)
at org.testng.internal.TestInvoker.invokeMethod(TestInvoker.java:597)
at org.testng.internal.TestInvoker.invokeTestMethod(TestInvoker.java:173)
at org.testng.internal.MethodRunner.runInSequence(MethodRunner.java:46)
at org.testng.internal.TestInvoker$MethodInvocationAgent.invoke(TestInvoker.java:816)
at org.testng.internal.TestInvoker.invokeTestMethods(TestInvoker.java:146)
at org.testng.internal.TestMethodWorker.invokeTestMethods(TestMethodWorker.java:146)
at org.testng.internal.TestMethodWorker.run(TestMethodWorker.java:128)
at java.util.ArrayList.forEach(ArrayList.java:1259)
at org.testng.TestRunner.privateRun(TestRunner.java:766)
at org.testng.TestRunner.run(TestRunner.java:587)
at org.testng.SuiteRunner.runTest(SuiteRunner.java:384)
at org.testng.SuiteRunner.runSequentially(SuiteRunner.java:378)
at org.testng.SuiteRunner.privateRun(SuiteRunner.java:337)
at org.testng.SuiteRunner.run(SuiteRunner.java:286)
at org.testng.SuiteRunnerWorker.runSuite(SuiteRunnerWorker.java:53)
at org.testng.SuiteRunnerWorker.run(SuiteRunnerWorker.java:96)
at org.testng.TestNG.runSuitesSequentially(TestNG.java:1187)
at org.testng.TestNG.runSuitesLocally(TestNG.java:1109)
at org.testng.TestNG.runSuites(TestNG.java:1039)
at org.testng.TestNG.run(TestNG.java:1007)
at org.apache.maven.surefire.testng.TestNGExecutor.run(TestNGExecutor.java:281)
at org.apache.maven.surefire.testng.TestNGXmlTestSuite.execute(TestNGXmlTestSuite.java:75)
at org.apache.maven.surefire.testng.TestNGProvider.invoke(TestNGProvider.java:121)
at org.apache.maven.surefire.booter.ForkedBooter.invokeProviderInSameClassLoader(ForkedBooter.java:290)
at org.apache.maven.surefire.booter.ForkedBooter.runSuitesInProcess(ForkedBooter.java:242)
at org.apache.maven.surefire.booter.ForkedBooter.main(ForkedBooter.java:121)
]]>
            </full-stacktrace>
          </exception> <!-- org.openqa.selenium.NoSuchElementException -->
          <reporter-output>
          </reporter-output>
        </test-method> <!-- waitForBlueBox -->
        <test-method status="PASS" signature="tearDown()[pri:0, instance:scripts._08_TGWaitsTest@5383967b]" name="tearDown" is-config="true" duration-ms="846" started-at="2023-06-12T17:04:34 MDT" finished-at="2023-06-12T17:04:35 MDT">
          <reporter-output>
          </reporter-output>
        </test-method> <!-- tearDown -->
      </class> <!-- scripts._08_TGWaitsTest -->
      <class name="scripts._13_IFrameTest">
        <test-method status="PASS" signature="setUp()[pri:0, instance:scripts._13_IFrameTest@56235b8e]" name="setUp" is-config="true" duration-ms="1424" started-at="2023-06-12T17:05:46 MDT" finished-at="2023-06-12T17:05:47 MDT">
          <reporter-output>
          </reporter-output>
        </test-method> <!-- setUp -->
        <test-method status="PASS" signature="setPage()[pri:0, instance:scripts._13_IFrameTest@56235b8e]" name="setPage" is-config="true" duration-ms="1081" started-at="2023-06-12T17:05:47 MDT" finished-at="2023-06-12T17:05:48 MDT">
          <reporter-output>
          </reporter-output>
        </test-method> <!-- setPage -->
        <test-method status="PASS" signature="validateTheParagraph()[pri:1, instance:scripts._13_IFrameTest@56235b8e]" name="validateTheParagraph" duration-ms="180" started-at="2023-06-12T17:05:48 MDT" description="TC123: Validate the IFrame Page content paragraph" finished-at="2023-06-12T17:05:49 MDT">
          <reporter-output>
          </reporter-output>
        </test-method> <!-- validateTheParagraph -->
        <test-method status="PASS" signature="tearDown()[pri:0, instance:scripts._13_IFrameTest@56235b8e]" name="tearDown" is-config="true" duration-ms="712" started-at="2023-06-12T17:05:49 MDT" finished-at="2023-06-12T17:05:49 MDT">
          <reporter-output>
          </reporter-output>
        </test-method> <!-- tearDown -->
        <test-method status="PASS" signature="setUp()[pri:0, instance:scripts._13_IFrameTest@56235b8e]" name="setUp" is-config="true" duration-ms="1389" started-at="2023-06-12T17:05:49 MDT" finished-at="2023-06-12T17:05:51 MDT">
          <reporter-output>
          </reporter-output>
        </test-method> <!-- setUp -->
        <test-method status="PASS" signature="setPage()[pri:0, instance:scripts._13_IFrameTest@56235b8e]" name="setPage" is-config="true" duration-ms="2513" started-at="2023-06-12T17:05:51 MDT" finished-at="2023-06-12T17:05:53 MDT">
          <reporter-output>
          </reporter-output>
        </test-method> <!-- setPage -->
        <test-method status="PASS" signature="validateTheFormSubmission()[pri:2, instance:scripts._13_IFrameTest@56235b8e]" name="validateTheFormSubmission" duration-ms="404" started-at="2023-06-12T17:05:53 MDT" description="TC345 Validate the form submission" finished-at="2023-06-12T17:05:54 MDT">
          <reporter-output>
          </reporter-output>
        </test-method> <!-- validateTheFormSubmission -->
        <test-method status="PASS" signature="tearDown()[pri:0, instance:scripts._13_IFrameTest@56235b8e]" name="tearDown" is-config="true" duration-ms="729" started-at="2023-06-12T17:05:54 MDT" finished-at="2023-06-12T17:05:54 MDT">
          <reporter-output>
          </reporter-output>
        </test-method> <!-- tearDown -->
      </class> <!-- scripts._13_IFrameTest -->
      <class name="scripts._01_ProjectTest">
        <test-method status="PASS" signature="setUp()[pri:0, instance:scripts._01_ProjectTest@3327bd23]" name="setUp" is-config="true" duration-ms="2047" started-at="2023-06-12T17:00:38 MDT" finished-at="2023-06-12T17:00:40 MDT">
          <reporter-output>
          </reporter-output>
        </test-method> <!-- setUp -->
        <test-method status="PASS" signature="setPage()[pri:0, instance:scripts._01_ProjectTest@3327bd23]" name="setPage" is-config="true" duration-ms="2590" started-at="2023-06-12T17:00:40 MDT" finished-at="2023-06-12T17:00:43 MDT">
          <reporter-output>
          </reporter-output>
        </test-method> <!-- setPage -->
        <test-method status="PASS" signature="validateAddress()[pri:0, instance:scripts._01_ProjectTest@3327bd23]" name="validateAddress" duration-ms="250" started-at="2023-06-12T17:00:43 MDT" finished-at="2023-06-12T17:00:43 MDT">
          <reporter-output>
          </reporter-output>
        </test-method> <!-- validateAddress -->
        <test-method status="PASS" signature="tearDown()[pri:0, instance:scripts._01_ProjectTest@3327bd23]" name="tearDown" is-config="true" duration-ms="861" started-at="2023-06-12T17:00:43 MDT" finished-at="2023-06-12T17:00:44 MDT">
          <reporter-output>
          </reporter-output>
        </test-method> <!-- tearDown -->
        <test-method status="PASS" signature="setUp()[pri:0, instance:scripts._01_ProjectTest@3327bd23]" name="setUp" is-config="true" duration-ms="1947" started-at="2023-06-12T17:00:44 MDT" finished-at="2023-06-12T17:00:46 MDT">
          <reporter-output>
          </reporter-output>
        </test-method> <!-- setUp -->
        <test-method status="PASS" signature="setPage()[pri:0, instance:scripts._01_ProjectTest@3327bd23]" name="setPage" is-config="true" duration-ms="1875" started-at="2023-06-12T17:00:46 MDT" finished-at="2023-06-12T17:00:48 MDT">
          <reporter-output>
          </reporter-output>
        </test-method> <!-- setPage -->
        <test-method status="PASS" signature="validateConsentCheckBox()[pri:0, instance:scripts._01_ProjectTest@3327bd23]" name="validateConsentCheckBox" duration-ms="400" started-at="2023-06-12T17:00:48 MDT" finished-at="2023-06-12T17:00:48 MDT">
          <reporter-output>
          </reporter-output>
        </test-method> <!-- validateConsentCheckBox -->
        <test-method status="PASS" signature="tearDown()[pri:0, instance:scripts._01_ProjectTest@3327bd23]" name="tearDown" is-config="true" duration-ms="965" started-at="2023-06-12T17:00:48 MDT" finished-at="2023-06-12T17:00:49 MDT">
          <reporter-output>
          </reporter-output>
        </test-method> <!-- tearDown -->
        <test-method status="PASS" signature="setUp()[pri:0, instance:scripts._01_ProjectTest@3327bd23]" name="setUp" is-config="true" duration-ms="2146" started-at="2023-06-12T17:00:49 MDT" finished-at="2023-06-12T17:00:51 MDT">
          <reporter-output>
          </reporter-output>
        </test-method> <!-- setUp -->
        <test-method status="PASS" signature="setPage()[pri:0, instance:scripts._01_ProjectTest@3327bd23]" name="setPage" is-config="true" duration-ms="3146" started-at="2023-06-12T17:00:51 MDT" finished-at="2023-06-12T17:00:54 MDT">
          <reporter-output>
          </reporter-output>
        </test-method> <!-- setPage -->
        <test-method status="FAIL" signature="validateContactUsInfo()[pri:0, instance:scripts._01_ProjectTest@3327bd23]" name="validateContactUsInfo" duration-ms="187" started-at="2023-06-12T17:00:54 MDT" finished-at="2023-06-12T17:00:55 MDT">
          <exception class="java.lang.AssertionError">
            <message>
              <![CDATA[expected [2860 S River Rd Suite 480, Des Plaines IL 60018] but found [2860 S River Rd Suite 480, Des Plaines, IL 60018]]]>
            </message>
            <full-stacktrace>
              <![CDATA[java.lang.AssertionError: expected [2860 S River Rd Suite 480, Des Plaines IL 60018] but found [2860 S River Rd Suite 480, Des Plaines, IL 60018]
at org.testng.Assert.fail(Assert.java:97)
at org.testng.Assert.assertEqualsImpl(Assert.java:136)
at org.testng.Assert.assertEquals(Assert.java:118)
at org.testng.Assert.assertEquals(Assert.java:575)
at org.testng.Assert.assertEquals(Assert.java:585)
at scripts._01_ProjectTest.validateContactUsInfo(_01_ProjectTest.java:37)
at sun.reflect.NativeMethodAccessorImpl.invoke0(Native Method)
at sun.reflect.NativeMethodAccessorImpl.invoke(NativeMethodAccessorImpl.java:62)
at sun.reflect.DelegatingMethodAccessorImpl.invoke(DelegatingMethodAccessorImpl.java:43)
at java.lang.reflect.Method.invoke(Method.java:498)
at org.testng.internal.MethodInvocationHelper.invokeMethod(MethodInvocationHelper.java:134)
at org.testng.internal.TestInvoker.invokeMethod(TestInvoker.java:597)
at org.testng.internal.TestInvoker.invokeTestMethod(TestInvoker.java:173)
at org.testng.internal.MethodRunner.runInSequence(MethodRunner.java:46)
at org.testng.internal.TestInvoker$MethodInvocationAgent.invoke(TestInvoker.java:816)
at org.testng.internal.TestInvoker.invokeTestMethods(TestInvoker.java:146)
at org.testng.internal.TestMethodWorker.invokeTestMethods(TestMethodWorker.java:146)
at org.testng.internal.TestMethodWorker.run(TestMethodWorker.java:128)
at java.util.ArrayList.forEach(ArrayList.java:1259)
at org.testng.TestRunner.privateRun(TestRunner.java:766)
at org.testng.TestRunner.run(TestRunner.java:587)
at org.testng.SuiteRunner.runTest(SuiteRunner.java:384)
at org.testng.SuiteRunner.runSequentially(SuiteRunner.java:378)
at org.testng.SuiteRunner.privateRun(SuiteRunner.java:337)
at org.testng.SuiteRunner.run(SuiteRunner.java:286)
at org.testng.SuiteRunnerWorker.runSuite(SuiteRunnerWorker.java:53)
at org.testng.SuiteRunnerWorker.run(SuiteRunnerWorker.java:96)
at org.testng.TestNG.runSuitesSequentially(TestNG.java:1187)
at org.testng.TestNG.runSuitesLocally(TestNG.java:1109)
at org.testng.TestNG.runSuites(TestNG.java:1039)
at org.testng.TestNG.run(TestNG.java:1007)
at org.apache.maven.surefire.testng.TestNGExecutor.run(TestNGExecutor.java:281)
at org.apache.maven.surefire.testng.TestNGXmlTestSuite.execute(TestNGXmlTestSuite.java:75)
at org.apache.maven.surefire.testng.TestNGProvider.invoke(TestNGProvider.java:121)
at org.apache.maven.surefire.booter.ForkedBooter.invokeProviderInSameClassLoader(ForkedBooter.java:290)
at org.apache.maven.surefire.booter.ForkedBooter.runSuitesInProcess(ForkedBooter.java:242)
at org.apache.maven.surefire.booter.ForkedBooter.main(ForkedBooter.java:121)
]]>
            </full-stacktrace>
          </exception> <!-- java.lang.AssertionError -->
          <reporter-output>
          </reporter-output>
        </test-method> <!-- validateContactUsInfo -->
        <test-method status="PASS" signature="tearDown()[pri:0, instance:scripts._01_ProjectTest@3327bd23]" name="tearDown" is-config="true" duration-ms="718" started-at="2023-06-12T17:00:55 MDT" finished-at="2023-06-12T17:00:55 MDT">
          <reporter-output>
          </reporter-output>
        </test-method> <!-- tearDown -->
        <test-method status="PASS" signature="setUp()[pri:0, instance:scripts._01_ProjectTest@3327bd23]" name="setUp" is-config="true" duration-ms="1727" started-at="2023-06-12T17:00:55 MDT" finished-at="2023-06-12T17:00:57 MDT">
          <reporter-output>
          </reporter-output>
        </test-method> <!-- setUp -->
        <test-method status="PASS" signature="setPage()[pri:0, instance:scripts._01_ProjectTest@3327bd23]" name="setPage" is-config="true" duration-ms="2106" started-at="2023-06-12T17:00:57 MDT" finished-at="2023-06-12T17:00:59 MDT">
          <reporter-output>
          </reporter-output>
        </test-method> <!-- setPage -->
        <test-method status="PASS" signature="validateEmail()[pri:0, instance:scripts._01_ProjectTest@3327bd23]" name="validateEmail" duration-ms="271" started-at="2023-06-12T17:00:59 MDT" finished-at="2023-06-12T17:01:00 MDT">
          <reporter-output>
          </reporter-output>
        </test-method> <!-- validateEmail -->
        <test-method status="PASS" signature="tearDown()[pri:0, instance:scripts._01_ProjectTest@3327bd23]" name="tearDown" is-config="true" duration-ms="825" started-at="2023-06-12T17:01:00 MDT" finished-at="2023-06-12T17:01:00 MDT">
          <reporter-output>
          </reporter-output>
        </test-method> <!-- tearDown -->
        <test-method status="PASS" signature="setUp()[pri:0, instance:scripts._01_ProjectTest@3327bd23]" name="setUp" is-config="true" duration-ms="1587" started-at="2023-06-12T17:01:00 MDT" finished-at="2023-06-12T17:01:02 MDT">
          <reporter-output>
          </reporter-output>
        </test-method> <!-- setUp -->
        <test-method status="PASS" signature="setPage()[pri:0, instance:scripts._01_ProjectTest@3327bd23]" name="setPage" is-config="true" duration-ms="1537" started-at="2023-06-12T17:01:02 MDT" finished-at="2023-06-12T17:01:03 MDT">
          <reporter-output>
          </reporter-output>
        </test-method> <!-- setPage -->
        <test-method status="PASS" signature="validateFullNameInputBox()[pri:0, instance:scripts._01_ProjectTest@3327bd23]" name="validateFullNameInputBox" duration-ms="245" started-at="2023-06-12T17:01:03 MDT" finished-at="2023-06-12T17:01:04 MDT">
          <reporter-output>
          </reporter-output>
        </test-method> <!-- validateFullNameInputBox -->
        <test-method status="PASS" signature="tearDown()[pri:0, instance:scripts._01_ProjectTest@3327bd23]" name="tearDown" is-config="true" duration-ms="889" started-at="2023-06-12T17:01:04 MDT" finished-at="2023-06-12T17:01:05 MDT">
          <reporter-output>
          </reporter-output>
        </test-method> <!-- tearDown -->
        <test-method status="PASS" signature="setUp()[pri:0, instance:scripts._01_ProjectTest@3327bd23]" name="setUp" is-config="true" duration-ms="1832" started-at="2023-06-12T17:01:05 MDT" finished-at="2023-06-12T17:01:06 MDT">
          <reporter-output>
          </reporter-output>
        </test-method> <!-- setUp -->
        <test-method status="PASS" signature="setPage()[pri:0, instance:scripts._01_ProjectTest@3327bd23]" name="setPage" is-config="true" duration-ms="3506" started-at="2023-06-12T17:01:06 MDT" finished-at="2023-06-12T17:01:10 MDT">
          <reporter-output>
          </reporter-output>
        </test-method> <!-- setPage -->
        <test-method status="PASS" signature="validateGenderRadioButton()[pri:0, instance:scripts._01_ProjectTest@3327bd23]" name="validateGenderRadioButton" duration-ms="8276" started-at="2023-06-12T17:01:10 MDT" finished-at="2023-06-12T17:01:18 MDT">
          <reporter-output>
          </reporter-output>
        </test-method> <!-- validateGenderRadioButton -->
        <test-method status="PASS" signature="tearDown()[pri:0, instance:scripts._01_ProjectTest@3327bd23]" name="tearDown" is-config="true" duration-ms="923" started-at="2023-06-12T17:01:18 MDT" finished-at="2023-06-12T17:01:19 MDT">
          <reporter-output>
          </reporter-output>
        </test-method> <!-- tearDown -->
        <test-method status="PASS" signature="setUp()[pri:0, instance:scripts._01_ProjectTest@3327bd23]" name="setUp" is-config="true" duration-ms="1644" started-at="2023-06-12T17:01:19 MDT" finished-at="2023-06-12T17:01:21 MDT">
          <reporter-output>
          </reporter-output>
        </test-method> <!-- setUp -->
        <test-method status="PASS" signature="setPage()[pri:0, instance:scripts._01_ProjectTest@3327bd23]" name="setPage" is-config="true" duration-ms="1306" started-at="2023-06-12T17:01:21 MDT" finished-at="2023-06-12T17:01:22 MDT">
          <reporter-output>
          </reporter-output>
        </test-method> <!-- setPage -->
        <test-method status="PASS" signature="validateMessage()[pri:0, instance:scripts._01_ProjectTest@3327bd23]" name="validateMessage" duration-ms="149" started-at="2023-06-12T17:01:22 MDT" finished-at="2023-06-12T17:01:22 MDT">
          <reporter-output>
          </reporter-output>
        </test-method> <!-- validateMessage -->
        <test-method status="PASS" signature="tearDown()[pri:0, instance:scripts._01_ProjectTest@3327bd23]" name="tearDown" is-config="true" duration-ms="706" started-at="2023-06-12T17:01:22 MDT" finished-at="2023-06-12T17:01:23 MDT">
          <reporter-output>
          </reporter-output>
        </test-method> <!-- tearDown -->
        <test-method status="PASS" signature="setUp()[pri:0, instance:scripts._01_ProjectTest@3327bd23]" name="setUp" is-config="true" duration-ms="1610" started-at="2023-06-12T17:01:23 MDT" finished-at="2023-06-12T17:01:25 MDT">
          <reporter-output>
          </reporter-output>
        </test-method> <!-- setUp -->
        <test-method status="PASS" signature="setPage()[pri:0, instance:scripts._01_ProjectTest@3327bd23]" name="setPage" is-config="true" duration-ms="1226" started-at="2023-06-12T17:01:25 MDT" finished-at="2023-06-12T17:01:26 MDT">
          <reporter-output>
          </reporter-output>
        </test-method> <!-- setPage -->
        <test-method status="PASS" signature="validatePhone()[pri:0, instance:scripts._01_ProjectTest@3327bd23]" name="validatePhone" duration-ms="201" started-at="2023-06-12T17:01:26 MDT" finished-at="2023-06-12T17:01:26 MDT">
          <reporter-output>
          </reporter-output>
        </test-method> <!-- validatePhone -->
        <test-method status="PASS" signature="tearDown()[pri:0, instance:scripts._01_ProjectTest@3327bd23]" name="tearDown" is-config="true" duration-ms="720" started-at="2023-06-12T17:01:26 MDT" finished-at="2023-06-12T17:01:27 MDT">
          <reporter-output>
          </reporter-output>
        </test-method> <!-- tearDown -->
        <test-method status="PASS" signature="setUp()[pri:0, instance:scripts._01_ProjectTest@3327bd23]" name="setUp" is-config="true" duration-ms="1440" started-at="2023-06-12T17:01:27 MDT" finished-at="2023-06-12T17:01:28 MDT">
          <reporter-output>
          </reporter-output>
        </test-method> <!-- setUp -->
        <test-method status="PASS" signature="setPage()[pri:0, instance:scripts._01_ProjectTest@3327bd23]" name="setPage" is-config="true" duration-ms="1647" started-at="2023-06-12T17:01:28 MDT" finished-at="2023-06-12T17:01:30 MDT">
          <reporter-output>
          </reporter-output>
        </test-method> <!-- setPage -->
        <test-method status="PASS" signature="validatesubmission()[pri:0, instance:scripts._01_ProjectTest@3327bd23]" name="validatesubmission" duration-ms="93" started-at="2023-06-12T17:01:30 MDT" finished-at="2023-06-12T17:01:30 MDT">
          <reporter-output>
          </reporter-output>
        </test-method> <!-- validatesubmission -->
        <test-method status="PASS" signature="tearDown()[pri:0, instance:scripts._01_ProjectTest@3327bd23]" name="tearDown" is-config="true" duration-ms="790" started-at="2023-06-12T17:01:30 MDT" finished-at="2023-06-12T17:01:31 MDT">
          <reporter-output>
          </reporter-output>
        </test-method> <!-- tearDown -->
        <test-method status="FAIL" signature="setUp()[pri:0, instance:scripts._01_ProjectTest@3327bd23]" name="setUp" is-config="true" duration-ms="1610" started-at="2023-06-12T17:01:31 MDT" finished-at="2023-06-12T17:01:32 MDT">
          <exception class="org.openqa.selenium.SessionNotCreatedException">
            <message>
              <![CDATA[session not created
from no such execution context: uniqueContextId not found
  (Session info: chrome=114.0.5735.110)
Build info: version: '3.141.59', revision: 'e82be7d358', time: '2018-11-14T08:17:03'
System info: host: 'LAPTOP-CF98PN2R', ip: '192.168.1.70', os.name: 'Windows 11', os.arch: 'amd64', os.version: '10.0', java.version: '1.8.0_361'
Driver info: driver.version: Driver
remote stacktrace: Backtrace:
GetHandleVerifier [0x006EA813+48355]
(No symbol) [0x0067C4B1]
(No symbol) [0x00585358]
(No symbol) [0x005789B0]
(No symbol) [0x00577138]
(No symbol) [0x005777AA]
(No symbol) [0x00588417]
(No symbol) [0x005899E1]
(No symbol) [0x00589A80]
(No symbol) [0x005D1F1B]
(No symbol) [0x005D093C]
(No symbol) [0x005CA536]
(No symbol) [0x005A82DC]
(No symbol) [0x005A93DD]
GetHandleVerifier [0x0094AABD+2539405]
GetHandleVerifier [0x0098A78F+2800735]
GetHandleVerifier [0x0098456C+2775612]
GetHandleVerifier [0x007751E0+616112]
(No symbol) [0x00685F8C]
(No symbol) [0x00682328]
(No symbol) [0x0068240B]
(No symbol) [0x00674FF7]
BaseThreadInitThunk [0x77337D59+25]
RtlInitializeExceptionChain [0x77D2B74B+107]
RtlClearBits [0x77D2B6CF+191]
]]>
            </message>
            <full-stacktrace>
              <![CDATA[org.openqa.selenium.SessionNotCreatedException: session not created
from no such execution context: uniqueContextId not found
  (Session info: chrome=114.0.5735.110)
Build info: version: '3.141.59', revision: 'e82be7d358', time: '2018-11-14T08:17:03'
System info: host: 'LAPTOP-CF98PN2R', ip: '192.168.1.70', os.name: 'Windows 11', os.arch: 'amd64', os.version: '10.0', java.version: '1.8.0_361'
Driver info: driver.version: Driver
remote stacktrace: Backtrace:
GetHandleVerifier [0x006EA813+48355]
(No symbol) [0x0067C4B1]
(No symbol) [0x00585358]
(No symbol) [0x005789B0]
(No symbol) [0x00577138]
(No symbol) [0x005777AA]
(No symbol) [0x00588417]
(No symbol) [0x005899E1]
(No symbol) [0x00589A80]
(No symbol) [0x005D1F1B]
(No symbol) [0x005D093C]
(No symbol) [0x005CA536]
(No symbol) [0x005A82DC]
(No symbol) [0x005A93DD]
GetHandleVerifier [0x0094AABD+2539405]
GetHandleVerifier [0x0098A78F+2800735]
GetHandleVerifier [0x0098456C+2775612]
GetHandleVerifier [0x007751E0+616112]
(No symbol) [0x00685F8C]
(No symbol) [0x00682328]
(No symbol) [0x0068240B]
(No symbol) [0x00674FF7]
BaseThreadInitThunk [0x77337D59+25]
RtlInitializeExceptionChain [0x77D2B74B+107]
RtlClearBits [0x77D2B6CF+191]

at sun.reflect.NativeConstructorAccessorImpl.newInstance0(Native Method)
at sun.reflect.NativeConstructorAccessorImpl.newInstance(NativeConstructorAccessorImpl.java:62)
at sun.reflect.DelegatingConstructorAccessorImpl.newInstance(DelegatingConstructorAccessorImpl.java:45)
at java.lang.reflect.Constructor.newInstance(Constructor.java:423)
at org.openqa.selenium.remote.W3CHandshakeResponse.lambda$errorHandler$0(W3CHandshakeResponse.java:62)
at org.openqa.selenium.remote.HandshakeResponse.lambda$getResponseFunction$0(HandshakeResponse.java:30)
at org.openqa.selenium.remote.ProtocolHandshake.lambda$createSession$0(ProtocolHandshake.java:126)
at java.util.stream.ReferencePipeline$3$1.accept(ReferencePipeline.java:193)
at java.util.Spliterators$ArraySpliterator.tryAdvance(Spliterators.java:958)
at java.util.stream.ReferencePipeline.forEachWithCancel(ReferencePipeline.java:126)
at java.util.stream.AbstractPipeline.copyIntoWithCancel(AbstractPipeline.java:499)
at java.util.stream.AbstractPipeline.copyInto(AbstractPipeline.java:486)
at java.util.stream.AbstractPipeline.wrapAndCopyInto(AbstractPipeline.java:472)
at java.util.stream.FindOps$FindOp.evaluateSequential(FindOps.java:152)
at java.util.stream.AbstractPipeline.evaluate(AbstractPipeline.java:234)
at java.util.stream.ReferencePipeline.findFirst(ReferencePipeline.java:464)
at org.openqa.selenium.remote.ProtocolHandshake.createSession(ProtocolHandshake.java:128)
at org.openqa.selenium.remote.ProtocolHandshake.createSession(ProtocolHandshake.java:74)
at org.openqa.selenium.remote.HttpCommandExecutor.execute(HttpCommandExecutor.java:136)
at org.openqa.selenium.remote.service.DriverCommandExecutor.execute(DriverCommandExecutor.java:83)
at org.openqa.selenium.remote.RemoteWebDriver.execute(RemoteWebDriver.java:552)
at org.openqa.selenium.remote.RemoteWebDriver.startSession(RemoteWebDriver.java:213)
at org.openqa.selenium.remote.RemoteWebDriver.<init>(RemoteWebDriver.java:131)
at org.openqa.selenium.chrome.ChromeDriver.<init>(ChromeDriver.java:181)
at org.openqa.selenium.chrome.ChromeDriver.<init>(ChromeDriver.java:168)
at org.openqa.selenium.chrome.ChromeDriver.<init>(ChromeDriver.java:123)
at utils.Driver.getDriver(Driver.java:24)
at scripts.Base.setUp(Base.java:23)
at sun.reflect.GeneratedMethodAccessor1.invoke(Unknown Source)
at sun.reflect.DelegatingMethodAccessorImpl.invoke(DelegatingMethodAccessorImpl.java:43)
at java.lang.reflect.Method.invoke(Method.java:498)
at org.testng.internal.MethodInvocationHelper.invokeMethod(MethodInvocationHelper.java:134)
at org.testng.internal.MethodInvocationHelper.invokeMethodConsideringTimeout(MethodInvocationHelper.java:63)
at org.testng.internal.ConfigInvoker.invokeConfigurationMethod(ConfigInvoker.java:348)
at org.testng.internal.ConfigInvoker.invokeConfigurations(ConfigInvoker.java:302)
at org.testng.internal.TestInvoker.runConfigMethods(TestInvoker.java:695)
at org.testng.internal.TestInvoker.invokeMethod(TestInvoker.java:523)
at org.testng.internal.TestInvoker.invokeTestMethod(TestInvoker.java:173)
at org.testng.internal.MethodRunner.runInSequence(MethodRunner.java:46)
at org.testng.internal.TestInvoker$MethodInvocationAgent.invoke(TestInvoker.java:816)
at org.testng.internal.TestInvoker.invokeTestMethods(TestInvoker.java:146)
at org.testng.internal.TestMethodWorker.invokeTestMethods(TestMethodWorker.java:146)
at org.testng.internal.TestMethodWorker.run(TestMethodWorker.java:128)
at java.util.ArrayList.forEach(ArrayList.java:1259)
at org.testng.TestRunner.privateRun(TestRunner.java:766)
at org.testng.TestRunner.run(TestRunner.java:587)
at org.testng.SuiteRunner.runTest(SuiteRunner.java:384)
at org.testng.SuiteRunner.runSequentially(SuiteRunner.java:378)
at org.testng.SuiteRunner.privateRun(SuiteRunner.java:337)
at org.testng.SuiteRunner.run(SuiteRunner.java:286)
at org.testng.SuiteRunnerWorker.runSuite(SuiteRunnerWorker.java:53)
at org.testng.SuiteRunnerWorker.run(SuiteRunnerWorker.java:96)
at org.testng.TestNG.runSuitesSequentially(TestNG.java:1187)
at org.testng.TestNG.runSuitesLocally(TestNG.java:1109)
at org.testng.TestNG.runSuites(TestNG.java:1039)
at org.testng.TestNG.run(TestNG.java:1007)
at org.apache.maven.surefire.testng.TestNGExecutor.run(TestNGExecutor.java:281)
at org.apache.maven.surefire.testng.TestNGXmlTestSuite.execute(TestNGXmlTestSuite.java:75)
at org.apache.maven.surefire.testng.TestNGProvider.invoke(TestNGProvider.java:121)
at org.apache.maven.surefire.booter.ForkedBooter.invokeProviderInSameClassLoader(ForkedBooter.java:290)
at org.apache.maven.surefire.booter.ForkedBooter.runSuitesInProcess(ForkedBooter.java:242)
at org.apache.maven.surefire.booter.ForkedBooter.main(ForkedBooter.java:121)
]]>
            </full-stacktrace>
          </exception> <!-- org.openqa.selenium.SessionNotCreatedException -->
          <reporter-output>
          </reporter-output>
        </test-method> <!-- setUp -->
        <test-method status="SKIP" signature="setPage()[pri:0, instance:scripts._01_ProjectTest@3327bd23]" name="setPage" is-config="true" duration-ms="-1686610892801" started-at="2023-06-12T17:01:32 MDT" finished-at="1969-12-31T17:00:00 MST">
          <reporter-output>
          </reporter-output>
        </test-method> <!-- setPage -->
        <test-method status="SKIP" signature="validateTheFormSubmission()[pri:10, instance:scripts._01_ProjectTest@3327bd23]" name="validateTheFormSubmission" duration-ms="0" started-at="2023-06-12T17:01:32 MDT" description="Test Case 10 - Validate the form submission" finished-at="2023-06-12T17:01:32 MDT">
          <exception class="org.openqa.selenium.SessionNotCreatedException">
            <message>
              <![CDATA[session not created
from no such execution context: uniqueContextId not found
  (Session info: chrome=114.0.5735.110)
Build info: version: '3.141.59', revision: 'e82be7d358', time: '2018-11-14T08:17:03'
System info: host: 'LAPTOP-CF98PN2R', ip: '192.168.1.70', os.name: 'Windows 11', os.arch: 'amd64', os.version: '10.0', java.version: '1.8.0_361'
Driver info: driver.version: Driver
remote stacktrace: Backtrace:
GetHandleVerifier [0x006EA813+48355]
(No symbol) [0x0067C4B1]
(No symbol) [0x00585358]
(No symbol) [0x005789B0]
(No symbol) [0x00577138]
(No symbol) [0x005777AA]
(No symbol) [0x00588417]
(No symbol) [0x005899E1]
(No symbol) [0x00589A80]
(No symbol) [0x005D1F1B]
(No symbol) [0x005D093C]
(No symbol) [0x005CA536]
(No symbol) [0x005A82DC]
(No symbol) [0x005A93DD]
GetHandleVerifier [0x0094AABD+2539405]
GetHandleVerifier [0x0098A78F+2800735]
GetHandleVerifier [0x0098456C+2775612]
GetHandleVerifier [0x007751E0+616112]
(No symbol) [0x00685F8C]
(No symbol) [0x00682328]
(No symbol) [0x0068240B]
(No symbol) [0x00674FF7]
BaseThreadInitThunk [0x77337D59+25]
RtlInitializeExceptionChain [0x77D2B74B+107]
RtlClearBits [0x77D2B6CF+191]
]]>
            </message>
            <full-stacktrace>
              <![CDATA[org.openqa.selenium.SessionNotCreatedException: session not created
from no such execution context: uniqueContextId not found
  (Session info: chrome=114.0.5735.110)
Build info: version: '3.141.59', revision: 'e82be7d358', time: '2018-11-14T08:17:03'
System info: host: 'LAPTOP-CF98PN2R', ip: '192.168.1.70', os.name: 'Windows 11', os.arch: 'amd64', os.version: '10.0', java.version: '1.8.0_361'
Driver info: driver.version: Driver
remote stacktrace: Backtrace:
GetHandleVerifier [0x006EA813+48355]
(No symbol) [0x0067C4B1]
(No symbol) [0x00585358]
(No symbol) [0x005789B0]
(No symbol) [0x00577138]
(No symbol) [0x005777AA]
(No symbol) [0x00588417]
(No symbol) [0x005899E1]
(No symbol) [0x00589A80]
(No symbol) [0x005D1F1B]
(No symbol) [0x005D093C]
(No symbol) [0x005CA536]
(No symbol) [0x005A82DC]
(No symbol) [0x005A93DD]
GetHandleVerifier [0x0094AABD+2539405]
GetHandleVerifier [0x0098A78F+2800735]
GetHandleVerifier [0x0098456C+2775612]
GetHandleVerifier [0x007751E0+616112]
(No symbol) [0x00685F8C]
(No symbol) [0x00682328]
(No symbol) [0x0068240B]
(No symbol) [0x00674FF7]
BaseThreadInitThunk [0x77337D59+25]
RtlInitializeExceptionChain [0x77D2B74B+107]
RtlClearBits [0x77D2B6CF+191]

at sun.reflect.NativeConstructorAccessorImpl.newInstance0(Native Method)
at sun.reflect.NativeConstructorAccessorImpl.newInstance(NativeConstructorAccessorImpl.java:62)
at sun.reflect.DelegatingConstructorAccessorImpl.newInstance(DelegatingConstructorAccessorImpl.java:45)
at java.lang.reflect.Constructor.newInstance(Constructor.java:423)
at org.openqa.selenium.remote.W3CHandshakeResponse.lambda$errorHandler$0(W3CHandshakeResponse.java:62)
at org.openqa.selenium.remote.HandshakeResponse.lambda$getResponseFunction$0(HandshakeResponse.java:30)
at org.openqa.selenium.remote.ProtocolHandshake.lambda$createSession$0(ProtocolHandshake.java:126)
at java.util.stream.ReferencePipeline$3$1.accept(ReferencePipeline.java:193)
at java.util.Spliterators$ArraySpliterator.tryAdvance(Spliterators.java:958)
at java.util.stream.ReferencePipeline.forEachWithCancel(ReferencePipeline.java:126)
at java.util.stream.AbstractPipeline.copyIntoWithCancel(AbstractPipeline.java:499)
at java.util.stream.AbstractPipeline.copyInto(AbstractPipeline.java:486)
at java.util.stream.AbstractPipeline.wrapAndCopyInto(AbstractPipeline.java:472)
at java.util.stream.FindOps$FindOp.evaluateSequential(FindOps.java:152)
at java.util.stream.AbstractPipeline.evaluate(AbstractPipeline.java:234)
at java.util.stream.ReferencePipeline.findFirst(ReferencePipeline.java:464)
at org.openqa.selenium.remote.ProtocolHandshake.createSession(ProtocolHandshake.java:128)
at org.openqa.selenium.remote.ProtocolHandshake.createSession(ProtocolHandshake.java:74)
at org.openqa.selenium.remote.HttpCommandExecutor.execute(HttpCommandExecutor.java:136)
at org.openqa.selenium.remote.service.DriverCommandExecutor.execute(DriverCommandExecutor.java:83)
at org.openqa.selenium.remote.RemoteWebDriver.execute(RemoteWebDriver.java:552)
at org.openqa.selenium.remote.RemoteWebDriver.startSession(RemoteWebDriver.java:213)
at org.openqa.selenium.remote.RemoteWebDriver.<init>(RemoteWebDriver.java:131)
at org.openqa.selenium.chrome.ChromeDriver.<init>(ChromeDriver.java:181)
at org.openqa.selenium.chrome.ChromeDriver.<init>(ChromeDriver.java:168)
at org.openqa.selenium.chrome.ChromeDriver.<init>(ChromeDriver.java:123)
at utils.Driver.getDriver(Driver.java:24)
at scripts.Base.setUp(Base.java:23)
at sun.reflect.GeneratedMethodAccessor1.invoke(Unknown Source)
at sun.reflect.DelegatingMethodAccessorImpl.invoke(DelegatingMethodAccessorImpl.java:43)
at java.lang.reflect.Method.invoke(Method.java:498)
at org.testng.internal.MethodInvocationHelper.invokeMethod(MethodInvocationHelper.java:134)
at org.testng.internal.MethodInvocationHelper.invokeMethodConsideringTimeout(MethodInvocationHelper.java:63)
at org.testng.internal.ConfigInvoker.invokeConfigurationMethod(ConfigInvoker.java:348)
at org.testng.internal.ConfigInvoker.invokeConfigurations(ConfigInvoker.java:302)
at org.testng.internal.TestInvoker.runConfigMethods(TestInvoker.java:695)
at org.testng.internal.TestInvoker.invokeMethod(TestInvoker.java:523)
at org.testng.internal.TestInvoker.invokeTestMethod(TestInvoker.java:173)
at org.testng.internal.MethodRunner.runInSequence(MethodRunner.java:46)
at org.testng.internal.TestInvoker$MethodInvocationAgent.invoke(TestInvoker.java:816)
at org.testng.internal.TestInvoker.invokeTestMethods(TestInvoker.java:146)
at org.testng.internal.TestMethodWorker.invokeTestMethods(TestMethodWorker.java:146)
at org.testng.internal.TestMethodWorker.run(TestMethodWorker.java:128)
at java.util.ArrayList.forEach(ArrayList.java:1259)
at org.testng.TestRunner.privateRun(TestRunner.java:766)
at org.testng.TestRunner.run(TestRunner.java:587)
at org.testng.SuiteRunner.runTest(SuiteRunner.java:384)
at org.testng.SuiteRunner.runSequentially(SuiteRunner.java:378)
at org.testng.SuiteRunner.privateRun(SuiteRunner.java:337)
at org.testng.SuiteRunner.run(SuiteRunner.java:286)
at org.testng.SuiteRunnerWorker.runSuite(SuiteRunnerWorker.java:53)
at org.testng.SuiteRunnerWorker.run(SuiteRunnerWorker.java:96)
at org.testng.TestNG.runSuitesSequentially(TestNG.java:1187)
at org.testng.TestNG.runSuitesLocally(TestNG.java:1109)
at org.testng.TestNG.runSuites(TestNG.java:1039)
at org.testng.TestNG.run(TestNG.java:1007)
at org.apache.maven.surefire.testng.TestNGExecutor.run(TestNGExecutor.java:281)
at org.apache.maven.surefire.testng.TestNGXmlTestSuite.execute(TestNGXmlTestSuite.java:75)
at org.apache.maven.surefire.testng.TestNGProvider.invoke(TestNGProvider.java:121)
at org.apache.maven.surefire.booter.ForkedBooter.invokeProviderInSameClassLoader(ForkedBooter.java:290)
at org.apache.maven.surefire.booter.ForkedBooter.runSuitesInProcess(ForkedBooter.java:242)
at org.apache.maven.surefire.booter.ForkedBooter.main(ForkedBooter.java:121)
]]>
            </full-stacktrace>
          </exception> <!-- org.openqa.selenium.SessionNotCreatedException -->
          <reporter-output>
          </reporter-output>
        </test-method> <!-- validateTheFormSubmission -->
        <test-method status="SKIP" signature="tearDown()[pri:0, instance:scripts._01_ProjectTest@3327bd23]" name="tearDown" is-config="true" duration-ms="-1686610892803" started-at="2023-06-12T17:01:32 MDT" finished-at="1969-12-31T17:00:00 MST">
          <reporter-output>
          </reporter-output>
        </test-method> <!-- tearDown -->
      </class> <!-- scripts._01_ProjectTest -->
      <class name="scripts._01_GoogleTest">
        <test-method status="PASS" signature="setup()[pri:0, instance:scripts._01_GoogleTest@a67c67e]" name="setup" is-config="true" duration-ms="2479" started-at="2023-06-12T16:48:31 MDT" finished-at="2023-06-12T16:48:34 MDT">
          <reporter-output>
          </reporter-output>
        </test-method> <!-- setup -->
        <test-method status="PASS" signature="validateNavigation()[pri:0, instance:scripts._01_GoogleTest@a67c67e]" name="validateNavigation" duration-ms="10536" started-at="2023-06-12T16:48:34 MDT" finished-at="2023-06-12T16:48:45 MDT">
          <reporter-output>
          </reporter-output>
        </test-method> <!-- validateNavigation -->
        <test-method status="PASS" signature="tearDown()[pri:0, instance:scripts._01_GoogleTest@a67c67e]" name="tearDown" is-config="true" duration-ms="3781" started-at="2023-06-12T16:48:45 MDT" finished-at="2023-06-12T16:48:48 MDT">
          <reporter-output>
          </reporter-output>
        </test-method> <!-- tearDown -->
        <test-method status="PASS" signature="setup()[pri:0, instance:scripts._01_GoogleTest@a67c67e]" name="setup" is-config="true" duration-ms="2468" started-at="2023-06-12T16:48:48 MDT" finished-at="2023-06-12T16:48:51 MDT">
          <reporter-output>
          </reporter-output>
        </test-method> <!-- setup -->
        <test-method status="PASS" signature="validateSearchButton()[pri:0, instance:scripts._01_GoogleTest@a67c67e]" name="validateSearchButton" duration-ms="224" started-at="2023-06-12T16:48:51 MDT" finished-at="2023-06-12T16:48:51 MDT">
          <reporter-output>
          </reporter-output>
        </test-method> <!-- validateSearchButton -->
        <test-method status="PASS" signature="tearDown()[pri:0, instance:scripts._01_GoogleTest@a67c67e]" name="tearDown" is-config="true" duration-ms="3782" started-at="2023-06-12T16:48:51 MDT" finished-at="2023-06-12T16:48:55 MDT">
          <reporter-output>
          </reporter-output>
        </test-method> <!-- tearDown -->
        <test-method status="PASS" signature="setup()[pri:0, instance:scripts._01_GoogleTest@a67c67e]" name="setup" is-config="true" duration-ms="4737" started-at="2023-06-12T17:00:30 MDT" finished-at="2023-06-12T17:00:34 MDT">
          <reporter-output>
          </reporter-output>
        </test-method> <!-- setup -->
        <test-method status="PASS" signature="validateTitleAndURL()[pri:1, instance:scripts._01_GoogleTest@a67c67e]" name="validateTitleAndURL" duration-ms="27" started-at="2023-06-12T17:00:34 MDT" finished-at="2023-06-12T17:00:34 MDT">
          <reporter-output>
          </reporter-output>
        </test-method> <!-- validateTitleAndURL -->
        <test-method status="PASS" signature="tearDown()[pri:0, instance:scripts._01_GoogleTest@a67c67e]" name="tearDown" is-config="true" duration-ms="3741" started-at="2023-06-12T17:00:34 MDT" finished-at="2023-06-12T17:00:38 MDT">
          <reporter-output>
          </reporter-output>
        </test-method> <!-- tearDown -->
      </class> <!-- scripts._01_GoogleTest -->
      <class name="scripts._06_WikiTest">
        <test-method status="PASS" signature="setUp()[pri:0, instance:scripts._06_WikiTest@5ec0a365]" name="setUp" is-config="true" duration-ms="1580" started-at="2023-06-12T17:03:45 MDT" finished-at="2023-06-12T17:03:47 MDT">
          <reporter-output>
          </reporter-output>
        </test-method> <!-- setUp -->
        <test-method status="PASS" signature="setPage()[pri:0, instance:scripts._06_WikiTest@5ec0a365]" name="setPage" is-config="true" duration-ms="915" started-at="2023-06-12T17:03:47 MDT" finished-at="2023-06-12T17:03:48 MDT">
          <reporter-output>
          </reporter-output>
        </test-method> <!-- setPage -->
        <test-method status="PASS" signature="validateWikiSearch2()[pri:0, instance:scripts._06_WikiTest@5ec0a365]" name="validateWikiSearch2" duration-ms="3341" started-at="2023-06-12T17:03:48 MDT" finished-at="2023-06-12T17:03:51 MDT">
          <reporter-output>
          </reporter-output>
        </test-method> <!-- validateWikiSearch2 -->
        <test-method status="PASS" signature="tearDown()[pri:0, instance:scripts._06_WikiTest@5ec0a365]" name="tearDown" is-config="true" duration-ms="853" started-at="2023-06-12T17:03:51 MDT" finished-at="2023-06-12T17:03:52 MDT">
          <reporter-output>
          </reporter-output>
        </test-method> <!-- tearDown -->
      </class> <!-- scripts._06_WikiTest -->
      <class name="scripts._03_TGLocatorsTest">
        <test-method status="PASS" signature="setUp()[pri:0, instance:scripts._03_TGLocatorsTest@52a86356]" name="setUp" is-config="true" duration-ms="1485" started-at="2023-06-12T17:03:02 MDT" finished-at="2023-06-12T17:03:04 MDT">
          <reporter-output>
          </reporter-output>
        </test-method> <!-- setUp -->
        <test-method status="PASS" signature="setPage()[pri:0, instance:scripts._03_TGLocatorsTest@52a86356]" name="setPage" is-config="true" duration-ms="1320" started-at="2023-06-12T17:03:04 MDT" finished-at="2023-06-12T17:03:05 MDT">
          <reporter-output>
          </reporter-output>
        </test-method> <!-- setPage -->
        <test-method status="PASS" signature="validateKiwiParagraph()[pri:1, instance:scripts._03_TGLocatorsTest@52a86356]" name="validateKiwiParagraph" duration-ms="82" started-at="2023-06-12T17:03:05 MDT" finished-at="2023-06-12T17:03:05 MDT">
          <reporter-output>
          </reporter-output>
        </test-method> <!-- validateKiwiParagraph -->
        <test-method status="PASS" signature="tearDown()[pri:0, instance:scripts._03_TGLocatorsTest@52a86356]" name="tearDown" is-config="true" duration-ms="733" started-at="2023-06-12T17:03:05 MDT" finished-at="2023-06-12T17:03:06 MDT">
          <reporter-output>
          </reporter-output>
        </test-method> <!-- tearDown -->
        <test-method status="PASS" signature="setUp()[pri:0, instance:scripts._03_TGLocatorsTest@52a86356]" name="setUp" is-config="true" duration-ms="1454" started-at="2023-06-12T17:03:06 MDT" finished-at="2023-06-12T17:03:07 MDT">
          <reporter-output>
          </reporter-output>
        </test-method> <!-- setUp -->
        <test-method status="PASS" signature="setPage()[pri:0, instance:scripts._03_TGLocatorsTest@52a86356]" name="setPage" is-config="true" duration-ms="1380" started-at="2023-06-12T17:03:07 MDT" finished-at="2023-06-12T17:03:09 MDT">
          <reporter-output>
          </reporter-output>
        </test-method> <!-- setPage -->
        <test-method status="PASS" signature="validateOrangeParagraph()[pri:2, instance:scripts._03_TGLocatorsTest@52a86356]" name="validateOrangeParagraph" duration-ms="169" started-at="2023-06-12T17:03:09 MDT" finished-at="2023-06-12T17:03:09 MDT">
          <reporter-output>
          </reporter-output>
        </test-method> <!-- validateOrangeParagraph -->
        <test-method status="PASS" signature="tearDown()[pri:0, instance:scripts._03_TGLocatorsTest@52a86356]" name="tearDown" is-config="true" duration-ms="744" started-at="2023-06-12T17:03:09 MDT" finished-at="2023-06-12T17:03:10 MDT">
          <reporter-output>
          </reporter-output>
        </test-method> <!-- tearDown -->
        <test-method status="PASS" signature="setUp()[pri:0, instance:scripts._03_TGLocatorsTest@52a86356]" name="setUp" is-config="true" duration-ms="1447" started-at="2023-06-12T17:03:10 MDT" finished-at="2023-06-12T17:03:11 MDT">
          <reporter-output>
          </reporter-output>
        </test-method> <!-- setUp -->
        <test-method status="PASS" signature="setPage()[pri:0, instance:scripts._03_TGLocatorsTest@52a86356]" name="setPage" is-config="true" duration-ms="2594" started-at="2023-06-12T17:03:11 MDT" finished-at="2023-06-12T17:03:14 MDT">
          <reporter-output>
          </reporter-output>
        </test-method> <!-- setPage -->
        <test-method status="PASS" signature="validateGrapesParagraph()[pri:3, instance:scripts._03_TGLocatorsTest@52a86356]" name="validateGrapesParagraph" duration-ms="64" started-at="2023-06-12T17:03:14 MDT" finished-at="2023-06-12T17:03:14 MDT">
          <reporter-output>
          </reporter-output>
        </test-method> <!-- validateGrapesParagraph -->
        <test-method status="PASS" signature="tearDown()[pri:0, instance:scripts._03_TGLocatorsTest@52a86356]" name="tearDown" is-config="true" duration-ms="751" started-at="2023-06-12T17:03:14 MDT" finished-at="2023-06-12T17:03:14 MDT">
          <reporter-output>
          </reporter-output>
        </test-method> <!-- tearDown -->
        <test-method status="PASS" signature="setUp()[pri:0, instance:scripts._03_TGLocatorsTest@52a86356]" name="setUp" is-config="true" duration-ms="1463" started-at="2023-06-12T17:03:14 MDT" finished-at="2023-06-12T17:03:16 MDT">
          <reporter-output>
          </reporter-output>
        </test-method> <!-- setUp -->
        <test-method status="PASS" signature="setPage()[pri:0, instance:scripts._03_TGLocatorsTest@52a86356]" name="setPage" is-config="true" duration-ms="2353" started-at="2023-06-12T17:03:16 MDT" finished-at="2023-06-12T17:03:18 MDT">
          <reporter-output>
          </reporter-output>
        </test-method> <!-- setPage -->
        <test-method status="PASS" signature="validateRedAppleLink()[pri:5, instance:scripts._03_TGLocatorsTest@52a86356]" name="validateRedAppleLink" duration-ms="73" started-at="2023-06-12T17:03:18 MDT" finished-at="2023-06-12T17:03:18 MDT">
          <reporter-output>
          </reporter-output>
        </test-method> <!-- validateRedAppleLink -->
        <test-method status="PASS" signature="tearDown()[pri:0, instance:scripts._03_TGLocatorsTest@52a86356]" name="tearDown" is-config="true" duration-ms="744" started-at="2023-06-12T17:03:18 MDT" finished-at="2023-06-12T17:03:19 MDT">
          <reporter-output>
          </reporter-output>
        </test-method> <!-- tearDown -->
        <test-method status="PASS" signature="setUp()[pri:0, instance:scripts._03_TGLocatorsTest@52a86356]" name="setUp" is-config="true" duration-ms="1486" started-at="2023-06-12T17:03:19 MDT" finished-at="2023-06-12T17:03:20 MDT">
          <reporter-output>
          </reporter-output>
        </test-method> <!-- setUp -->
        <test-method status="PASS" signature="setPage()[pri:0, instance:scripts._03_TGLocatorsTest@52a86356]" name="setPage" is-config="true" duration-ms="1586" started-at="2023-06-12T17:03:20 MDT" finished-at="2023-06-12T17:03:22 MDT">
          <reporter-output>
          </reporter-output>
        </test-method> <!-- setPage -->
        <test-method status="PASS" signature="validateAllLinks()[pri:6, instance:scripts._03_TGLocatorsTest@52a86356]" name="validateAllLinks" duration-ms="211" started-at="2023-06-12T17:03:22 MDT" finished-at="2023-06-12T17:03:22 MDT">
          <reporter-output>
          </reporter-output>
        </test-method> <!-- validateAllLinks -->
        <test-method status="PASS" signature="tearDown()[pri:0, instance:scripts._03_TGLocatorsTest@52a86356]" name="tearDown" is-config="true" duration-ms="740" started-at="2023-06-12T17:03:22 MDT" finished-at="2023-06-12T17:03:23 MDT">
          <reporter-output>
          </reporter-output>
        </test-method> <!-- tearDown -->
      </class> <!-- scripts._03_TGLocatorsTest -->
      <class name="scripts._05_FacebookTest">
        <test-method status="PASS" signature="setUp()[pri:0, instance:scripts._05_FacebookTest@78c03f1f]" name="setUp" is-config="true" duration-ms="1471" started-at="2023-06-12T17:03:40 MDT" finished-at="2023-06-12T17:03:41 MDT">
          <reporter-output>
          </reporter-output>
        </test-method> <!-- setUp -->
        <test-method status="PASS" signature="setPage()[pri:0, instance:scripts._05_FacebookTest@78c03f1f]" name="setPage" is-config="true" duration-ms="2142" started-at="2023-06-12T17:03:41 MDT" finished-at="2023-06-12T17:03:43 MDT">
          <reporter-output>
          </reporter-output>
        </test-method> <!-- setPage -->
        <test-method status="PASS" signature="validateFacebookInvalidLoginAttempt()[pri:0, instance:scripts._05_FacebookTest@78c03f1f]" name="validateFacebookInvalidLoginAttempt" duration-ms="977" started-at="2023-06-12T17:03:43 MDT" finished-at="2023-06-12T17:03:44 MDT">
          <reporter-output>
          </reporter-output>
        </test-method> <!-- validateFacebookInvalidLoginAttempt -->
        <test-method status="PASS" signature="tearDown()[pri:0, instance:scripts._05_FacebookTest@78c03f1f]" name="tearDown" is-config="true" duration-ms="929" started-at="2023-06-12T17:03:44 MDT" finished-at="2023-06-12T17:03:45 MDT">
          <reporter-output>
          </reporter-output>
        </test-method> <!-- tearDown -->
      </class> <!-- scripts._05_FacebookTest -->
      <class name="scripts._17_TGStaticTableTest">
        <test-method status="PASS" signature="setUp()[pri:0, instance:scripts._17_TGStaticTableTest@2286778]" name="setUp" is-config="true" duration-ms="2855" started-at="2023-06-12T16:48:17 MDT" finished-at="2023-06-12T16:48:20 MDT">
          <reporter-output>
          </reporter-output>
        </test-method> <!-- setUp -->
        <test-method status="PASS" signature="setPage()[pri:0, instance:scripts._17_TGStaticTableTest@2286778]" name="setPage" is-config="true" duration-ms="1184" started-at="2023-06-12T16:48:20 MDT" finished-at="2023-06-12T16:48:21 MDT">
          <reporter-output>
          </reporter-output>
        </test-method> <!-- setPage -->
        <test-method status="PASS" signature="validateEachCell()[pri:0, instance:scripts._17_TGStaticTableTest@2286778]" name="validateEachCell" duration-ms="293" started-at="2023-06-12T16:48:21 MDT" finished-at="2023-06-12T16:48:21 MDT">
          <reporter-output>
          </reporter-output>
        </test-method> <!-- validateEachCell -->
        <test-method status="PASS" signature="tearDown()[pri:0, instance:scripts._17_TGStaticTableTest@2286778]" name="tearDown" is-config="true" duration-ms="732" started-at="2023-06-12T16:48:21 MDT" finished-at="2023-06-12T16:48:22 MDT">
          <reporter-output>
          </reporter-output>
        </test-method> <!-- tearDown -->
        <test-method status="PASS" signature="setUp()[pri:0, instance:scripts._17_TGStaticTableTest@2286778]" name="setUp" is-config="true" duration-ms="2084" started-at="2023-06-12T16:48:22 MDT" finished-at="2023-06-12T16:48:24 MDT">
          <reporter-output>
          </reporter-output>
        </test-method> <!-- setUp -->
        <test-method status="PASS" signature="setPage()[pri:0, instance:scripts._17_TGStaticTableTest@2286778]" name="setPage" is-config="true" duration-ms="2259" started-at="2023-06-12T16:48:24 MDT" finished-at="2023-06-12T16:48:26 MDT">
          <reporter-output>
          </reporter-output>
        </test-method> <!-- setPage -->
        <test-method status="PASS" signature="validateFirstRow()[pri:0, instance:scripts._17_TGStaticTableTest@2286778]" name="validateFirstRow" duration-ms="67" started-at="2023-06-12T16:48:26 MDT" finished-at="2023-06-12T16:48:26 MDT">
          <reporter-output>
          </reporter-output>
        </test-method> <!-- validateFirstRow -->
        <test-method status="PASS" signature="tearDown()[pri:0, instance:scripts._17_TGStaticTableTest@2286778]" name="tearDown" is-config="true" duration-ms="698" started-at="2023-06-12T16:48:26 MDT" finished-at="2023-06-12T16:48:27 MDT">
          <reporter-output>
          </reporter-output>
        </test-method> <!-- tearDown -->
        <test-method status="PASS" signature="setUp()[pri:0, instance:scripts._17_TGStaticTableTest@2286778]" name="setUp" is-config="true" duration-ms="2108" started-at="2023-06-12T16:48:27 MDT" finished-at="2023-06-12T16:48:29 MDT">
          <reporter-output>
          </reporter-output>
        </test-method> <!-- setUp -->
        <test-method status="PASS" signature="setPage()[pri:0, instance:scripts._17_TGStaticTableTest@2286778]" name="setPage" is-config="true" duration-ms="1562" started-at="2023-06-12T16:48:29 MDT" finished-at="2023-06-12T16:48:30 MDT">
          <reporter-output>
          </reporter-output>
        </test-method> <!-- setPage -->
        <test-method status="PASS" signature="validateLastColumn()[pri:0, instance:scripts._17_TGStaticTableTest@2286778]" name="validateLastColumn" duration-ms="55" started-at="2023-06-12T16:48:30 MDT" finished-at="2023-06-12T16:48:31 MDT">
          <reporter-output>
          </reporter-output>
        </test-method> <!-- validateLastColumn -->
        <test-method status="PASS" signature="tearDown()[pri:0, instance:scripts._17_TGStaticTableTest@2286778]" name="tearDown" is-config="true" duration-ms="943" started-at="2023-06-12T16:48:31 MDT" finished-at="2023-06-12T16:48:31 MDT">
          <reporter-output>
          </reporter-output>
        </test-method> <!-- tearDown -->
        <test-method status="PASS" signature="setUp()[pri:0, instance:scripts._17_TGStaticTableTest@2286778]" name="setUp" is-config="true" duration-ms="1625" started-at="2023-06-12T16:48:55 MDT" finished-at="2023-06-12T16:48:56 MDT">
          <reporter-output>
          </reporter-output>
        </test-method> <!-- setUp -->
        <test-method status="PASS" signature="setPage()[pri:0, instance:scripts._17_TGStaticTableTest@2286778]" name="setPage" is-config="true" duration-ms="995" started-at="2023-06-12T16:48:56 MDT" finished-at="2023-06-12T16:48:57 MDT">
          <reporter-output>
          </reporter-output>
        </test-method> <!-- setPage -->
        <test-method status="PASS" signature="validateTableHeader()[pri:0, instance:scripts._17_TGStaticTableTest@2286778]" name="validateTableHeader" duration-ms="43" started-at="2023-06-12T16:48:57 MDT" finished-at="2023-06-12T16:48:57 MDT">
          <reporter-output>
          </reporter-output>
        </test-method> <!-- validateTableHeader -->
        <test-method status="PASS" signature="tearDown()[pri:0, instance:scripts._17_TGStaticTableTest@2286778]" name="tearDown" is-config="true" duration-ms="669" started-at="2023-06-12T16:48:57 MDT" finished-at="2023-06-12T16:48:58 MDT">
          <reporter-output>
          </reporter-output>
        </test-method> <!-- tearDown -->
      </class> <!-- scripts._17_TGStaticTableTest -->
      <class name="scripts._15_TGFileUpload">
        <test-method status="PASS" signature="setUp()[pri:0, instance:scripts._15_TGFileUpload@5abca1e0]" name="setUp" is-config="true" duration-ms="1582" started-at="2023-06-12T17:06:34 MDT" finished-at="2023-06-12T17:06:35 MDT">
          <reporter-output>
          </reporter-output>
        </test-method> <!-- setUp -->
        <test-method status="PASS" signature="setPage()[pri:0, instance:scripts._15_TGFileUpload@5abca1e0]" name="setPage" is-config="true" duration-ms="2263" started-at="2023-06-12T17:06:35 MDT" finished-at="2023-06-12T17:06:37 MDT">
          <reporter-output>
          </reporter-output>
        </test-method> <!-- setPage -->
        <test-method status="FAIL" signature="basicFileUpload()[pri:0, instance:scripts._15_TGFileUpload@5abca1e0]" name="basicFileUpload" duration-ms="65" started-at="2023-06-12T17:06:37 MDT" finished-at="2023-06-12T17:06:38 MDT">
          <exception class="org.openqa.selenium.InvalidArgumentException">
            <message>
              <![CDATA[invalid argument: File not found : /Users/buraksimsek/IdeaProjects/ui_automation_6/hello.txt
  (Session info: chrome=114.0.5735.110)
Build info: version: '3.141.59', revision: 'e82be7d358', time: '2018-11-14T08:17:03'
System info: host: 'LAPTOP-CF98PN2R', ip: '192.168.1.70', os.name: 'Windows 11', os.arch: 'amd64', os.version: '10.0', java.version: '1.8.0_361'
Driver info: org.openqa.selenium.chrome.ChromeDriver
Capabilities {acceptInsecureCerts: false, browserName: chrome, browserVersion: 114.0.5735.110, chrome: {chromedriverVersion: 114.0.5735.90 (386bc09e8f4f..., userDataDir: C:\Users\CIHANA~1\AppData\L...}, goog:chromeOptions: {debuggerAddress: localhost:58155}, javascriptEnabled: true, networkConnectionEnabled: false, pageLoadStrategy: normal, platform: WINDOWS, platformName: WINDOWS, proxy: Proxy(), setWindowRect: true, strictFileInteractability: false, timeouts: {implicit: 0, pageLoad: 300000, script: 30000}, unhandledPromptBehavior: dismiss and notify, webauthn:extension:credBlob: true, webauthn:extension:largeBlob: true, webauthn:extension:minPinLength: true, webauthn:extension:prf: true, webauthn:virtualAuthenticators: true}
Session ID: 22b8ad24d1f638f8cea7d13c34e2b165]]>
            </message>
            <full-stacktrace>
              <![CDATA[org.openqa.selenium.InvalidArgumentException: invalid argument: File not found : /Users/buraksimsek/IdeaProjects/ui_automation_6/hello.txt
  (Session info: chrome=114.0.5735.110)
Build info: version: '3.141.59', revision: 'e82be7d358', time: '2018-11-14T08:17:03'
System info: host: 'LAPTOP-CF98PN2R', ip: '192.168.1.70', os.name: 'Windows 11', os.arch: 'amd64', os.version: '10.0', java.version: '1.8.0_361'
Driver info: org.openqa.selenium.chrome.ChromeDriver
Capabilities {acceptInsecureCerts: false, browserName: chrome, browserVersion: 114.0.5735.110, chrome: {chromedriverVersion: 114.0.5735.90 (386bc09e8f4f..., userDataDir: C:\Users\CIHANA~1\AppData\L...}, goog:chromeOptions: {debuggerAddress: localhost:58155}, javascriptEnabled: true, networkConnectionEnabled: false, pageLoadStrategy: normal, platform: WINDOWS, platformName: WINDOWS, proxy: Proxy(), setWindowRect: true, strictFileInteractability: false, timeouts: {implicit: 0, pageLoad: 300000, script: 30000}, unhandledPromptBehavior: dismiss and notify, webauthn:extension:credBlob: true, webauthn:extension:largeBlob: true, webauthn:extension:minPinLength: true, webauthn:extension:prf: true, webauthn:virtualAuthenticators: true}
Session ID: 22b8ad24d1f638f8cea7d13c34e2b165
at sun.reflect.NativeConstructorAccessorImpl.newInstance0(Native Method)
at sun.reflect.NativeConstructorAccessorImpl.newInstance(NativeConstructorAccessorImpl.java:62)
at sun.reflect.DelegatingConstructorAccessorImpl.newInstance(DelegatingConstructorAccessorImpl.java:45)
at java.lang.reflect.Constructor.newInstance(Constructor.java:423)
at org.openqa.selenium.remote.http.W3CHttpResponseCodec.createException(W3CHttpResponseCodec.java:187)
at org.openqa.selenium.remote.http.W3CHttpResponseCodec.decode(W3CHttpResponseCodec.java:122)
at org.openqa.selenium.remote.http.W3CHttpResponseCodec.decode(W3CHttpResponseCodec.java:49)
at org.openqa.selenium.remote.HttpCommandExecutor.execute(HttpCommandExecutor.java:158)
at org.openqa.selenium.remote.service.DriverCommandExecutor.execute(DriverCommandExecutor.java:83)
at org.openqa.selenium.remote.RemoteWebDriver.execute(RemoteWebDriver.java:552)
at org.openqa.selenium.remote.RemoteWebElement.execute(RemoteWebElement.java:285)
at org.openqa.selenium.remote.RemoteWebElement.sendKeys(RemoteWebElement.java:106)
at scripts._15_TGFileUpload.basicFileUpload(_15_TGFileUpload.java:36)
at sun.reflect.NativeMethodAccessorImpl.invoke0(Native Method)
at sun.reflect.NativeMethodAccessorImpl.invoke(NativeMethodAccessorImpl.java:62)
at sun.reflect.DelegatingMethodAccessorImpl.invoke(DelegatingMethodAccessorImpl.java:43)
at java.lang.reflect.Method.invoke(Method.java:498)
at org.testng.internal.MethodInvocationHelper.invokeMethod(MethodInvocationHelper.java:134)
at org.testng.internal.TestInvoker.invokeMethod(TestInvoker.java:597)
at org.testng.internal.TestInvoker.invokeTestMethod(TestInvoker.java:173)
at org.testng.internal.MethodRunner.runInSequence(MethodRunner.java:46)
at org.testng.internal.TestInvoker$MethodInvocationAgent.invoke(TestInvoker.java:816)
at org.testng.internal.TestInvoker.invokeTestMethods(TestInvoker.java:146)
at org.testng.internal.TestMethodWorker.invokeTestMethods(TestMethodWorker.java:146)
at org.testng.internal.TestMethodWorker.run(TestMethodWorker.java:128)
at java.util.ArrayList.forEach(ArrayList.java:1259)
at org.testng.TestRunner.privateRun(TestRunner.java:766)
at org.testng.TestRunner.run(TestRunner.java:587)
at org.testng.SuiteRunner.runTest(SuiteRunner.java:384)
at org.testng.SuiteRunner.runSequentially(SuiteRunner.java:378)
at org.testng.SuiteRunner.privateRun(SuiteRunner.java:337)
at org.testng.SuiteRunner.run(SuiteRunner.java:286)
at org.testng.SuiteRunnerWorker.runSuite(SuiteRunnerWorker.java:53)
at org.testng.SuiteRunnerWorker.run(SuiteRunnerWorker.java:96)
at org.testng.TestNG.runSuitesSequentially(TestNG.java:1187)
at org.testng.TestNG.runSuitesLocally(TestNG.java:1109)
at org.testng.TestNG.runSuites(TestNG.java:1039)
at org.testng.TestNG.run(TestNG.java:1007)
at org.apache.maven.surefire.testng.TestNGExecutor.run(TestNGExecutor.java:281)
at org.apache.maven.surefire.testng.TestNGXmlTestSuite.execute(TestNGXmlTestSuite.java:75)
at org.apache.maven.surefire.testng.TestNGProvider.invoke(TestNGProvider.java:121)
at org.apache.maven.surefire.booter.ForkedBooter.invokeProviderInSameClassLoader(ForkedBooter.java:290)
at org.apache.maven.surefire.booter.ForkedBooter.runSuitesInProcess(ForkedBooter.java:242)
at org.apache.maven.surefire.booter.ForkedBooter.main(ForkedBooter.java:121)
]]>
            </full-stacktrace>
          </exception> <!-- org.openqa.selenium.InvalidArgumentException -->
          <reporter-output>
          </reporter-output>
        </test-method> <!-- basicFileUpload -->
        <test-method status="PASS" signature="tearDown()[pri:0, instance:scripts._15_TGFileUpload@5abca1e0]" name="tearDown" is-config="true" duration-ms="673" started-at="2023-06-12T17:06:38 MDT" finished-at="2023-06-12T17:06:38 MDT">
          <reporter-output>
          </reporter-output>
        </test-method> <!-- tearDown -->
      </class> <!-- scripts._15_TGFileUpload -->
      <class name="scripts._18_TGSortableTableTest">
        <test-method status="PASS" signature="setUp()[pri:0, instance:scripts._18_TGSortableTableTest@4e9ba398]" name="setUp" is-config="true" duration-ms="1493" started-at="2023-06-12T16:48:58 MDT" finished-at="2023-06-12T16:49:00 MDT">
          <reporter-output>
          </reporter-output>
        </test-method> <!-- setUp -->
        <test-method status="PASS" signature="setPage()[pri:0, instance:scripts._18_TGSortableTableTest@4e9ba398]" name="setPage" is-config="true" duration-ms="1008" started-at="2023-06-12T16:49:00 MDT" finished-at="2023-06-12T16:49:01 MDT">
          <reporter-output>
          </reporter-output>
        </test-method> <!-- setPage -->
        <test-method status="PASS" signature="validateSortAscByQuantity()[pri:0, instance:scripts._18_TGSortableTableTest@4e9ba398]" name="validateSortAscByQuantity" duration-ms="2147" started-at="2023-06-12T16:49:01 MDT" finished-at="2023-06-12T16:49:03 MDT">
          <reporter-output>
          </reporter-output>
        </test-method> <!-- validateSortAscByQuantity -->
        <test-method status="PASS" signature="tearDown()[pri:0, instance:scripts._18_TGSortableTableTest@4e9ba398]" name="tearDown" is-config="true" duration-ms="715" started-at="2023-06-12T16:49:03 MDT" finished-at="2023-06-12T16:49:03 MDT">
          <reporter-output>
          </reporter-output>
        </test-method> <!-- tearDown -->
      </class> <!-- scripts._18_TGSortableTableTest -->
      <class name="scripts._11_TGDropdownsTest">
        <test-method status="PASS" signature="setUp()[pri:0, instance:scripts._11_TGDropdownsTest@20398b7c]" name="setUp" is-config="true" duration-ms="1437" started-at="2023-06-12T17:04:52 MDT" finished-at="2023-06-12T17:04:54 MDT">
          <reporter-output>
          </reporter-output>
        </test-method> <!-- setUp -->
        <test-method status="PASS" signature="setPage()[pri:0, instance:scripts._11_TGDropdownsTest@20398b7c]" name="setPage" is-config="true" duration-ms="1640" started-at="2023-06-12T17:04:54 MDT" finished-at="2023-06-12T17:04:55 MDT">
          <reporter-output>
          </reporter-output>
        </test-method> <!-- setPage -->
        <test-method status="PASS" signature="dropdownTestCase()[pri:0, instance:scripts._11_TGDropdownsTest@20398b7c]" name="dropdownTestCase" duration-ms="394" started-at="2023-06-12T17:04:55 MDT" finished-at="2023-06-12T17:04:56 MDT">
          <reporter-output>
          </reporter-output>
        </test-method> <!-- dropdownTestCase -->
        <test-method status="PASS" signature="tearDown()[pri:0, instance:scripts._11_TGDropdownsTest@20398b7c]" name="tearDown" is-config="true" duration-ms="705" started-at="2023-06-12T17:04:56 MDT" finished-at="2023-06-12T17:04:56 MDT">
          <reporter-output>
          </reporter-output>
        </test-method> <!-- tearDown -->
        <test-method status="PASS" signature="setUp()[pri:0, instance:scripts._11_TGDropdownsTest@20398b7c]" name="setUp" is-config="true" duration-ms="1411" started-at="2023-06-12T17:04:56 MDT" finished-at="2023-06-12T17:04:58 MDT">
          <reporter-output>
          </reporter-output>
        </test-method> <!-- setUp -->
        <test-method status="PASS" signature="setPage()[pri:0, instance:scripts._11_TGDropdownsTest@20398b7c]" name="setPage" is-config="true" duration-ms="1565" started-at="2023-06-12T17:04:58 MDT" finished-at="2023-06-12T17:04:59 MDT">
          <reporter-output>
          </reporter-output>
        </test-method> <!-- setPage -->
        <test-method status="PASS" signature="productColorTest()[pri:0, instance:scripts._11_TGDropdownsTest@20398b7c]" name="productColorTest" duration-ms="178" started-at="2023-06-12T17:04:59 MDT" finished-at="2023-06-12T17:05:00 MDT">
          <reporter-output>
          </reporter-output>
        </test-method> <!-- productColorTest -->
        <test-method status="PASS" signature="tearDown()[pri:0, instance:scripts._11_TGDropdownsTest@20398b7c]" name="tearDown" is-config="true" duration-ms="798" started-at="2023-06-12T17:05:00 MDT" finished-at="2023-06-12T17:05:00 MDT">
          <reporter-output>
          </reporter-output>
        </test-method> <!-- tearDown -->
        <test-method status="PASS" signature="setUp()[pri:0, instance:scripts._11_TGDropdownsTest@20398b7c]" name="setUp" is-config="true" duration-ms="1456" started-at="2023-06-12T17:05:00 MDT" finished-at="2023-06-12T17:05:02 MDT">
          <reporter-output>
          </reporter-output>
        </test-method> <!-- setUp -->
        <test-method status="PASS" signature="setPage()[pri:0, instance:scripts._11_TGDropdownsTest@20398b7c]" name="setPage" is-config="true" duration-ms="1901" started-at="2023-06-12T17:05:02 MDT" finished-at="2023-06-12T17:05:04 MDT">
          <reporter-output>
          </reporter-output>
        </test-method> <!-- setPage -->
        <test-method status="PASS" signature="productDeliveryTest()[pri:0, instance:scripts._11_TGDropdownsTest@20398b7c]" name="productDeliveryTest" duration-ms="30105" started-at="2023-06-12T17:05:04 MDT" finished-at="2023-06-12T17:05:34 MDT">
          <reporter-output>
          </reporter-output>
        </test-method> <!-- productDeliveryTest -->
        <test-method status="PASS" signature="tearDown()[pri:0, instance:scripts._11_TGDropdownsTest@20398b7c]" name="tearDown" is-config="true" duration-ms="748" started-at="2023-06-12T17:05:34 MDT" finished-at="2023-06-12T17:05:35 MDT">
          <reporter-output>
          </reporter-output>
        </test-method> <!-- tearDown -->
        <test-method status="PASS" signature="setUp()[pri:0, instance:scripts._11_TGDropdownsTest@20398b7c]" name="setUp" is-config="true" duration-ms="1456" started-at="2023-06-12T17:05:35 MDT" finished-at="2023-06-12T17:05:36 MDT">
          <reporter-output>
          </reporter-output>
        </test-method> <!-- setUp -->
        <test-method status="PASS" signature="setPage()[pri:0, instance:scripts._11_TGDropdownsTest@20398b7c]" name="setPage" is-config="true" duration-ms="1558" started-at="2023-06-12T17:05:36 MDT" finished-at="2023-06-12T17:05:38 MDT">
          <reporter-output>
          </reporter-output>
        </test-method> <!-- setPage -->
        <test-method status="PASS" signature="productDropdownTest()[pri:0, instance:scripts._11_TGDropdownsTest@20398b7c]" name="productDropdownTest" duration-ms="128" started-at="2023-06-12T17:05:38 MDT" finished-at="2023-06-12T17:05:38 MDT">
          <reporter-output>
          </reporter-output>
        </test-method> <!-- productDropdownTest -->
        <test-method status="PASS" signature="tearDown()[pri:0, instance:scripts._11_TGDropdownsTest@20398b7c]" name="tearDown" is-config="true" duration-ms="714" started-at="2023-06-12T17:05:38 MDT" finished-at="2023-06-12T17:05:38 MDT">
          <reporter-output>
          </reporter-output>
        </test-method> <!-- tearDown -->
      </class> <!-- scripts._11_TGDropdownsTest -->
      <class name="scripts._12_TGAlertsTest">
        <test-method status="PASS" signature="setUp()[pri:0, instance:scripts._12_TGAlertsTest@6fc6f14e]" name="setUp" is-config="true" duration-ms="1505" started-at="2023-06-12T17:05:38 MDT" finished-at="2023-06-12T17:05:40 MDT">
          <reporter-output>
          </reporter-output>
        </test-method> <!-- setUp -->
        <test-method status="PASS" signature="setPage()[pri:0, instance:scripts._12_TGAlertsTest@6fc6f14e]" name="setPage" is-config="true" duration-ms="1655" started-at="2023-06-12T17:05:40 MDT" finished-at="2023-06-12T17:05:42 MDT">
          <reporter-output>
          </reporter-output>
        </test-method> <!-- setPage -->
        <test-method status="PASS" signature="confirmationAlert()[pri:0, instance:scripts._12_TGAlertsTest@6fc6f14e]" name="confirmationAlert" duration-ms="219" started-at="2023-06-12T17:05:42 MDT" finished-at="2023-06-12T17:05:42 MDT">
          <reporter-output>
          </reporter-output>
        </test-method> <!-- confirmationAlert -->
        <test-method status="PASS" signature="tearDown()[pri:0, instance:scripts._12_TGAlertsTest@6fc6f14e]" name="tearDown" is-config="true" duration-ms="730" started-at="2023-06-12T17:05:42 MDT" finished-at="2023-06-12T17:05:43 MDT">
          <reporter-output>
          </reporter-output>
        </test-method> <!-- tearDown -->
        <test-method status="PASS" signature="setUp()[pri:0, instance:scripts._12_TGAlertsTest@6fc6f14e]" name="setUp" is-config="true" duration-ms="1399" started-at="2023-06-12T17:05:43 MDT" finished-at="2023-06-12T17:05:44 MDT">
          <reporter-output>
          </reporter-output>
        </test-method> <!-- setUp -->
        <test-method status="PASS" signature="setPage()[pri:0, instance:scripts._12_TGAlertsTest@6fc6f14e]" name="setPage" is-config="true" duration-ms="1235" started-at="2023-06-12T17:05:44 MDT" finished-at="2023-06-12T17:05:45 MDT">
          <reporter-output>
          </reporter-output>
        </test-method> <!-- setPage -->
        <test-method status="PASS" signature="warningAlert()[pri:0, instance:scripts._12_TGAlertsTest@6fc6f14e]" name="warningAlert" duration-ms="111" started-at="2023-06-12T17:05:45 MDT" finished-at="2023-06-12T17:05:45 MDT">
          <reporter-output>
          </reporter-output>
        </test-method> <!-- warningAlert -->
        <test-method status="PASS" signature="tearDown()[pri:0, instance:scripts._12_TGAlertsTest@6fc6f14e]" name="tearDown" is-config="true" duration-ms="670" started-at="2023-06-12T17:05:45 MDT" finished-at="2023-06-12T17:05:46 MDT">
          <reporter-output>
          </reporter-output>
        </test-method> <!-- tearDown -->
      </class> <!-- scripts._12_TGAlertsTest -->
      <class name="scripts._02_ProjectTest">
        <test-method status="PASS" signature="setUp()[pri:0, instance:scripts._02_ProjectTest@4e1d422d]" name="setUp" is-config="true" duration-ms="1589" started-at="2023-06-12T17:01:32 MDT" finished-at="2023-06-12T17:01:34 MDT">
          <reporter-output>
          </reporter-output>
        </test-method> <!-- setUp -->
        <test-method status="PASS" signature="setPage()[pri:0, instance:scripts._02_ProjectTest@4e1d422d]" name="setPage" is-config="true" duration-ms="1213" started-at="2023-06-12T17:01:34 MDT" finished-at="2023-06-12T17:01:35 MDT">
          <reporter-output>
          </reporter-output>
        </test-method> <!-- setPage -->
        <test-method status="PASS" signature="validateTheLoginForm()[pri:1, instance:scripts._02_ProjectTest@4e1d422d]" name="validateTheLoginForm" duration-ms="519" started-at="2023-06-12T17:01:35 MDT" description="Test Case 01 - Validate the login form" finished-at="2023-06-12T17:01:36 MDT">
          <reporter-output>
          </reporter-output>
        </test-method> <!-- validateTheLoginForm -->
        <test-method status="PASS" signature="tearDown()[pri:0, instance:scripts._02_ProjectTest@4e1d422d]" name="tearDown" is-config="true" duration-ms="756" started-at="2023-06-12T17:01:36 MDT" finished-at="2023-06-12T17:01:36 MDT">
          <reporter-output>
          </reporter-output>
        </test-method> <!-- tearDown -->
        <test-method status="PASS" signature="setUp()[pri:0, instance:scripts._02_ProjectTest@4e1d422d]" name="setUp" is-config="true" duration-ms="1478" started-at="2023-06-12T17:01:36 MDT" finished-at="2023-06-12T17:01:38 MDT">
          <reporter-output>
          </reporter-output>
        </test-method> <!-- setUp -->
        <test-method status="PASS" signature="setPage()[pri:0, instance:scripts._02_ProjectTest@4e1d422d]" name="setPage" is-config="true" duration-ms="1304" started-at="2023-06-12T17:01:38 MDT" finished-at="2023-06-12T17:01:39 MDT">
          <reporter-output>
          </reporter-output>
        </test-method> <!-- setPage -->
        <test-method status="PASS" signature="validateTheValidLogin()[pri:2, instance:scripts._02_ProjectTest@4e1d422d]" name="validateTheValidLogin" duration-ms="389" started-at="2023-06-12T17:01:39 MDT" description="Test Case 02 - Validate the valid login" finished-at="2023-06-12T17:01:40 MDT">
          <reporter-output>
          </reporter-output>
        </test-method> <!-- validateTheValidLogin -->
        <test-method status="PASS" signature="tearDown()[pri:0, instance:scripts._02_ProjectTest@4e1d422d]" name="tearDown" is-config="true" duration-ms="794" started-at="2023-06-12T17:01:40 MDT" finished-at="2023-06-12T17:01:40 MDT">
          <reporter-output>
          </reporter-output>
        </test-method> <!-- tearDown -->
        <test-method status="PASS" signature="setUp()[pri:0, instance:scripts._02_ProjectTest@4e1d422d]" name="setUp" is-config="true" duration-ms="1499" started-at="2023-06-12T17:01:40 MDT" finished-at="2023-06-12T17:01:42 MDT">
          <reporter-output>
          </reporter-output>
        </test-method> <!-- setUp -->
        <test-method status="PASS" signature="setPage()[pri:0, instance:scripts._02_ProjectTest@4e1d422d]" name="setPage" is-config="true" duration-ms="1702" started-at="2023-06-12T17:01:42 MDT" finished-at="2023-06-12T17:01:44 MDT">
          <reporter-output>
          </reporter-output>
        </test-method> <!-- setPage -->
        <test-method status="PASS" signature="validateTheLogOut()[pri:3, instance:scripts._02_ProjectTest@4e1d422d]" name="validateTheLogOut" duration-ms="386" started-at="2023-06-12T17:01:44 MDT" description="Test Case 03 - Validate the logout" finished-at="2023-06-12T17:01:44 MDT">
          <reporter-output>
          </reporter-output>
        </test-method> <!-- validateTheLogOut -->
        <test-method status="PASS" signature="tearDown()[pri:0, instance:scripts._02_ProjectTest@4e1d422d]" name="tearDown" is-config="true" duration-ms="762" started-at="2023-06-12T17:01:44 MDT" finished-at="2023-06-12T17:01:45 MDT">
          <reporter-output>
          </reporter-output>
        </test-method> <!-- tearDown -->
        <test-method status="PASS" signature="setUp()[pri:0, instance:scripts._02_ProjectTest@4e1d422d]" name="setUp" is-config="true" duration-ms="1484" started-at="2023-06-12T17:01:45 MDT" finished-at="2023-06-12T17:01:46 MDT">
          <reporter-output>
          </reporter-output>
        </test-method> <!-- setUp -->
        <test-method status="PASS" signature="setPage()[pri:0, instance:scripts._02_ProjectTest@4e1d422d]" name="setPage" is-config="true" duration-ms="2291" started-at="2023-06-12T17:01:46 MDT" finished-at="2023-06-12T17:01:48 MDT">
          <reporter-output>
          </reporter-output>
        </test-method> <!-- setPage -->
        <test-method status="PASS" signature="validateTheForgotPasswordLinkAndResetPasswordModal()[pri:4, instance:scripts._02_ProjectTest@4e1d422d]" name="validateTheForgotPasswordLinkAndResetPasswordModal" duration-ms="559" started-at="2023-06-12T17:01:48 MDT" description="Test Case 04 - Validate the Forgot Password? Link and Reset Password modal" finished-at="2023-06-12T17:01:49 MDT">
          <reporter-output>
          </reporter-output>
        </test-method> <!-- validateTheForgotPasswordLinkAndResetPasswordModal -->
        <test-method status="PASS" signature="tearDown()[pri:0, instance:scripts._02_ProjectTest@4e1d422d]" name="tearDown" is-config="true" duration-ms="718" started-at="2023-06-12T17:01:49 MDT" finished-at="2023-06-12T17:01:50 MDT">
          <reporter-output>
          </reporter-output>
        </test-method> <!-- tearDown -->
        <test-method status="PASS" signature="setUp()[pri:0, instance:scripts._02_ProjectTest@4e1d422d]" name="setUp" is-config="true" duration-ms="1430" started-at="2023-06-12T17:01:50 MDT" finished-at="2023-06-12T17:01:51 MDT">
          <reporter-output>
          </reporter-output>
        </test-method> <!-- setUp -->
        <test-method status="PASS" signature="setPage()[pri:0, instance:scripts._02_ProjectTest@4e1d422d]" name="setPage" is-config="true" duration-ms="1147" started-at="2023-06-12T17:01:51 MDT" finished-at="2023-06-12T17:01:52 MDT">
          <reporter-output>
          </reporter-output>
        </test-method> <!-- setPage -->
        <test-method status="PASS" signature="validateTheResetPasswordModalCloseButton()[pri:5, instance:scripts._02_ProjectTest@4e1d422d]" name="validateTheResetPasswordModalCloseButton" duration-ms="30329" started-at="2023-06-12T17:01:52 MDT" description="Test Case 05 - Validate the Reset Password modal close button" finished-at="2023-06-12T17:02:23 MDT">
          <reporter-output>
          </reporter-output>
        </test-method> <!-- validateTheResetPasswordModalCloseButton -->
        <test-method status="PASS" signature="tearDown()[pri:0, instance:scripts._02_ProjectTest@4e1d422d]" name="tearDown" is-config="true" duration-ms="716" started-at="2023-06-12T17:02:23 MDT" finished-at="2023-06-12T17:02:23 MDT">
          <reporter-output>
          </reporter-output>
        </test-method> <!-- tearDown -->
        <test-method status="PASS" signature="setUp()[pri:0, instance:scripts._02_ProjectTest@4e1d422d]" name="setUp" is-config="true" duration-ms="1646" started-at="2023-06-12T17:02:23 MDT" finished-at="2023-06-12T17:02:25 MDT">
          <reporter-output>
          </reporter-output>
        </test-method> <!-- setUp -->
        <test-method status="PASS" signature="setPage()[pri:0, instance:scripts._02_ProjectTest@4e1d422d]" name="setPage" is-config="true" duration-ms="2156" started-at="2023-06-12T17:02:25 MDT" finished-at="2023-06-12T17:02:27 MDT">
          <reporter-output>
          </reporter-output>
        </test-method> <!-- setPage -->
        <test-method status="PASS" signature="validateTheResetPasswordFormSubmission()[pri:6, instance:scripts._02_ProjectTest@4e1d422d]" name="validateTheResetPasswordFormSubmission" duration-ms="432" started-at="2023-06-12T17:02:27 MDT" description="Test Case 06 - Validate the Reset Password form submission" finished-at="2023-06-12T17:02:28 MDT">
          <reporter-output>
          </reporter-output>
        </test-method> <!-- validateTheResetPasswordFormSubmission -->
        <test-method status="PASS" signature="tearDown()[pri:0, instance:scripts._02_ProjectTest@4e1d422d]" name="tearDown" is-config="true" duration-ms="726" started-at="2023-06-12T17:02:28 MDT" finished-at="2023-06-12T17:02:28 MDT">
          <reporter-output>
          </reporter-output>
        </test-method> <!-- tearDown -->
        <test-method status="PASS" signature="setUp()[pri:0, instance:scripts._02_ProjectTest@4e1d422d]" name="setUp" is-config="true" duration-ms="1417" started-at="2023-06-12T17:02:28 MDT" finished-at="2023-06-12T17:02:30 MDT">
          <reporter-output>
          </reporter-output>
        </test-method> <!-- setUp -->
        <test-method status="PASS" signature="setPage()[pri:0, instance:scripts._02_ProjectTest@4e1d422d]" name="setPage" is-config="true" duration-ms="2598" started-at="2023-06-12T17:02:30 MDT" finished-at="2023-06-12T17:02:32 MDT">
          <reporter-output>
          </reporter-output>
        </test-method> <!-- setPage -->
        <test-method status="PASS" signature="validateTheInvalidLoginWithEmptyCredentials()[pri:7, instance:scripts._02_ProjectTest@4e1d422d]" name="validateTheInvalidLoginWithEmptyCredentials" duration-ms="258" started-at="2023-06-12T17:02:32 MDT" description="Test Case 07 - Validate the invalid login with the empty credentials" finished-at="2023-06-12T17:02:33 MDT">
          <reporter-output>
          </reporter-output>
        </test-method> <!-- validateTheInvalidLoginWithEmptyCredentials -->
        <test-method status="PASS" signature="tearDown()[pri:0, instance:scripts._02_ProjectTest@4e1d422d]" name="tearDown" is-config="true" duration-ms="692" started-at="2023-06-12T17:02:33 MDT" finished-at="2023-06-12T17:02:33 MDT">
          <reporter-output>
          </reporter-output>
        </test-method> <!-- tearDown -->
        <test-method status="PASS" signature="setUp()[pri:0, instance:scripts._02_ProjectTest@4e1d422d]" name="setUp" is-config="true" duration-ms="1596" started-at="2023-06-12T17:02:33 MDT" finished-at="2023-06-12T17:02:35 MDT">
          <reporter-output>
          </reporter-output>
        </test-method> <!-- setUp -->
        <test-method status="PASS" signature="setPage()[pri:0, instance:scripts._02_ProjectTest@4e1d422d]" name="setPage" is-config="true" duration-ms="3871" started-at="2023-06-12T17:02:35 MDT" finished-at="2023-06-12T17:02:39 MDT">
          <reporter-output>
          </reporter-output>
        </test-method> <!-- setPage -->
        <test-method status="PASS" signature="validateTheInvalidLoginWithTheWrongUsername()[pri:8, instance:scripts._02_ProjectTest@4e1d422d]" name="validateTheInvalidLoginWithTheWrongUsername" duration-ms="1017" started-at="2023-06-12T17:02:39 MDT" description="Test Case 08 - Validate the invalid login with the wrong username" finished-at="2023-06-12T17:02:40 MDT">
          <reporter-output>
          </reporter-output>
        </test-method> <!-- validateTheInvalidLoginWithTheWrongUsername -->
        <test-method status="PASS" signature="tearDown()[pri:0, instance:scripts._02_ProjectTest@4e1d422d]" name="tearDown" is-config="true" duration-ms="703" started-at="2023-06-12T17:02:40 MDT" finished-at="2023-06-12T17:02:40 MDT">
          <reporter-output>
          </reporter-output>
        </test-method> <!-- tearDown -->
        <test-method status="PASS" signature="setUp()[pri:0, instance:scripts._02_ProjectTest@4e1d422d]" name="setUp" is-config="true" duration-ms="1704" started-at="2023-06-12T17:02:40 MDT" finished-at="2023-06-12T17:02:42 MDT">
          <reporter-output>
          </reporter-output>
        </test-method> <!-- setUp -->
        <test-method status="PASS" signature="setPage()[pri:0, instance:scripts._02_ProjectTest@4e1d422d]" name="setPage" is-config="true" duration-ms="6144" started-at="2023-06-12T17:02:42 MDT" finished-at="2023-06-12T17:02:48 MDT">
          <reporter-output>
          </reporter-output>
        </test-method> <!-- setPage -->
        <test-method status="PASS" signature="validateTheInvalidLoginWithTheWrongPassword()[pri:9, instance:scripts._02_ProjectTest@4e1d422d]" name="validateTheInvalidLoginWithTheWrongPassword" duration-ms="843" started-at="2023-06-12T17:02:48 MDT" description="Test Case 09 - Validate the invalid login with the wrong password" finished-at="2023-06-12T17:02:49 MDT">
          <reporter-output>
          </reporter-output>
        </test-method> <!-- validateTheInvalidLoginWithTheWrongPassword -->
        <test-method status="PASS" signature="tearDown()[pri:0, instance:scripts._02_ProjectTest@4e1d422d]" name="tearDown" is-config="true" duration-ms="997" started-at="2023-06-12T17:02:49 MDT" finished-at="2023-06-12T17:02:50 MDT">
          <reporter-output>
          </reporter-output>
        </test-method> <!-- tearDown -->
        <test-method status="PASS" signature="setUp()[pri:0, instance:scripts._02_ProjectTest@4e1d422d]" name="setUp" is-config="true" duration-ms="1735" started-at="2023-06-12T17:02:50 MDT" finished-at="2023-06-12T17:02:52 MDT">
          <reporter-output>
          </reporter-output>
        </test-method> <!-- setUp -->
        <test-method status="PASS" signature="setPage()[pri:0, instance:scripts._02_ProjectTest@4e1d422d]" name="setPage" is-config="true" duration-ms="2179" started-at="2023-06-12T17:02:52 MDT" finished-at="2023-06-12T17:02:54 MDT">
          <reporter-output>
          </reporter-output>
        </test-method> <!-- setPage -->
        <test-method status="PASS" signature="validateTheInvalidLoginWithTheWrongUsernameAndPassword()[pri:10, instance:scripts._02_ProjectTest@4e1d422d]" name="validateTheInvalidLoginWithTheWrongUsernameAndPassword" duration-ms="403" started-at="2023-06-12T17:02:54 MDT" description="Test Case 10 - Validate the invalid login with the wrong username and password" finished-at="2023-06-12T17:02:55 MDT">
          <reporter-output>
          </reporter-output>
        </test-method> <!-- validateTheInvalidLoginWithTheWrongUsernameAndPassword -->
        <test-method status="PASS" signature="tearDown()[pri:0, instance:scripts._02_ProjectTest@4e1d422d]" name="tearDown" is-config="true" duration-ms="756" started-at="2023-06-12T17:02:55 MDT" finished-at="2023-06-12T17:02:55 MDT">
          <reporter-output>
          </reporter-output>
        </test-method> <!-- tearDown -->
      </class> <!-- scripts._02_ProjectTest -->
      <class name="scripts._02_AppleTest">
        <test-method status="PASS" signature="setup()[pri:0, instance:scripts._02_AppleTest@66480dd7]" name="setup" is-config="true" duration-ms="4110" started-at="2023-06-12T17:02:55 MDT" finished-at="2023-06-12T17:02:59 MDT">
          <reporter-output>
          </reporter-output>
        </test-method> <!-- setup -->
        <test-method status="PASS" signature="validateTitleAndURL()[pri:0, instance:scripts._02_AppleTest@66480dd7]" name="validateTitleAndURL" duration-ms="18" started-at="2023-06-12T17:02:59 MDT" finished-at="2023-06-12T17:02:59 MDT">
          <reporter-output>
          </reporter-output>
        </test-method> <!-- validateTitleAndURL -->
        <test-method status="PASS" signature="tearDown()[pri:0, instance:scripts._02_AppleTest@66480dd7]" name="tearDown" is-config="true" duration-ms="2756" started-at="2023-06-12T17:02:59 MDT" finished-at="2023-06-12T17:03:02 MDT">
          <reporter-output>
          </reporter-output>
        </test-method> <!-- tearDown -->
      </class> <!-- scripts._02_AppleTest -->
      <class name="scripts._04_TGLocatorsTest">
        <test-method status="PASS" signature="setUp()[pri:0, instance:scripts._04_TGLocatorsTest@5ce81285]" name="setUp" is-config="true" duration-ms="1570" started-at="2023-06-12T17:03:23 MDT" finished-at="2023-06-12T17:03:25 MDT">
          <reporter-output>
          </reporter-output>
        </test-method> <!-- setUp -->
        <test-method status="PASS" signature="setPage()[pri:0, instance:scripts._04_TGLocatorsTest@5ce81285]" name="setPage" is-config="true" duration-ms="2134" started-at="2023-06-12T17:03:25 MDT" finished-at="2023-06-12T17:03:27 MDT">
          <reporter-output>
          </reporter-output>
        </test-method> <!-- setPage -->
        <test-method status="PASS" signature="validateAutomationTools()[pri:0, instance:scripts._04_TGLocatorsTest@5ce81285]" name="validateAutomationTools" duration-ms="137" started-at="2023-06-12T17:03:27 MDT" finished-at="2023-06-12T17:03:27 MDT">
          <reporter-output>
          </reporter-output>
        </test-method> <!-- validateAutomationTools -->
        <test-method status="PASS" signature="tearDown()[pri:0, instance:scripts._04_TGLocatorsTest@5ce81285]" name="tearDown" is-config="true" duration-ms="762" started-at="2023-06-12T17:03:27 MDT" finished-at="2023-06-12T17:03:28 MDT">
          <reporter-output>
          </reporter-output>
        </test-method> <!-- tearDown -->
        <test-method status="PASS" signature="setUp()[pri:0, instance:scripts._04_TGLocatorsTest@5ce81285]" name="setUp" is-config="true" duration-ms="1539" started-at="2023-06-12T17:03:28 MDT" finished-at="2023-06-12T17:03:29 MDT">
          <reporter-output>
          </reporter-output>
        </test-method> <!-- setUp -->
        <test-method status="PASS" signature="setPage()[pri:0, instance:scripts._04_TGLocatorsTest@5ce81285]" name="setPage" is-config="true" duration-ms="1711" started-at="2023-06-12T17:03:29 MDT" finished-at="2023-06-12T17:03:31 MDT">
          <reporter-output>
          </reporter-output>
        </test-method> <!-- setPage -->
        <test-method status="PASS" signature="validateLanguages()[pri:0, instance:scripts._04_TGLocatorsTest@5ce81285]" name="validateLanguages" duration-ms="129" started-at="2023-06-12T17:03:31 MDT" finished-at="2023-06-12T17:03:31 MDT">
          <reporter-output>
          </reporter-output>
        </test-method> <!-- validateLanguages -->
        <test-method status="PASS" signature="tearDown()[pri:0, instance:scripts._04_TGLocatorsTest@5ce81285]" name="tearDown" is-config="true" duration-ms="720" started-at="2023-06-12T17:03:31 MDT" finished-at="2023-06-12T17:03:32 MDT">
          <reporter-output>
          </reporter-output>
        </test-method> <!-- tearDown -->
        <test-method status="PASS" signature="setUp()[pri:0, instance:scripts._04_TGLocatorsTest@5ce81285]" name="setUp" is-config="true" duration-ms="1506" started-at="2023-06-12T17:03:32 MDT" finished-at="2023-06-12T17:03:33 MDT">
          <reporter-output>
          </reporter-output>
        </test-method> <!-- setUp -->
        <test-method status="PASS" signature="setPage()[pri:0, instance:scripts._04_TGLocatorsTest@5ce81285]" name="setPage" is-config="true" duration-ms="1785" started-at="2023-06-12T17:03:33 MDT" finished-at="2023-06-12T17:03:35 MDT">
          <reporter-output>
          </reporter-output>
        </test-method> <!-- setPage -->
        <test-method status="PASS" signature="validateListHeaders()[pri:0, instance:scripts._04_TGLocatorsTest@5ce81285]" name="validateListHeaders" duration-ms="127" started-at="2023-06-12T17:03:35 MDT" finished-at="2023-06-12T17:03:35 MDT">
          <reporter-output>
          </reporter-output>
        </test-method> <!-- validateListHeaders -->
        <test-method status="PASS" signature="tearDown()[pri:0, instance:scripts._04_TGLocatorsTest@5ce81285]" name="tearDown" is-config="true" duration-ms="847" started-at="2023-06-12T17:03:35 MDT" finished-at="2023-06-12T17:03:36 MDT">
          <reporter-output>
          </reporter-output>
        </test-method> <!-- tearDown -->
        <test-method status="PASS" signature="setUp()[pri:0, instance:scripts._04_TGLocatorsTest@5ce81285]" name="setUp" is-config="true" duration-ms="1488" started-at="2023-06-12T17:03:36 MDT" finished-at="2023-06-12T17:03:37 MDT">
          <reporter-output>
          </reporter-output>
        </test-method> <!-- setUp -->
        <test-method status="PASS" signature="setPage()[pri:0, instance:scripts._04_TGLocatorsTest@5ce81285]" name="setPage" is-config="true" duration-ms="1544" started-at="2023-06-12T17:03:37 MDT" finished-at="2023-06-12T17:03:39 MDT">
          <reporter-output>
          </reporter-output>
        </test-method> <!-- setPage -->
        <test-method status="PASS" signature="validateTheHeader()[pri:0, instance:scripts._04_TGLocatorsTest@5ce81285]" name="validateTheHeader" duration-ms="62" started-at="2023-06-12T17:03:39 MDT" finished-at="2023-06-12T17:03:39 MDT">
          <reporter-output>
          </reporter-output>
        </test-method> <!-- validateTheHeader -->
        <test-method status="PASS" signature="tearDown()[pri:0, instance:scripts._04_TGLocatorsTest@5ce81285]" name="tearDown" is-config="true" duration-ms="777" started-at="2023-06-12T17:03:39 MDT" finished-at="2023-06-12T17:03:40 MDT">
          <reporter-output>
          </reporter-output>
        </test-method> <!-- tearDown -->
      </class> <!-- scripts._04_TGLocatorsTest -->
      <class name="scripts._09_TGCheckboxTest">
        <test-method status="PASS" signature="setUp()[pri:0, instance:scripts._09_TGCheckboxTest@2ac273d3]" name="setUp" is-config="true" duration-ms="1545" started-at="2023-06-12T17:04:35 MDT" finished-at="2023-06-12T17:04:37 MDT">
          <reporter-output>
          </reporter-output>
        </test-method> <!-- setUp -->
        <test-method status="PASS" signature="setPage()[pri:0, instance:scripts._09_TGCheckboxTest@2ac273d3]" name="setPage" is-config="true" duration-ms="1180" started-at="2023-06-12T17:04:37 MDT" finished-at="2023-06-12T17:04:38 MDT">
          <reporter-output>
          </reporter-output>
        </test-method> <!-- setPage -->
        <test-method status="PASS" signature="checkboxTest()[pri:0, instance:scripts._09_TGCheckboxTest@2ac273d3]" name="checkboxTest" duration-ms="234" started-at="2023-06-12T17:04:38 MDT" finished-at="2023-06-12T17:04:38 MDT">
          <reporter-output>
          </reporter-output>
        </test-method> <!-- checkboxTest -->
        <test-method status="PASS" signature="tearDown()[pri:0, instance:scripts._09_TGCheckboxTest@2ac273d3]" name="tearDown" is-config="true" duration-ms="710" started-at="2023-06-12T17:04:38 MDT" finished-at="2023-06-12T17:04:39 MDT">
          <reporter-output>
          </reporter-output>
        </test-method> <!-- tearDown -->
        <test-method status="PASS" signature="setUp()[pri:0, instance:scripts._09_TGCheckboxTest@2ac273d3]" name="setUp" is-config="true" duration-ms="1457" started-at="2023-06-12T17:04:39 MDT" finished-at="2023-06-12T17:04:40 MDT">
          <reporter-output>
          </reporter-output>
        </test-method> <!-- setUp -->
        <test-method status="PASS" signature="setPage()[pri:0, instance:scripts._09_TGCheckboxTest@2ac273d3]" name="setPage" is-config="true" duration-ms="1466" started-at="2023-06-12T17:04:40 MDT" finished-at="2023-06-12T17:04:42 MDT">
          <reporter-output>
          </reporter-output>
        </test-method> <!-- setPage -->
        <test-method status="PASS" signature="checkboxTest2()[pri:0, instance:scripts._09_TGCheckboxTest@2ac273d3]" name="checkboxTest2" duration-ms="258" started-at="2023-06-12T17:04:42 MDT" finished-at="2023-06-12T17:04:42 MDT">
          <reporter-output>
          </reporter-output>
        </test-method> <!-- checkboxTest2 -->
        <test-method status="PASS" signature="tearDown()[pri:0, instance:scripts._09_TGCheckboxTest@2ac273d3]" name="tearDown" is-config="true" duration-ms="675" started-at="2023-06-12T17:04:42 MDT" finished-at="2023-06-12T17:04:43 MDT">
          <reporter-output>
          </reporter-output>
        </test-method> <!-- tearDown -->
      </class> <!-- scripts._09_TGCheckboxTest -->
      <class name="scripts._10_TGRadioButtonsTest">
        <test-method status="PASS" signature="setUp()[pri:0, instance:scripts._10_TGRadioButtonsTest@71423665]" name="setUp" is-config="true" duration-ms="1466" started-at="2023-06-12T17:04:43 MDT" finished-at="2023-06-12T17:04:44 MDT">
          <reporter-output>
          </reporter-output>
        </test-method> <!-- setUp -->
        <test-method status="PASS" signature="setPage()[pri:0, instance:scripts._10_TGRadioButtonsTest@71423665]" name="setPage" is-config="true" duration-ms="2405" started-at="2023-06-12T17:04:44 MDT" finished-at="2023-06-12T17:04:47 MDT">
          <reporter-output>
          </reporter-output>
        </test-method> <!-- setPage -->
        <test-method status="PASS" signature="radioButtonsTest()[pri:0, instance:scripts._10_TGRadioButtonsTest@71423665]" name="radioButtonsTest" duration-ms="214" started-at="2023-06-12T17:04:47 MDT" finished-at="2023-06-12T17:04:47 MDT">
          <reporter-output>
          </reporter-output>
        </test-method> <!-- radioButtonsTest -->
        <test-method status="PASS" signature="tearDown()[pri:0, instance:scripts._10_TGRadioButtonsTest@71423665]" name="tearDown" is-config="true" duration-ms="707" started-at="2023-06-12T17:04:47 MDT" finished-at="2023-06-12T17:04:48 MDT">
          <reporter-output>
          </reporter-output>
        </test-method> <!-- tearDown -->
        <test-method status="PASS" signature="setUp()[pri:0, instance:scripts._10_TGRadioButtonsTest@71423665]" name="setUp" is-config="true" duration-ms="1485" started-at="2023-06-12T17:04:48 MDT" finished-at="2023-06-12T17:04:49 MDT">
          <reporter-output>
          </reporter-output>
        </test-method> <!-- setUp -->
        <test-method status="PASS" signature="setPage()[pri:0, instance:scripts._10_TGRadioButtonsTest@71423665]" name="setPage" is-config="true" duration-ms="2094" started-at="2023-06-12T17:04:49 MDT" finished-at="2023-06-12T17:04:51 MDT">
          <reporter-output>
          </reporter-output>
        </test-method> <!-- setPage -->
        <test-method status="PASS" signature="validatePracticeMore()[pri:0, instance:scripts._10_TGRadioButtonsTest@71423665]" name="validatePracticeMore" duration-ms="325" started-at="2023-06-12T17:04:51 MDT" finished-at="2023-06-12T17:04:52 MDT">
          <reporter-output>
          </reporter-output>
        </test-method> <!-- validatePracticeMore -->
        <test-method status="PASS" signature="tearDown()[pri:0, instance:scripts._10_TGRadioButtonsTest@71423665]" name="tearDown" is-config="true" duration-ms="707" started-at="2023-06-12T17:04:52 MDT" finished-at="2023-06-12T17:04:52 MDT">
          <reporter-output>
          </reporter-output>
        </test-method> <!-- tearDown -->
      </class> <!-- scripts._10_TGRadioButtonsTest -->
      <class name="scripts._14_MultipleWindowsTest">
        <test-method status="PASS" signature="setUp()[pri:0, instance:scripts._14_MultipleWindowsTest@3632be31]" name="setUp" is-config="true" duration-ms="1500" started-at="2023-06-12T17:05:54 MDT" finished-at="2023-06-12T17:05:56 MDT">
          <reporter-output>
          </reporter-output>
        </test-method> <!-- setUp -->
        <test-method status="PASS" signature="setPage()[pri:0, instance:scripts._14_MultipleWindowsTest@3632be31]" name="setPage" is-config="true" duration-ms="1627" started-at="2023-06-12T17:05:56 MDT" finished-at="2023-06-12T17:05:58 MDT">
          <reporter-output>
          </reporter-output>
        </test-method> <!-- setPage -->
        <test-method status="PASS" signature="validateTheAppleNavigation()[pri:1, instance:scripts._14_MultipleWindowsTest@3632be31]" name="validateTheAppleNavigation" duration-ms="2673" started-at="2023-06-12T17:05:58 MDT" description="TC123: Validate the IFrame Page content paragraph" finished-at="2023-06-12T17:06:00 MDT">
          <reporter-output>
          </reporter-output>
        </test-method> <!-- validateTheAppleNavigation -->
        <test-method status="PASS" signature="tearDown()[pri:0, instance:scripts._14_MultipleWindowsTest@3632be31]" name="tearDown" is-config="true" duration-ms="761" started-at="2023-06-12T17:06:00 MDT" finished-at="2023-06-12T17:06:01 MDT">
          <reporter-output>
          </reporter-output>
        </test-method> <!-- tearDown -->
        <test-method status="PASS" signature="setUp()[pri:0, instance:scripts._14_MultipleWindowsTest@3632be31]" name="setUp" is-config="true" duration-ms="1485" started-at="2023-06-12T17:06:01 MDT" finished-at="2023-06-12T17:06:02 MDT">
          <reporter-output>
          </reporter-output>
        </test-method> <!-- setUp -->
        <test-method status="PASS" signature="setPage()[pri:0, instance:scripts._14_MultipleWindowsTest@3632be31]" name="setPage" is-config="true" duration-ms="1602" started-at="2023-06-12T17:06:02 MDT" finished-at="2023-06-12T17:06:04 MDT">
          <reporter-output>
          </reporter-output>
        </test-method> <!-- setPage -->
        <test-method status="PASS" signature="validateTheMicrosoftNavigation()[pri:2, instance:scripts._14_MultipleWindowsTest@3632be31]" name="validateTheMicrosoftNavigation" duration-ms="1970" started-at="2023-06-12T17:06:04 MDT" description="TC345 Validate the form submission" finished-at="2023-06-12T17:06:06 MDT">
          <reporter-output>
          </reporter-output>
        </test-method> <!-- validateTheMicrosoftNavigation -->
        <test-method status="PASS" signature="tearDown()[pri:0, instance:scripts._14_MultipleWindowsTest@3632be31]" name="tearDown" is-config="true" duration-ms="1190" started-at="2023-06-12T17:06:06 MDT" finished-at="2023-06-12T17:06:07 MDT">
          <reporter-output>
          </reporter-output>
        </test-method> <!-- tearDown -->
        <test-method status="PASS" signature="setUp()[pri:0, instance:scripts._14_MultipleWindowsTest@3632be31]" name="setUp" is-config="true" duration-ms="1472" started-at="2023-06-12T17:06:07 MDT" finished-at="2023-06-12T17:06:09 MDT">
          <reporter-output>
          </reporter-output>
        </test-method> <!-- setUp -->
        <test-method status="PASS" signature="setPage()[pri:0, instance:scripts._14_MultipleWindowsTest@3632be31]" name="setPage" is-config="true" duration-ms="1536" started-at="2023-06-12T17:06:09 MDT" finished-at="2023-06-12T17:06:10 MDT">
          <reporter-output>
          </reporter-output>
        </test-method> <!-- setPage -->
        <test-method status="PASS" signature="validateTheTeslaNavigation()[pri:3, instance:scripts._14_MultipleWindowsTest@3632be31]" name="validateTheTeslaNavigation" duration-ms="1955" started-at="2023-06-12T17:06:10 MDT" description="TC323 Validate the Tesla navigation" finished-at="2023-06-12T17:06:12 MDT">
          <reporter-output>
          </reporter-output>
        </test-method> <!-- validateTheTeslaNavigation -->
        <test-method status="PASS" signature="tearDown()[pri:0, instance:scripts._14_MultipleWindowsTest@3632be31]" name="tearDown" is-config="true" duration-ms="884" started-at="2023-06-12T17:06:12 MDT" finished-at="2023-06-12T17:06:13 MDT">
          <reporter-output>
          </reporter-output>
        </test-method> <!-- tearDown -->
        <test-method status="PASS" signature="setUp()[pri:0, instance:scripts._14_MultipleWindowsTest@3632be31]" name="setUp" is-config="true" duration-ms="1525" started-at="2023-06-12T17:06:13 MDT" finished-at="2023-06-12T17:06:15 MDT">
          <reporter-output>
          </reporter-output>
        </test-method> <!-- setUp -->
        <test-method status="PASS" signature="setPage()[pri:0, instance:scripts._14_MultipleWindowsTest@3632be31]" name="setPage" is-config="true" duration-ms="925" started-at="2023-06-12T17:06:15 MDT" finished-at="2023-06-12T17:06:16 MDT">
          <reporter-output>
          </reporter-output>
        </test-method> <!-- setPage -->
        <test-method status="PASS" signature="validateTheLinkURLs()[pri:4, instance:scripts._14_MultipleWindowsTest@3632be31]" name="validateTheLinkURLs" duration-ms="17340" started-at="2023-06-12T17:06:16 MDT" description="Validate link URLs" finished-at="2023-06-12T17:06:33 MDT">
          <reporter-output>
          </reporter-output>
        </test-method> <!-- validateTheLinkURLs -->
        <test-method status="PASS" signature="tearDown()[pri:0, instance:scripts._14_MultipleWindowsTest@3632be31]" name="tearDown" is-config="true" duration-ms="758" started-at="2023-06-12T17:06:33 MDT" finished-at="2023-06-12T17:06:34 MDT">
          <reporter-output>
          </reporter-output>
        </test-method> <!-- tearDown -->
      </class> <!-- scripts._14_MultipleWindowsTest -->
    </test> <!-- All Functionalities -->
  </suite> <!-- Regression Suite -->
</testng-results>
