<?xml version="1.0" encoding="UTF-8" ?>
<testsuite tests="57" failures="3" name="TestSuite" time="162.322" errors="0" skipped="0">
  <properties>
    <property name="idea.version" value="2022.3.2"/>
    <property name="java.runtime.name" value="Java(TM) SE Runtime Environment"/>
    <property name="sun.boot.library.path" value="C:\Program Files\Java\jdk1.8.0_361\jre\bin"/>
    <property name="java.vm.version" value="25.361-b09"/>
    <property name="java.vm.vendor" value="Oracle Corporation"/>
    <property name="maven.multiModuleProjectDirectory" value="C:\Users\Cihan Ausar Degertas\IdeaProjects\ui_automation_6"/>
    <property name="java.vendor.url" value="http://java.oracle.com/"/>
    <property name="path.separator" value=";"/>
    <property name="guice.disable.misplaced.annotation.check" value="true"/>
    <property name="java.vm.name" value="Java HotSpot(TM) 64-Bit Server VM"/>
    <property name="file.encoding.pkg" value="sun.io"/>
    <property name="user.script" value=""/>
    <property name="user.country" value="CA"/>
    <property name="sun.java.launcher" value="SUN_STANDARD"/>
    <property name="sun.os.patch.level" value=""/>
    <property name="java.vm.specification.name" value="Java Virtual Machine Specification"/>
    <property name="user.dir" value="C:\Users\Cihan Ausar Degertas\IdeaProjects\ui_automation_6"/>
    <property name="java.runtime.version" value="1.8.0_361-b09"/>
    <property name="java.awt.graphicsenv" value="sun.awt.Win32GraphicsEnvironment"/>
    <property name="java.endorsed.dirs" value="C:\Program Files\Java\jdk1.8.0_361\jre\lib\endorsed"/>
    <property name="os.arch" value="amd64"/>
    <property name="java.io.tmpdir" value="C:\Users\CIHANA~1\AppData\Local\Temp\"/>
    <property name="line.separator" value="
"/>
    <property name="java.vm.specification.vendor" value="Oracle Corporation"/>
    <property name="user.variant" value=""/>
    <property name="os.name" value="Windows 11"/>
    <property name="maven.ext.class.path" value="C:\Program Files\JetBrains\IntelliJ IDEA Community Edition 2022.3.2\plugins\maven\lib\maven-event-listener.jar"/>
    <property name="classworlds.conf" value="C:\Program Files\JetBrains\IntelliJ IDEA Community Edition 2022.3.2\plugins\maven\lib\maven3\bin\m2.conf"/>
    <property name="sun.jnu.encoding" value="Cp1252"/>
    <property name="java.library.path" value="C:\Program Files\Java\jdk1.8.0_361\bin;C:\WINDOWS\Sun\Java\bin;C:\WINDOWS\system32;C:\WINDOWS;C:\Program Files (x86)\Common Files\Oracle\Java\javapath;C:\WINDOWS\system32;C:\WINDOWS;C:\WINDOWS\System32\Wbem;C:\WINDOWS\System32\WindowsPowerShell\v1.0\;C:\WINDOWS\System32\OpenSSH\;C:\Program Files (x86)\Common Files\Acronis\SnapAPI\;C:\Program Files (x86)\Common Files\Acronis\VirtualFile\;C:\Program Files (x86)\Common Files\Acronis\VirtualFile64\;C:\Program Files (x86)\Common Files\Acronis\FileProtector\;C:\Program Files (x86)\Common Files\Acronis\FileProtector64\;C:\Program Files\Java\jdk1.8.0_361\bin;C:\Program Files\Git\cmd;C:\Users\Cihan Ausar Degertas\AppData\Local\Microsoft\WindowsApps;;."/>
    <property name="jansi.passthrough" value="true"/>
    <property name="maven.conf" value="C:\Program Files\JetBrains\IntelliJ IDEA Community Edition 2022.3.2\plugins\maven\lib\maven3/conf"/>
    <property name="java.specification.name" value="Java Platform API Specification"/>
    <property name="java.class.version" value="52.0"/>
    <property name="sun.management.compiler" value="HotSpot 64-Bit Tiered Compilers"/>
    <property name="os.version" value="10.0"/>
    <property name="user.home" value="C:\Users\Cihan Ausar Degertas"/>
    <property name="user.timezone" value="America/Denver"/>
    <property name="java.awt.printerjob" value="sun.awt.windows.WPrinterJob"/>
    <property name="java.specification.version" value="1.8"/>
    <property name="file.encoding" value="UTF-8"/>
    <property name="user.name" value="Cihan Ausar Degertas"/>
    <property name="java.class.path" value="C:\Program Files\JetBrains\IntelliJ IDEA Community Edition 2022.3.2\plugins\maven\lib\maven3\boot\plexus-classworlds-2.6.0.jar;C:\Program Files\JetBrains\IntelliJ IDEA Community Edition 2022.3.2\plugins\maven\lib\maven3\boot\plexus-classworlds.license;C:\Program Files\JetBrains\IntelliJ IDEA Community Edition 2022.3.2\lib\idea_rt.jar"/>
    <property name="java.vm.specification.version" value="1.8"/>
    <property name="sun.arch.data.model" value="64"/>
    <property name="java.home" value="C:\Program Files\Java\jdk1.8.0_361\jre"/>
    <property name="sun.java.command" value="org.codehaus.classworlds.Launcher -Didea.version=2022.3.2 test"/>
    <property name="java.specification.vendor" value="Oracle Corporation"/>
    <property name="user.language" value="en"/>
    <property name="awt.toolkit" value="sun.awt.windows.WToolkit"/>
    <property name="java.vm.info" value="mixed mode"/>
    <property name="java.version" value="1.8.0_361"/>
    <property name="java.ext.dirs" value="C:\Program Files\Java\jdk1.8.0_361\jre\lib\ext;C:\WINDOWS\Sun\Java\lib\ext"/>
    <property name="sun.boot.class.path" value="C:\Program Files\Java\jdk1.8.0_361\jre\lib\resources.jar;C:\Program Files\Java\jdk1.8.0_361\jre\lib\rt.jar;C:\Program Files\Java\jdk1.8.0_361\jre\lib\jsse.jar;C:\Program Files\Java\jdk1.8.0_361\jre\lib\jce.jar;C:\Program Files\Java\jdk1.8.0_361\jre\lib\charsets.jar;C:\Program Files\Java\jdk1.8.0_361\jre\lib\jfr.jar;C:\Program Files\Java\jdk1.8.0_361\jre\classes"/>
    <property name="java.vendor" value="Oracle Corporation"/>
    <property name="java.specification.maintenance.version" value="4"/>
    <property name="maven.home" value="C:\Program Files\JetBrains\IntelliJ IDEA Community Edition 2022.3.2\plugins\maven\lib\maven3"/>
    <property name="file.separator" value="\"/>
    <property name="java.vendor.url.bug" value="http://bugreport.sun.com/bugreport/"/>
    <property name="sun.cpu.endian" value="little"/>
    <property name="sun.io.unicode.encoding" value="UnicodeLittle"/>
    <property name="sun.desktop" value="windows"/>
    <property name="sun.cpu.isalist" value="amd64"/>
  </properties>
  <testcase classname="scripts._01_GoogleTest" name="validateNavigation" time="11.09"/>
  <testcase classname="scripts._01_GoogleTest" name="validateSearchButton" time="0.204"/>
  <testcase classname="scripts._01_GoogleTest" name="validateTitleAndURL" time="0.048"/>
  <testcase classname="scripts._01_GoogleTest" name="validateSearchBar" time="0.066"/>
  <testcase classname="scripts._01_ProjectTest" name="validateAddress" time="0.255"/>
  <testcase classname="scripts._01_ProjectTest" name="validateConsentCheckBox" time="0.369"/>
  <testcase classname="scripts._01_ProjectTest" name="validateContactUsInfo" time="0.293"/>
  <testcase classname="scripts._01_ProjectTest" name="validateEmail" time="0.209"/>
  <testcase classname="scripts._01_ProjectTest" name="validateFullNameInputBox" time="0.249"/>
  <testcase classname="scripts._01_ProjectTest" name="validateGenderRadioButton" time="8.519"/>
  <testcase classname="scripts._01_ProjectTest" name="validateMessage" time="0.214"/>
  <testcase classname="scripts._01_ProjectTest" name="validatePhone" time="0.228"/>
  <testcase classname="scripts._01_ProjectTest" name="validatesubmission" time="0.18"/>
  <testcase classname="scripts._01_ProjectTest" name="validateTheFormSubmission" time="31.5"/>
  <testcase classname="scripts._02_AppleTest" name="validateTitleAndURL" time="0.077"/>
  <testcase classname="scripts._03_TGLocatorsTest" name="validateKiwiParagraph" time="0.072"/>
  <testcase classname="scripts._03_TGLocatorsTest" name="validateOrangeParagraph" time="0.298"/>
  <testcase classname="scripts._03_TGLocatorsTest" name="validateGrapesParagraph" time="0.266"/>
  <testcase classname="scripts._03_TGLocatorsTest" name="validateAllParagraphs" time="0.25"/>
  <testcase classname="scripts._03_TGLocatorsTest" name="validateRedAppleLink" time="0.407"/>
  <testcase classname="scripts._03_TGLocatorsTest" name="validateAllLinks" time="0.538"/>
  <testcase classname="scripts._04_TGLocatorsTest" name="validateAutomationTools" time="0.425"/>
  <testcase classname="scripts._04_TGLocatorsTest" name="validateLanguages" time="0.794"/>
  <testcase classname="scripts._04_TGLocatorsTest" name="validateListHeaders" time="0.199"/>
  <testcase classname="scripts._04_TGLocatorsTest" name="validateTheHeader" time="0.075"/>
  <testcase classname="scripts._05_FacebookTest" name="validateFacebookInvalidLoginAttempt" time="1.126">
    <failure message="expected [The email you entered isn&apos;t connected to an account. Find your account and log in.] but found [The email you entered isn’t connected to an account. Find your account and log in.]" type="java.lang.AssertionError">java.lang.AssertionError: expected [The email you entered isn&apos;t connected to an account. Find your account and log in.] but found [The email you entered isn’t connected to an account. Find your account and log in.]
	at org.testng.Assert.fail(Assert.java:97)
	at org.testng.Assert.assertEqualsImpl(Assert.java:136)
	at org.testng.Assert.assertEquals(Assert.java:118)
	at org.testng.Assert.assertEquals(Assert.java:575)
	at org.testng.Assert.assertEquals(Assert.java:585)
	at scripts._05_FacebookTest.validateFacebookInvalidLoginAttempt(_05_FacebookTest.java:93)
</failure>
    <system-err>Starting ChromeDriver 114.0.5735.90 (386bc09e8f4f2e025eddae123f36f6263096ae49-refs/branch-heads/5735@{#1052}) on port 63107
Only local connections are allowed.
Please see https://chromedriver.chromium.org/security-considerations for suggestions on keeping ChromeDriver safe.
ChromeDriver was started successfully.
Jun 04, 2023 1:06:58 PM org.openqa.selenium.remote.ProtocolHandshake createSession
INFO: Detected dialect: W3C
</system-err>
  </testcase>
  <testcase classname="scripts._05_FacebookTest" name="validateFacebookLoginForm" time="0.427"/>
  <testcase classname="scripts._06_WikiTest" name="validateWikiSearch1" time="1.682"/>
  <testcase classname="scripts._06_WikiTest" name="validateWikiSearch2" time="1.221"/>
  <testcase classname="scripts._07_TGDynamicElementsTest" name="validateDynamicElementBothBoxes" time="0.154"/>
  <testcase classname="scripts._07_TGDynamicElementsTest" name="validateDynamicElementBox1" time="0.069"/>
  <testcase classname="scripts._07_TGDynamicElementsTest" name="validateDynamicElementBox2" time="0.073"/>
  <testcase classname="scripts._08_TGWaitsTest" name="validateRedBox" time="10.102"/>
  <testcase classname="scripts._08_TGWaitsTest" name="waitForBlueBox" time="30.079">
    <failure message="no such element: Unable to locate element: {&quot;method&quot;:&quot;css selector&quot;,&quot;selector&quot;:&quot;button[class*=&apos;blue_box&apos;]&quot;}
  (Session info: chrome=114.0.5735.90)
For documentation on this error, please visit: https://www.seleniumhq.org/exceptions/no_such_element.html
Build info: version: &apos;3.141.59&apos;, revision: &apos;e82be7d358&apos;, time: &apos;2018-11-14T08:17:03&apos;
System info: host: &apos;LAPTOP-CF98PN2R&apos;, ip: &apos;192.168.1.70&apos;, os.name: &apos;Windows 11&apos;, os.arch: &apos;amd64&apos;, os.version: &apos;10.0&apos;, java.version: &apos;1.8.0_361&apos;
Driver info: org.openqa.selenium.chrome.ChromeDriver
Capabilities {acceptInsecureCerts: false, browserName: chrome, browserVersion: 114.0.5735.90, chrome: {chromedriverVersion: 114.0.5735.90 (386bc09e8f4f..., userDataDir: C:\Users\CIHANA~1\AppData\L...}, goog:chromeOptions: {debuggerAddress: localhost:50102}, javascriptEnabled: true, networkConnectionEnabled: false, pageLoadStrategy: normal, platform: WINDOWS, platformName: WINDOWS, proxy: Proxy(), setWindowRect: true, strictFileInteractability: false, timeouts: {implicit: 0, pageLoad: 300000, script: 30000}, unhandledPromptBehavior: dismiss and notify, webauthn:extension:credBlob: true, webauthn:extension:largeBlob: true, webauthn:extension:minPinLength: true, webauthn:extension:prf: true, webauthn:virtualAuthenticators: true}
Session ID: 7b52d8e65587b6563bd377860022efc2
*** Element info: {Using=css selector, value=button[class*=&apos;blue_box&apos;]}" type="org.openqa.selenium.NoSuchElementException">org.openqa.selenium.NoSuchElementException: no such element: Unable to locate element: {&quot;method&quot;:&quot;css selector&quot;,&quot;selector&quot;:&quot;button[class*=&apos;blue_box&apos;]&quot;}
  (Session info: chrome=114.0.5735.90)
For documentation on this error, please visit: https://www.seleniumhq.org/exceptions/no_such_element.html
Build info: version: &apos;3.141.59&apos;, revision: &apos;e82be7d358&apos;, time: &apos;2018-11-14T08:17:03&apos;
System info: host: &apos;LAPTOP-CF98PN2R&apos;, ip: &apos;192.168.1.70&apos;, os.name: &apos;Windows 11&apos;, os.arch: &apos;amd64&apos;, os.version: &apos;10.0&apos;, java.version: &apos;1.8.0_361&apos;
Driver info: org.openqa.selenium.chrome.ChromeDriver
Capabilities {acceptInsecureCerts: false, browserName: chrome, browserVersion: 114.0.5735.90, chrome: {chromedriverVersion: 114.0.5735.90 (386bc09e8f4f..., userDataDir: C:\Users\CIHANA~1\AppData\L...}, goog:chromeOptions: {debuggerAddress: localhost:50102}, javascriptEnabled: true, networkConnectionEnabled: false, pageLoadStrategy: normal, platform: WINDOWS, platformName: WINDOWS, proxy: Proxy(), setWindowRect: true, strictFileInteractability: false, timeouts: {implicit: 0, pageLoad: 300000, script: 30000}, unhandledPromptBehavior: dismiss and notify, webauthn:extension:credBlob: true, webauthn:extension:largeBlob: true, webauthn:extension:minPinLength: true, webauthn:extension:prf: true, webauthn:virtualAuthenticators: true}
Session ID: 7b52d8e65587b6563bd377860022efc2
*** Element info: {Using=css selector, value=button[class*=&apos;blue_box&apos;]}
	at sun.reflect.NativeConstructorAccessorImpl.newInstance0(Native Method)
	at sun.reflect.NativeConstructorAccessorImpl.newInstance(NativeConstructorAccessorImpl.java:62)
	at sun.reflect.DelegatingConstructorAccessorImpl.newInstance(DelegatingConstructorAccessorImpl.java:45)
	at java.lang.reflect.Constructor.newInstance(Constructor.java:423)
	at org.openqa.selenium.remote.http.W3CHttpResponseCodec.createException(W3CHttpResponseCodec.java:187)
	at org.openqa.selenium.remote.http.W3CHttpResponseCodec.decode(W3CHttpResponseCodec.java:122)
	at org.openqa.selenium.remote.http.W3CHttpResponseCodec.decode(W3CHttpResponseCodec.java:49)
	at org.openqa.selenium.remote.HttpCommandExecutor.execute(HttpCommandExecutor.java:158)
	at org.openqa.selenium.remote.service.DriverCommandExecutor.execute(DriverCommandExecutor.java:83)
	at org.openqa.selenium.remote.RemoteWebDriver.execute(RemoteWebDriver.java:552)
	at org.openqa.selenium.remote.RemoteWebDriver.findElement(RemoteWebDriver.java:323)
	at org.openqa.selenium.remote.RemoteWebDriver.findElementByCssSelector(RemoteWebDriver.java:420)
	at org.openqa.selenium.By$ByCssSelector.findElement(By.java:431)
	at org.openqa.selenium.remote.RemoteWebDriver.findElement(RemoteWebDriver.java:315)
	at scripts._08_TGWaitsTest.waitForBlueBox(_08_TGWaitsTest.java:43)
</failure>
    <system-err>Starting ChromeDriver 114.0.5735.90 (386bc09e8f4f2e025eddae123f36f6263096ae49-refs/branch-heads/5735@{#1052}) on port 49845
Only local connections are allowed.
Please see https://chromedriver.chromium.org/security-considerations for suggestions on keeping ChromeDriver safe.
ChromeDriver was started successfully.
Jun 04, 2023 1:07:44 PM org.openqa.selenium.remote.ProtocolHandshake createSession
INFO: Detected dialect: W3C
</system-err>
  </testcase>
  <testcase classname="scripts._09_TGCheckboxTest" name="checkboxTest" time="0.271"/>
  <testcase classname="scripts._09_TGCheckboxTest" name="checkboxTest2" time="0.254"/>
  <testcase classname="scripts._10_TGRadioButtonsTest" name="radioButtonsTest" time="0.231"/>
  <testcase classname="scripts._10_TGRadioButtonsTest" name="validatePracticeMore" time="0.327"/>
  <testcase classname="scripts._11_TGDropdownsTest" name="dropdownTestCase" time="0.414"/>
  <testcase classname="scripts._11_TGDropdownsTest" name="productColorTest" time="0.11"/>
  <testcase classname="scripts._11_TGDropdownsTest" name="productDeliveryTest" time="30.136"/>
  <testcase classname="scripts._11_TGDropdownsTest" name="productDropdownTest" time="0.256"/>
  <testcase classname="scripts._12_TGAlertsTest" name="confirmationAlert" time="0.188"/>
  <testcase classname="scripts._12_TGAlertsTest" name="warningAlert" time="0.23"/>
  <testcase classname="scripts._13_IFrameTest" name="validateTheParagraph" time="0.261"/>
  <testcase classname="scripts._13_IFrameTest" name="validateTheFormSubmission" time="1.28"/>
  <testcase classname="scripts._14_MultipleWindowsTest" name="validateTheAppleNavigation" time="2.582"/>
  <testcase classname="scripts._14_MultipleWindowsTest" name="validateTheMicrosoftNavigation" time="2.188"/>
  <testcase classname="scripts._14_MultipleWindowsTest" name="validateTheTeslaNavigation" time="2.84"/>
  <testcase classname="scripts._14_MultipleWindowsTest" name="validateTheLinkURLs" time="12.132"/>
  <testcase classname="scripts._17_TGStaticTableTest" name="validateEachCell" time="0.231"/>
  <testcase classname="scripts._17_TGStaticTableTest" name="validateFirstRow" time="0.092"/>
  <testcase classname="scripts._17_TGStaticTableTest" name="validateLastColumn" time="0.094"/>
  <testcase classname="scripts._17_TGStaticTableTest" name="validateTableHeader" time="0.066"/>
  <testcase classname="scripts._18_TGSortableTableTest" name="validateAscByPrice" time="2.143">
    <failure message="expected [true] but found [false]" type="java.lang.AssertionError">java.lang.AssertionError: expected [true] but found [false]
	at org.testng.Assert.fail(Assert.java:97)
	at org.testng.Assert.failNotEquals(Assert.java:969)
	at org.testng.Assert.assertTrue(Assert.java:43)
	at org.testng.Assert.assertTrue(Assert.java:53)
	at scripts._18_TGSortableTableTest.validateAscByPrice(_18_TGSortableTableTest.java:97)
</failure>
    <system-err>Starting ChromeDriver 114.0.5735.90 (386bc09e8f4f2e025eddae123f36f6263096ae49-refs/branch-heads/5735@{#1052}) on port 11626
Only local connections are allowed.
Please see https://chromedriver.chromium.org/security-considerations for suggestions on keeping ChromeDriver safe.
ChromeDriver was started successfully.
Jun 04, 2023 1:10:28 PM org.openqa.selenium.remote.ProtocolHandshake createSession
INFO: Detected dialect: W3C
</system-err>
  </testcase>
  <testcase classname="scripts._18_TGSortableTableTest" name="validateSortAscByQuantity" time="2.112"/>
  <testcase classname="scripts._18_TGSortableTableTest" name="validateSortDescByQuantity" time="2.126"/>
</testsuite>