<?xml version="1.0" encoding="UTF-8"?>
<!-- Generated by org.testng.reporters.JUnitXMLReporter -->
<testsuite hostname="LAPTOP-CF98PN2R" ignored="19" name="/Users/akinkaya/IdeaProjects/ui_automation_6/src/test/java/scripts" tests="41" failures="3" timestamp="2023-06-05T18:54:38 MDT" time="273.672" errors="0">
  <testcase name="validateEachCell" time="0.311" classname="scripts._17_TGStaticTableTest"/>
  <testcase name="validateFirstRow" time="0.054" classname="scripts._17_TGStaticTableTest"/>
  <testcase name="validateLastColumn" time="0.122" classname="scripts._17_TGStaticTableTest"/>
  <testcase name="validateNavigation" time="10.693" classname="scripts._01_GoogleTest"/>
  <testcase name="validateSearchButton" time="0.105" classname="scripts._01_GoogleTest"/>
  <testcase name="validateTableHeader" time="0.06" classname="scripts._17_TGStaticTableTest"/>
  <testcase name="validateSortAscByQuantity" time="2.094" classname="scripts._18_TGSortableTableTest"/>
  <testcase name="validateTitleAndURL" time="0.015" classname="scripts._01_GoogleTest"/>
  <testcase name="validateTheFormSubmission" time="31.305" classname="scripts._01_ProjectTest"/>
  <testcase name="validateTitleAndURL" time="0.027" classname="scripts._02_AppleTest"/>
  <testcase name="validateKiwiParagraph" time="0.12" classname="scripts._03_TGLocatorsTest"/>
  <testcase name="validateOrangeParagraph" time="0.206" classname="scripts._03_TGLocatorsTest"/>
  <testcase name="validateGrapesParagraph" time="0.118" classname="scripts._03_TGLocatorsTest"/>
  <testcase name="validateRedAppleLink" time="0.124" classname="scripts._03_TGLocatorsTest"/>
  <testcase name="validateAllLinks" time="0.245" classname="scripts._03_TGLocatorsTest"/>
  <testcase name="validateAutomationTools" time="0.123" classname="scripts._04_TGLocatorsTest"/>
  <testcase name="validateLanguages" time="0.135" classname="scripts._04_TGLocatorsTest"/>
  <testcase name="validateListHeaders" time="0.101" classname="scripts._04_TGLocatorsTest"/>
  <testcase name="validateTheHeader" time="0.07" classname="scripts._04_TGLocatorsTest"/>
  <testcase name="validateFacebookInvalidLoginAttempt" time="0.964" classname="scripts._05_FacebookTest">
    <failure type="java.lang.AssertionError" message="expected [The email you entered isn&amp;apos;t connected to an account. Find your account and log in.] but found [The email you entered isn’t connected to an account. Find your account and log in.]">
      <![CDATA[java.lang.AssertionError: expected [The email you entered isn't connected to an account. Find your account and log in.] but found [The email you entered isn’t connected to an account. Find your account and log in.]
at org.testng.Assert.fail(Assert.java:97)
at org.testng.Assert.assertEqualsImpl(Assert.java:136)
at org.testng.Assert.assertEquals(Assert.java:118)
at org.testng.Assert.assertEquals(Assert.java:575)
at org.testng.Assert.assertEquals(Assert.java:585)
at scripts._05_FacebookTest.validateFacebookInvalidLoginAttempt(_05_FacebookTest.java:93)
at sun.reflect.NativeMethodAccessorImpl.invoke0(Native Method)
at sun.reflect.NativeMethodAccessorImpl.invoke(NativeMethodAccessorImpl.java:62)
at sun.reflect.DelegatingMethodAccessorImpl.invoke(DelegatingMethodAccessorImpl.java:43)
at java.lang.reflect.Method.invoke(Method.java:498)
at org.testng.internal.MethodInvocationHelper.invokeMethod(MethodInvocationHelper.java:134)
at org.testng.internal.TestInvoker.invokeMethod(TestInvoker.java:597)
at org.testng.internal.TestInvoker.invokeTestMethod(TestInvoker.java:173)
at org.testng.internal.MethodRunner.runInSequence(MethodRunner.java:46)
at org.testng.internal.TestInvoker$MethodInvocationAgent.invoke(TestInvoker.java:816)
at org.testng.internal.TestInvoker.invokeTestMethods(TestInvoker.java:146)
at org.testng.internal.TestMethodWorker.invokeTestMethods(TestMethodWorker.java:146)
at org.testng.internal.TestMethodWorker.run(TestMethodWorker.java:128)
at java.util.ArrayList.forEach(ArrayList.java:1259)
at org.testng.TestRunner.privateRun(TestRunner.java:766)
at org.testng.TestRunner.run(TestRunner.java:587)
at org.testng.SuiteRunner.runTest(SuiteRunner.java:384)
at org.testng.SuiteRunner.runSequentially(SuiteRunner.java:378)
at org.testng.SuiteRunner.privateRun(SuiteRunner.java:337)
at org.testng.SuiteRunner.run(SuiteRunner.java:286)
at org.testng.SuiteRunnerWorker.runSuite(SuiteRunnerWorker.java:53)
at org.testng.SuiteRunnerWorker.run(SuiteRunnerWorker.java:96)
at org.testng.TestNG.runSuitesSequentially(TestNG.java:1187)
at org.testng.TestNG.runSuitesLocally(TestNG.java:1109)
at org.testng.TestNG.runSuites(TestNG.java:1039)
at org.testng.TestNG.run(TestNG.java:1007)
at org.apache.maven.surefire.testng.TestNGExecutor.run(TestNGExecutor.java:281)
at org.apache.maven.surefire.testng.TestNGXmlTestSuite.execute(TestNGXmlTestSuite.java:75)
at org.apache.maven.surefire.testng.TestNGProvider.invoke(TestNGProvider.java:121)
at org.apache.maven.surefire.booter.ForkedBooter.invokeProviderInSameClassLoader(ForkedBooter.java:290)
at org.apache.maven.surefire.booter.ForkedBooter.runSuitesInProcess(ForkedBooter.java:242)
at org.apache.maven.surefire.booter.ForkedBooter.main(ForkedBooter.java:121)
]]>
    </failure>
  </testcase> <!-- validateFacebookInvalidLoginAttempt -->
  <testcase name="validateWikiSearch2" time="1.061" classname="scripts._06_WikiTest"/>
  <testcase name="validateDynamicElementBox1" time="0.071" classname="scripts._07_TGDynamicElementsTest"/>
  <testcase name="validateDynamicElementBox2" time="0.066" classname="scripts._07_TGDynamicElementsTest"/>
  <testcase name="waitForBlueBox" time="30.147" classname="scripts._08_TGWaitsTest">
    <failure type="org.openqa.selenium.NoSuchElementException" message="no such element: Unable to locate element: {&amp;quot;method&amp;quot;:&amp;quot;css selector&amp;quot;,&amp;quot;selector&amp;quot;:&amp;quot;button[class*=&amp;apos;blue_box&amp;apos;]&amp;quot;}
  (Session info: chrome=114.0.5735.90)
For documentation on this error, please visit: https://www.seleniumhq.org/exceptions/no_such_element.html
Build info: version: &amp;apos;3.141.59&amp;apos;, revision: &amp;apos;e82be7d358&amp;apos;, time: &amp;apos;2018-11-14T08:17:03&amp;apos;
System info: host: &amp;apos;LAPTOP-CF98PN2R&amp;apos;, ip: &amp;apos;192.168.1.70&amp;apos;, os.name: &amp;apos;Windows 11&amp;apos;, os.arch: &amp;apos;amd64&amp;apos;, os.version: &amp;apos;10.0&amp;apos;, java.version: &amp;apos;1.8.0_361&amp;apos;
Driver info: org.openqa.selenium.chrome.ChromeDriver
Capabilities {acceptInsecureCerts: false, browserName: chrome, browserVersion: 114.0.5735.90, chrome: {chromedriverVersion: 114.0.5735.90 (386bc09e8f4f..., userDataDir: C:\Users\CIHANA~1\AppData\L...}, goog:chromeOptions: {debuggerAddress: localhost:65525}, javascriptEnabled: true, networkConnectionEnabled: false, pageLoadStrategy: normal, platform: WINDOWS, platformName: WINDOWS, proxy: Proxy(), setWindowRect: true, strictFileInteractability: false, timeouts: {implicit: 0, pageLoad: 300000, script: 30000}, unhandledPromptBehavior: dismiss and notify, webauthn:extension:credBlob: true, webauthn:extension:largeBlob: true, webauthn:extension:minPinLength: true, webauthn:extension:prf: true, webauthn:virtualAuthenticators: true}
Session ID: 8aa85994d413dd93d8a3b5087db24350
*** Element info: {Using=css selector, value=button[class*=&amp;apos;blue_box&amp;apos;]}">
      <![CDATA[org.openqa.selenium.NoSuchElementException: no such element: Unable to locate element: {"method":"css selector","selector":"button[class*='blue_box']"}
  (Session info: chrome=114.0.5735.90)
For documentation on this error, please visit: https://www.seleniumhq.org/exceptions/no_such_element.html
Build info: version: '3.141.59', revision: 'e82be7d358', time: '2018-11-14T08:17:03'
System info: host: 'LAPTOP-CF98PN2R', ip: '192.168.1.70', os.name: 'Windows 11', os.arch: 'amd64', os.version: '10.0', java.version: '1.8.0_361'
Driver info: org.openqa.selenium.chrome.ChromeDriver
Capabilities {acceptInsecureCerts: false, browserName: chrome, browserVersion: 114.0.5735.90, chrome: {chromedriverVersion: 114.0.5735.90 (386bc09e8f4f..., userDataDir: C:\Users\CIHANA~1\AppData\L...}, goog:chromeOptions: {debuggerAddress: localhost:65525}, javascriptEnabled: true, networkConnectionEnabled: false, pageLoadStrategy: normal, platform: WINDOWS, platformName: WINDOWS, proxy: Proxy(), setWindowRect: true, strictFileInteractability: false, timeouts: {implicit: 0, pageLoad: 300000, script: 30000}, unhandledPromptBehavior: dismiss and notify, webauthn:extension:credBlob: true, webauthn:extension:largeBlob: true, webauthn:extension:minPinLength: true, webauthn:extension:prf: true, webauthn:virtualAuthenticators: true}
Session ID: 8aa85994d413dd93d8a3b5087db24350
*** Element info: {Using=css selector, value=button[class*='blue_box']}
at sun.reflect.NativeConstructorAccessorImpl.newInstance0(Native Method)
at sun.reflect.NativeConstructorAccessorImpl.newInstance(NativeConstructorAccessorImpl.java:62)
at sun.reflect.DelegatingConstructorAccessorImpl.newInstance(DelegatingConstructorAccessorImpl.java:45)
at java.lang.reflect.Constructor.newInstance(Constructor.java:423)
at org.openqa.selenium.remote.http.W3CHttpResponseCodec.createException(W3CHttpResponseCodec.java:187)
at org.openqa.selenium.remote.http.W3CHttpResponseCodec.decode(W3CHttpResponseCodec.java:122)
at org.openqa.selenium.remote.http.W3CHttpResponseCodec.decode(W3CHttpResponseCodec.java:49)
at org.openqa.selenium.remote.HttpCommandExecutor.execute(HttpCommandExecutor.java:158)
at org.openqa.selenium.remote.service.DriverCommandExecutor.execute(DriverCommandExecutor.java:83)
at org.openqa.selenium.remote.RemoteWebDriver.execute(RemoteWebDriver.java:552)
at org.openqa.selenium.remote.RemoteWebDriver.findElement(RemoteWebDriver.java:323)
at org.openqa.selenium.remote.RemoteWebDriver.findElementByCssSelector(RemoteWebDriver.java:420)
at org.openqa.selenium.By$ByCssSelector.findElement(By.java:431)
at org.openqa.selenium.remote.RemoteWebDriver.findElement(RemoteWebDriver.java:315)
at scripts._08_TGWaitsTest.waitForBlueBox(_08_TGWaitsTest.java:43)
at sun.reflect.NativeMethodAccessorImpl.invoke0(Native Method)
at sun.reflect.NativeMethodAccessorImpl.invoke(NativeMethodAccessorImpl.java:62)
at sun.reflect.DelegatingMethodAccessorImpl.invoke(DelegatingMethodAccessorImpl.java:43)
at java.lang.reflect.Method.invoke(Method.java:498)
at org.testng.internal.MethodInvocationHelper.invokeMethod(MethodInvocationHelper.java:134)
at org.testng.internal.TestInvoker.invokeMethod(TestInvoker.java:597)
at org.testng.internal.TestInvoker.invokeTestMethod(TestInvoker.java:173)
at org.testng.internal.MethodRunner.runInSequence(MethodRunner.java:46)
at org.testng.internal.TestInvoker$MethodInvocationAgent.invoke(TestInvoker.java:816)
at org.testng.internal.TestInvoker.invokeTestMethods(TestInvoker.java:146)
at org.testng.internal.TestMethodWorker.invokeTestMethods(TestMethodWorker.java:146)
at org.testng.internal.TestMethodWorker.run(TestMethodWorker.java:128)
at java.util.ArrayList.forEach(ArrayList.java:1259)
at org.testng.TestRunner.privateRun(TestRunner.java:766)
at org.testng.TestRunner.run(TestRunner.java:587)
at org.testng.SuiteRunner.runTest(SuiteRunner.java:384)
at org.testng.SuiteRunner.runSequentially(SuiteRunner.java:378)
at org.testng.SuiteRunner.privateRun(SuiteRunner.java:337)
at org.testng.SuiteRunner.run(SuiteRunner.java:286)
at org.testng.SuiteRunnerWorker.runSuite(SuiteRunnerWorker.java:53)
at org.testng.SuiteRunnerWorker.run(SuiteRunnerWorker.java:96)
at org.testng.TestNG.runSuitesSequentially(TestNG.java:1187)
at org.testng.TestNG.runSuitesLocally(TestNG.java:1109)
at org.testng.TestNG.runSuites(TestNG.java:1039)
at org.testng.TestNG.run(TestNG.java:1007)
at org.apache.maven.surefire.testng.TestNGExecutor.run(TestNGExecutor.java:281)
at org.apache.maven.surefire.testng.TestNGXmlTestSuite.execute(TestNGXmlTestSuite.java:75)
at org.apache.maven.surefire.testng.TestNGProvider.invoke(TestNGProvider.java:121)
at org.apache.maven.surefire.booter.ForkedBooter.invokeProviderInSameClassLoader(ForkedBooter.java:290)
at org.apache.maven.surefire.booter.ForkedBooter.runSuitesInProcess(ForkedBooter.java:242)
at org.apache.maven.surefire.booter.ForkedBooter.main(ForkedBooter.java:121)
]]>
    </failure>
  </testcase> <!-- waitForBlueBox -->
  <testcase name="checkboxTest" time="0.297" classname="scripts._09_TGCheckboxTest"/>
  <testcase name="checkboxTest2" time="0.283" classname="scripts._09_TGCheckboxTest"/>
  <testcase name="radioButtonsTest" time="0.273" classname="scripts._10_TGRadioButtonsTest"/>
  <testcase name="validatePracticeMore" time="0.26" classname="scripts._10_TGRadioButtonsTest"/>
  <testcase name="dropdownTestCase" time="0.407" classname="scripts._11_TGDropdownsTest"/>
  <testcase name="productColorTest" time="0.167" classname="scripts._11_TGDropdownsTest"/>
  <testcase name="productDeliveryTest" time="30.107" classname="scripts._11_TGDropdownsTest"/>
  <testcase name="productDropdownTest" time="0.096" classname="scripts._11_TGDropdownsTest"/>
  <testcase name="confirmationAlert" time="0.18" classname="scripts._12_TGAlertsTest"/>
  <testcase name="warningAlert" time="0.127" classname="scripts._12_TGAlertsTest"/>
  <testcase name="validateTheParagraph" time="0.156" classname="scripts._13_IFrameTest"/>
  <testcase name="validateTheFormSubmission" time="0.44" classname="scripts._13_IFrameTest"/>
  <testcase name="validateTheAppleNavigation" time="0.891" classname="scripts._14_MultipleWindowsTest"/>
  <testcase name="validateTheMicrosoftNavigation" time="1.939" classname="scripts._14_MultipleWindowsTest"/>
  <testcase name="validateTheTeslaNavigation" time="2.077" classname="scripts._14_MultipleWindowsTest"/>
  <testcase name="validateTheLinkURLs" time="12.995" classname="scripts._14_MultipleWindowsTest"/>
  <testcase name="basicFileUpload" time="0.063" classname="scripts._15_TGFileUpload">
    <failure type="org.openqa.selenium.InvalidArgumentException" message="invalid argument: File not found : /Users/buraksimsek/IdeaProjects/ui_automation_6/hello.txt
  (Session info: chrome=114.0.5735.90)
Build info: version: &amp;apos;3.141.59&amp;apos;, revision: &amp;apos;e82be7d358&amp;apos;, time: &amp;apos;2018-11-14T08:17:03&amp;apos;
System info: host: &amp;apos;LAPTOP-CF98PN2R&amp;apos;, ip: &amp;apos;192.168.1.70&amp;apos;, os.name: &amp;apos;Windows 11&amp;apos;, os.arch: &amp;apos;amd64&amp;apos;, os.version: &amp;apos;10.0&amp;apos;, java.version: &amp;apos;1.8.0_361&amp;apos;
Driver info: org.openqa.selenium.chrome.ChromeDriver
Capabilities {acceptInsecureCerts: false, browserName: chrome, browserVersion: 114.0.5735.90, chrome: {chromedriverVersion: 114.0.5735.90 (386bc09e8f4f..., userDataDir: C:\Users\CIHANA~1\AppData\L...}, goog:chromeOptions: {debuggerAddress: localhost:50302}, javascriptEnabled: true, networkConnectionEnabled: false, pageLoadStrategy: normal, platform: WINDOWS, platformName: WINDOWS, proxy: Proxy(), setWindowRect: true, strictFileInteractability: false, timeouts: {implicit: 0, pageLoad: 300000, script: 30000}, unhandledPromptBehavior: dismiss and notify, webauthn:extension:credBlob: true, webauthn:extension:largeBlob: true, webauthn:extension:minPinLength: true, webauthn:extension:prf: true, webauthn:virtualAuthenticators: true}
Session ID: bfeb6f7ed2fd4e5b953a2299474d354c">
      <![CDATA[org.openqa.selenium.InvalidArgumentException: invalid argument: File not found : /Users/buraksimsek/IdeaProjects/ui_automation_6/hello.txt
  (Session info: chrome=114.0.5735.90)
Build info: version: '3.141.59', revision: 'e82be7d358', time: '2018-11-14T08:17:03'
System info: host: 'LAPTOP-CF98PN2R', ip: '192.168.1.70', os.name: 'Windows 11', os.arch: 'amd64', os.version: '10.0', java.version: '1.8.0_361'
Driver info: org.openqa.selenium.chrome.ChromeDriver
Capabilities {acceptInsecureCerts: false, browserName: chrome, browserVersion: 114.0.5735.90, chrome: {chromedriverVersion: 114.0.5735.90 (386bc09e8f4f..., userDataDir: C:\Users\CIHANA~1\AppData\L...}, goog:chromeOptions: {debuggerAddress: localhost:50302}, javascriptEnabled: true, networkConnectionEnabled: false, pageLoadStrategy: normal, platform: WINDOWS, platformName: WINDOWS, proxy: Proxy(), setWindowRect: true, strictFileInteractability: false, timeouts: {implicit: 0, pageLoad: 300000, script: 30000}, unhandledPromptBehavior: dismiss and notify, webauthn:extension:credBlob: true, webauthn:extension:largeBlob: true, webauthn:extension:minPinLength: true, webauthn:extension:prf: true, webauthn:virtualAuthenticators: true}
Session ID: bfeb6f7ed2fd4e5b953a2299474d354c
at sun.reflect.NativeConstructorAccessorImpl.newInstance0(Native Method)
at sun.reflect.NativeConstructorAccessorImpl.newInstance(NativeConstructorAccessorImpl.java:62)
at sun.reflect.DelegatingConstructorAccessorImpl.newInstance(DelegatingConstructorAccessorImpl.java:45)
at java.lang.reflect.Constructor.newInstance(Constructor.java:423)
at org.openqa.selenium.remote.http.W3CHttpResponseCodec.createException(W3CHttpResponseCodec.java:187)
at org.openqa.selenium.remote.http.W3CHttpResponseCodec.decode(W3CHttpResponseCodec.java:122)
at org.openqa.selenium.remote.http.W3CHttpResponseCodec.decode(W3CHttpResponseCodec.java:49)
at org.openqa.selenium.remote.HttpCommandExecutor.execute(HttpCommandExecutor.java:158)
at org.openqa.selenium.remote.service.DriverCommandExecutor.execute(DriverCommandExecutor.java:83)
at org.openqa.selenium.remote.RemoteWebDriver.execute(RemoteWebDriver.java:552)
at org.openqa.selenium.remote.RemoteWebElement.execute(RemoteWebElement.java:285)
at org.openqa.selenium.remote.RemoteWebElement.sendKeys(RemoteWebElement.java:106)
at scripts._15_TGFileUpload.basicFileUpload(_15_TGFileUpload.java:37)
at sun.reflect.NativeMethodAccessorImpl.invoke0(Native Method)
at sun.reflect.NativeMethodAccessorImpl.invoke(NativeMethodAccessorImpl.java:62)
at sun.reflect.DelegatingMethodAccessorImpl.invoke(DelegatingMethodAccessorImpl.java:43)
at java.lang.reflect.Method.invoke(Method.java:498)
at org.testng.internal.MethodInvocationHelper.invokeMethod(MethodInvocationHelper.java:134)
at org.testng.internal.TestInvoker.invokeMethod(TestInvoker.java:597)
at org.testng.internal.TestInvoker.invokeTestMethod(TestInvoker.java:173)
at org.testng.internal.MethodRunner.runInSequence(MethodRunner.java:46)
at org.testng.internal.TestInvoker$MethodInvocationAgent.invoke(TestInvoker.java:816)
at org.testng.internal.TestInvoker.invokeTestMethods(TestInvoker.java:146)
at org.testng.internal.TestMethodWorker.invokeTestMethods(TestMethodWorker.java:146)
at org.testng.internal.TestMethodWorker.run(TestMethodWorker.java:128)
at java.util.ArrayList.forEach(ArrayList.java:1259)
at org.testng.TestRunner.privateRun(TestRunner.java:766)
at org.testng.TestRunner.run(TestRunner.java:587)
at org.testng.SuiteRunner.runTest(SuiteRunner.java:384)
at org.testng.SuiteRunner.runSequentially(SuiteRunner.java:378)
at org.testng.SuiteRunner.privateRun(SuiteRunner.java:337)
at org.testng.SuiteRunner.run(SuiteRunner.java:286)
at org.testng.SuiteRunnerWorker.runSuite(SuiteRunnerWorker.java:53)
at org.testng.SuiteRunnerWorker.run(SuiteRunnerWorker.java:96)
at org.testng.TestNG.runSuitesSequentially(TestNG.java:1187)
at org.testng.TestNG.runSuitesLocally(TestNG.java:1109)
at org.testng.TestNG.runSuites(TestNG.java:1039)
at org.testng.TestNG.run(TestNG.java:1007)
at org.apache.maven.surefire.testng.TestNGExecutor.run(TestNGExecutor.java:281)
at org.apache.maven.surefire.testng.TestNGXmlTestSuite.execute(TestNGXmlTestSuite.java:75)
at org.apache.maven.surefire.testng.TestNGProvider.invoke(TestNGProvider.java:121)
at org.apache.maven.surefire.booter.ForkedBooter.invokeProviderInSameClassLoader(ForkedBooter.java:290)
at org.apache.maven.surefire.booter.ForkedBooter.runSuitesInProcess(ForkedBooter.java:242)
at org.apache.maven.surefire.booter.ForkedBooter.main(ForkedBooter.java:121)
]]>
    </failure>
  </testcase> <!-- basicFileUpload -->
  <testcase name="validateMessage" time="0.0" classname="scripts._01_ProjectTest">
    <ignored/>
  </testcase> <!-- validateMessage -->
  <testcase name="validateDynamicElementBothBoxes" time="0.0" classname="scripts._07_TGDynamicElementsTest">
    <ignored/>
  </testcase> <!-- validateDynamicElementBothBoxes -->
  <testcase name="validateGenderRadioButton" time="0.0" classname="scripts._01_ProjectTest">
    <ignored/>
  </testcase> <!-- validateGenderRadioButton -->
  <testcase name="validateFacebookLoginForm" time="0.0" classname="scripts._05_FacebookTest">
    <ignored/>
  </testcase> <!-- validateFacebookLoginForm -->
  <testcase name="basicFileDownload" time="0.0" classname="scripts._16_TGFileDownload">
    <ignored/>
  </testcase> <!-- basicFileDownload -->
  <testcase name="validateDescByPrice" time="0.0" classname="scripts._18_TGSortableTableTest">
    <ignored/>
  </testcase> <!-- validateDescByPrice -->
  <testcase name="validateEmail" time="0.0" classname="scripts._01_ProjectTest">
    <ignored/>
  </testcase> <!-- validateEmail -->
  <testcase name="validateSortDescByQuantity" time="0.0" classname="scripts._18_TGSortableTableTest">
    <ignored/>
  </testcase> <!-- validateSortDescByQuantity -->
  <testcase name="validateAscByPrice" time="0.0" classname="scripts._18_TGSortableTableTest">
    <ignored/>
  </testcase> <!-- validateAscByPrice -->
  <testcase name="validateRedBox" time="0.0" classname="scripts._08_TGWaitsTest">
    <ignored/>
  </testcase> <!-- validateRedBox -->
  <testcase name="validatePhone" time="0.0" classname="scripts._01_ProjectTest">
    <ignored/>
  </testcase> <!-- validatePhone -->
  <testcase name="validatesubmission" time="0.0" classname="scripts._01_ProjectTest">
    <ignored/>
  </testcase> <!-- validatesubmission -->
  <testcase name="validateConsentCheckBox" time="0.0" classname="scripts._01_ProjectTest">
    <ignored/>
  </testcase> <!-- validateConsentCheckBox -->
  <testcase name="validateFullNameInputBox" time="0.0" classname="scripts._01_ProjectTest">
    <ignored/>
  </testcase> <!-- validateFullNameInputBox -->
  <testcase name="validateContactUsInfo" time="0.0" classname="scripts._01_ProjectTest">
    <ignored/>
  </testcase> <!-- validateContactUsInfo -->
  <testcase name="validateAddress" time="0.0" classname="scripts._01_ProjectTest">
    <ignored/>
  </testcase> <!-- validateAddress -->
  <testcase name="validateWikiSearch1" time="0.0" classname="scripts._06_WikiTest">
    <ignored/>
  </testcase> <!-- validateWikiSearch1 -->
  <testcase name="validateSearchBar" time="0.0" classname="scripts._01_GoogleTest">
    <ignored/>
  </testcase> <!-- validateSearchBar -->
  <testcase name="validateAllParagraphs" time="0.0" classname="scripts._03_TGLocatorsTest">
    <ignored/>
  </testcase> <!-- validateAllParagraphs -->
</testsuite> <!-- /Users/akinkaya/IdeaProjects/ui_automation_6/src/test/java/scripts -->
